[20/Nov/2017:08:59:51] ENGINE Bus STARTING
[20/Nov/2017:08:59:51] ENGINE Started monitor thread '_TimeoutMonitor'.
[20/Nov/2017:08:59:51] ENGINE Started monitor thread 'Autoreloader'.
[20/Nov/2017:08:59:51] ENGINE Serving on http://0.0.0.0:5011
[20/Nov/2017:08:59:51] ENGINE Bus STARTED
[20/Nov/2017:09:43:55] ENGINE Restarting because /var/web_service/supersmart/smrt_service/db_task.py changed.
[20/Nov/2017:09:43:55] ENGINE Stopped thread 'Autoreloader'.
[20/Nov/2017:09:43:55] ENGINE Bus STOPPING
[20/Nov/2017:09:43:55] ENGINE HTTP Server cherrypy._cpwsgi_server.CPWSGIServer(('0.0.0.0', 5011)) shut down
[20/Nov/2017:09:43:55] ENGINE Stopped thread '_TimeoutMonitor'.
[20/Nov/2017:09:43:55] ENGINE Bus STOPPED
[20/Nov/2017:09:43:55] ENGINE Bus EXITING
[20/Nov/2017:09:43:55] ENGINE Bus EXITED
[20/Nov/2017:09:43:55] ENGINE Waiting for child threads to terminate...
[20/Nov/2017:09:43:55] ENGINE Re-spawning supersmart_service_api.py
[20/Nov/2017:09:43:56] ENGINE Bus STARTING
[20/Nov/2017:09:43:56] ENGINE Started monitor thread '_TimeoutMonitor'.
[20/Nov/2017:09:43:56] ENGINE Started monitor thread 'Autoreloader'.
[20/Nov/2017:09:43:56] ENGINE Serving on http://0.0.0.0:5011
[20/Nov/2017:09:43:56] ENGINE Bus STARTED
[20/Nov/2017:09:47:48] ENGINE Restarting because /var/web_service/supersmart/smrt_service/db_task.py changed.
[20/Nov/2017:09:47:48] ENGINE Stopped thread 'Autoreloader'.
[20/Nov/2017:09:47:48] ENGINE Bus STOPPING
[20/Nov/2017:09:47:48] ENGINE HTTP Server cherrypy._cpwsgi_server.CPWSGIServer(('0.0.0.0', 5011)) shut down
[20/Nov/2017:09:47:48] ENGINE Stopped thread '_TimeoutMonitor'.
[20/Nov/2017:09:47:48] ENGINE Bus STOPPED
[20/Nov/2017:09:47:48] ENGINE Bus EXITING
[20/Nov/2017:09:47:48] ENGINE Bus EXITED
[20/Nov/2017:09:47:48] ENGINE Waiting for child threads to terminate...
[20/Nov/2017:09:47:48] ENGINE Re-spawning supersmart_service_api.py
[20/Nov/2017:09:47:48] ENGINE Bus STARTING
[20/Nov/2017:09:47:48] ENGINE Started monitor thread '_TimeoutMonitor'.
[20/Nov/2017:09:47:48] ENGINE Started monitor thread 'Autoreloader'.
[20/Nov/2017:09:47:49] ENGINE Serving on http://0.0.0.0:5011
[20/Nov/2017:09:47:49] ENGINE Bus STARTED
[20/Nov/2017:09:51:49] ENGINE Restarting because /var/web_service/supersmart/smrt_service/db_task.py changed.
[20/Nov/2017:09:51:49] ENGINE Stopped thread 'Autoreloader'.
[20/Nov/2017:09:51:49] ENGINE Bus STOPPING
[20/Nov/2017:09:51:49] ENGINE HTTP Server cherrypy._cpwsgi_server.CPWSGIServer(('0.0.0.0', 5011)) shut down
[20/Nov/2017:09:51:49] ENGINE Stopped thread '_TimeoutMonitor'.
[20/Nov/2017:09:51:49] ENGINE Bus STOPPED
[20/Nov/2017:09:51:49] ENGINE Bus EXITING
[20/Nov/2017:09:51:49] ENGINE Bus EXITED
[20/Nov/2017:09:51:50] ENGINE Waiting for child threads to terminate...
[20/Nov/2017:09:51:50] ENGINE Re-spawning supersmart_service_api.py
[20/Nov/2017:09:51:50] ENGINE Bus STARTING
[20/Nov/2017:09:51:50] ENGINE Started monitor thread '_TimeoutMonitor'.
[20/Nov/2017:09:51:50] ENGINE Started monitor thread 'Autoreloader'.
[20/Nov/2017:09:51:50] ENGINE Serving on http://0.0.0.0:5011
[20/Nov/2017:09:51:50] ENGINE Bus STARTED
[20/Nov/2017:09:55:24] ENGINE Restarting because /var/web_service/supersmart/smrt_service/tasks.py changed.
[20/Nov/2017:09:55:24] ENGINE Stopped thread 'Autoreloader'.
[20/Nov/2017:09:55:24] ENGINE Bus STOPPING
[20/Nov/2017:09:55:24] ENGINE HTTP Server cherrypy._cpwsgi_server.CPWSGIServer(('0.0.0.0', 5011)) shut down
[20/Nov/2017:09:55:24] ENGINE Stopped thread '_TimeoutMonitor'.
[20/Nov/2017:09:55:24] ENGINE Bus STOPPED
[20/Nov/2017:09:55:24] ENGINE Bus EXITING
[20/Nov/2017:09:55:24] ENGINE Bus EXITED
[20/Nov/2017:09:55:24] ENGINE Waiting for child threads to terminate...
[20/Nov/2017:09:55:24] ENGINE Re-spawning supersmart_service_api.py
[20/Nov/2017:09:55:24] ENGINE Bus STARTING
[20/Nov/2017:09:55:24] ENGINE Started monitor thread '_TimeoutMonitor'.
[20/Nov/2017:09:55:24] ENGINE Started monitor thread 'Autoreloader'.
[20/Nov/2017:09:55:24] ENGINE Serving on http://0.0.0.0:5011
[20/Nov/2017:09:55:24] ENGINE Bus STARTED
[20/Nov/2017:09:56:08] ENGINE Restarting because /var/web_service/supersmart/smrt_service/tasks.py changed.
[20/Nov/2017:09:56:08] ENGINE Stopped thread 'Autoreloader'.
[20/Nov/2017:09:56:08] ENGINE Bus STOPPING
[20/Nov/2017:09:56:08] ENGINE HTTP Server cherrypy._cpwsgi_server.CPWSGIServer(('0.0.0.0', 5011)) shut down
[20/Nov/2017:09:56:08] ENGINE Stopped thread '_TimeoutMonitor'.
[20/Nov/2017:09:56:08] ENGINE Bus STOPPED
[20/Nov/2017:09:56:08] ENGINE Bus EXITING
[20/Nov/2017:09:56:08] ENGINE Bus EXITED
[20/Nov/2017:09:56:08] ENGINE Waiting for child threads to terminate...
[20/Nov/2017:09:56:08] ENGINE Re-spawning supersmart_service_api.py
[20/Nov/2017:09:56:08] ENGINE Bus STARTING
[20/Nov/2017:09:56:08] ENGINE Started monitor thread '_TimeoutMonitor'.
[20/Nov/2017:09:56:08] ENGINE Started monitor thread 'Autoreloader'.
[20/Nov/2017:09:56:08] ENGINE Serving on http://0.0.0.0:5011
[20/Nov/2017:09:56:08] ENGINE Bus STARTED
[20/Nov/2017:09:57:38] ENGINE Restarting because /var/web_service/supersmart/smrt_service/db_task.py changed.
[20/Nov/2017:09:57:38] ENGINE Stopped thread 'Autoreloader'.
[20/Nov/2017:09:57:38] ENGINE Bus STOPPING
[20/Nov/2017:09:57:38] ENGINE HTTP Server cherrypy._cpwsgi_server.CPWSGIServer(('0.0.0.0', 5011)) shut down
[20/Nov/2017:09:57:38] ENGINE Stopped thread '_TimeoutMonitor'.
[20/Nov/2017:09:57:38] ENGINE Bus STOPPED
[20/Nov/2017:09:57:38] ENGINE Bus EXITING
[20/Nov/2017:09:57:38] ENGINE Bus EXITED
[20/Nov/2017:09:57:38] ENGINE Waiting for child threads to terminate...
[20/Nov/2017:09:57:38] ENGINE Re-spawning supersmart_service_api.py
[20/Nov/2017:09:57:39] ENGINE Bus STARTING
[20/Nov/2017:09:57:39] ENGINE Started monitor thread '_TimeoutMonitor'.
[20/Nov/2017:09:57:39] ENGINE Started monitor thread 'Autoreloader'.
[20/Nov/2017:09:57:39] ENGINE Serving on http://0.0.0.0:5011
[20/Nov/2017:09:57:39] ENGINE Bus STARTED
[20/Nov/2017:10:58:37] ENGINE Restarting because /var/web_service/supersmart/smrt_service/db_task.py changed.
[20/Nov/2017:10:58:37] ENGINE Stopped thread 'Autoreloader'.
[20/Nov/2017:10:58:37] ENGINE Bus STOPPING
[20/Nov/2017:10:58:37] ENGINE HTTP Server cherrypy._cpwsgi_server.CPWSGIServer(('0.0.0.0', 5011)) shut down
[20/Nov/2017:10:58:37] ENGINE Stopped thread '_TimeoutMonitor'.
[20/Nov/2017:10:58:37] ENGINE Bus STOPPED
[20/Nov/2017:10:58:37] ENGINE Bus EXITING
[20/Nov/2017:10:58:37] ENGINE Bus EXITED
[20/Nov/2017:10:58:38] ENGINE Waiting for child threads to terminate...
[20/Nov/2017:10:58:38] ENGINE Re-spawning supersmart_service_api.py
[20/Nov/2017:10:58:38] ENGINE Bus STARTING
[20/Nov/2017:10:58:38] ENGINE Started monitor thread '_TimeoutMonitor'.
[20/Nov/2017:10:58:38] ENGINE Started monitor thread 'Autoreloader'.
[20/Nov/2017:10:58:38] ENGINE Serving on http://0.0.0.0:5011
[20/Nov/2017:10:58:38] ENGINE Bus STARTED
[20/Nov/2017:11:02:22] ENGINE Restarting because /var/web_service/supersmart/smrt_service/task_status.py changed.
[20/Nov/2017:11:02:22] ENGINE Stopped thread 'Autoreloader'.
[20/Nov/2017:11:02:22] ENGINE Bus STOPPING
[20/Nov/2017:11:02:22] ENGINE HTTP Server cherrypy._cpwsgi_server.CPWSGIServer(('0.0.0.0', 5011)) shut down
[20/Nov/2017:11:02:22] ENGINE Stopped thread '_TimeoutMonitor'.
[20/Nov/2017:11:02:22] ENGINE Bus STOPPED
[20/Nov/2017:11:02:22] ENGINE Bus EXITING
[20/Nov/2017:11:02:22] ENGINE Bus EXITED
[20/Nov/2017:11:02:22] ENGINE Waiting for child threads to terminate...
[20/Nov/2017:11:02:22] ENGINE Re-spawning supersmart_service_api.py
[20/Nov/2017:11:02:23] ENGINE Bus STARTING
[20/Nov/2017:11:02:23] ENGINE Started monitor thread '_TimeoutMonitor'.
[20/Nov/2017:11:02:23] ENGINE Started monitor thread 'Autoreloader'.
[20/Nov/2017:11:02:23] ENGINE Serving on http://0.0.0.0:5011
[20/Nov/2017:11:02:23] ENGINE Bus STARTED
[20/Nov/2017:11:03:44] HTTP 
Request Headers:
  CONNECTION: keep-alive
  COOKIE: _ga=GA1.2.453902190.1380730419; _ga=GA1.3.453902190.1380730419; _phylotastic-portal_session=NE8wZVZtSUx3OEhlWnZYdkpTWHhYR3YxbURTYUFzOU5qTXN2UW4rd2p3Y1JVN1NSQ0p0YUZzR2ZBK0pUWVlLVmFsK0RobmFlUjZHc2hyL2RON3lSS0ZTZ0NZd0Z6dWcyQzJzZURjWTdlZytDa080ekxwaVVIZVFzMmkwVHZmM1RPUHI0TkJ1c0RqVk9jc2lMNmI3dTNBPT0tLWpsLzlTVXhiZ3B2NnUyNktoYjNaUXc9PQ%3D%3D--5839ffa810a79d18917b049cc7c446d8a7975ac4; view_hint=false
  HOST: phylo.cs.nmsu.edu:5011
  UPGRADE-INSECURE-REQUESTS: 1
  Remote-Addr: 128.123.64.236
  ACCEPT: text/html,application/xhtml+xml,application/xml;q=0.9,*/*;q=0.8
  USER-AGENT: Mozilla/5.0 (X11; Linux x86_64; rv:52.0) Gecko/20100101 Firefox/52.0
  ACCEPT-LANGUAGE: en-US,en;q=0.5
  ACCEPT-ENCODING: gzip, deflate
[20/Nov/2017:11:03:44] HTTP 
Traceback (most recent call last):
  File "/usr/local/lib/python2.7/dist-packages/cherrypy/_cprequest.py", line 670, in respond
    response.body = self.handler()
  File "/usr/local/lib/python2.7/dist-packages/cherrypy/lib/encoding.py", line 217, in __call__
    self.body = self.oldhandler(*args, **kwargs)
  File "/usr/local/lib/python2.7/dist-packages/cherrypy/lib/jsontools.py", line 63, in json_handler
    value = cherrypy.serving.request._json_inner_handler(*args, **kwargs)
  File "/usr/local/lib/python2.7/dist-packages/cherrypy/_cpdispatch.py", line 60, in __call__
    return self.callable(*self.args, **self.kwargs)
  File "supersmart_service_api.py", line 140, in status
    service_result = task_status.get_task_status(task_ID)
  File "/var/web_service/supersmart/smrt_service/task_status.py", line 38, in get_task_status
    'current_step': task.info['current_step'],
TypeError: 'NoneType' object has no attribute '__getitem__'
[20/Nov/2017:11:07:03] ENGINE Restarting because /var/web_service/supersmart/smrt_service/db_task.py changed.
[20/Nov/2017:11:07:03] ENGINE Stopped thread 'Autoreloader'.
[20/Nov/2017:11:07:03] ENGINE Bus STOPPING
[20/Nov/2017:11:07:03] ENGINE HTTP Server cherrypy._cpwsgi_server.CPWSGIServer(('0.0.0.0', 5011)) shut down
[20/Nov/2017:11:07:03] ENGINE Stopped thread '_TimeoutMonitor'.
[20/Nov/2017:11:07:03] ENGINE Bus STOPPED
[20/Nov/2017:11:07:03] ENGINE Bus EXITING
[20/Nov/2017:11:07:03] ENGINE Bus EXITED
[20/Nov/2017:11:07:03] ENGINE Waiting for child threads to terminate...
[20/Nov/2017:11:07:03] ENGINE Re-spawning supersmart_service_api.py
[20/Nov/2017:11:07:04] ENGINE Bus STARTING
[20/Nov/2017:11:07:04] ENGINE Started monitor thread '_TimeoutMonitor'.
[20/Nov/2017:11:07:04] ENGINE Started monitor thread 'Autoreloader'.
[20/Nov/2017:11:07:04] ENGINE Serving on http://0.0.0.0:5011
[20/Nov/2017:11:07:04] ENGINE Bus STARTED
[20/Nov/2017:11:07:07] ENGINE Restarting because /var/web_service/supersmart/smrt_service/db_task.py changed.
[20/Nov/2017:11:07:07] ENGINE Stopped thread 'Autoreloader'.
[20/Nov/2017:11:07:07] ENGINE Bus STOPPING
[20/Nov/2017:11:07:07] ENGINE HTTP Server cherrypy._cpwsgi_server.CPWSGIServer(('0.0.0.0', 5011)) shut down
[20/Nov/2017:11:07:07] ENGINE Stopped thread '_TimeoutMonitor'.
[20/Nov/2017:11:07:07] ENGINE Bus STOPPED
[20/Nov/2017:11:07:07] ENGINE Bus EXITING
[20/Nov/2017:11:07:07] ENGINE Bus EXITED
[20/Nov/2017:11:07:07] ENGINE Waiting for child threads to terminate...
[20/Nov/2017:11:07:07] ENGINE Re-spawning supersmart_service_api.py
[20/Nov/2017:11:07:07] ENGINE Bus STARTING
[20/Nov/2017:11:07:07] ENGINE Started monitor thread '_TimeoutMonitor'.
[20/Nov/2017:11:07:07] ENGINE Started monitor thread 'Autoreloader'.
[20/Nov/2017:11:07:07] ENGINE Serving on http://0.0.0.0:5011
[20/Nov/2017:11:07:07] ENGINE Bus STARTED
[20/Nov/2017:11:20:58] ENGINE Restarting because /var/web_service/supersmart/smrt_service/tasks.py changed.
[20/Nov/2017:11:20:58] ENGINE Stopped thread 'Autoreloader'.
[20/Nov/2017:11:20:58] ENGINE Bus STOPPING
[20/Nov/2017:11:20:58] ENGINE HTTP Server cherrypy._cpwsgi_server.CPWSGIServer(('0.0.0.0', 5011)) shut down
[20/Nov/2017:11:20:58] ENGINE Stopped thread '_TimeoutMonitor'.
[20/Nov/2017:11:20:58] ENGINE Bus STOPPED
[20/Nov/2017:11:20:58] ENGINE Bus EXITING
[20/Nov/2017:11:20:58] ENGINE Bus EXITED
[20/Nov/2017:11:20:58] ENGINE Waiting for child threads to terminate...
[20/Nov/2017:11:20:58] ENGINE Re-spawning supersmart_service_api.py
[20/Nov/2017:11:20:58] ENGINE Bus STARTING
[20/Nov/2017:11:20:58] ENGINE Started monitor thread '_TimeoutMonitor'.
[20/Nov/2017:11:20:58] ENGINE Started monitor thread 'Autoreloader'.
[20/Nov/2017:11:20:58] ENGINE Serving on http://0.0.0.0:5011
[20/Nov/2017:11:20:58] ENGINE Bus STARTED
[20/Nov/2017:11:22:27] ENGINE Restarting because /var/web_service/supersmart/smrt_service/db_task.py changed.
[20/Nov/2017:11:22:27] ENGINE Stopped thread 'Autoreloader'.
[20/Nov/2017:11:22:27] ENGINE Bus STOPPING
[20/Nov/2017:11:22:27] ENGINE HTTP Server cherrypy._cpwsgi_server.CPWSGIServer(('0.0.0.0', 5011)) shut down
[20/Nov/2017:11:22:27] ENGINE Stopped thread '_TimeoutMonitor'.
[20/Nov/2017:11:22:27] ENGINE Bus STOPPED
[20/Nov/2017:11:22:27] ENGINE Bus EXITING
[20/Nov/2017:11:22:27] ENGINE Bus EXITED
[20/Nov/2017:11:22:27] ENGINE Waiting for child threads to terminate...
[20/Nov/2017:11:22:27] ENGINE Re-spawning supersmart_service_api.py
[20/Nov/2017:11:22:27] ENGINE Bus STARTING
[20/Nov/2017:11:22:27] ENGINE Started monitor thread '_TimeoutMonitor'.
[20/Nov/2017:11:22:27] ENGINE Started monitor thread 'Autoreloader'.
[20/Nov/2017:11:22:28] ENGINE Serving on http://0.0.0.0:5011
[20/Nov/2017:11:22:28] ENGINE Bus STARTED
[20/Nov/2017:11:23:11] ENGINE Restarting because /var/web_service/supersmart/smrt_service/db_task.py changed.
[20/Nov/2017:11:23:11] ENGINE Stopped thread 'Autoreloader'.
[20/Nov/2017:11:23:11] ENGINE Bus STOPPING
[20/Nov/2017:11:23:11] ENGINE HTTP Server cherrypy._cpwsgi_server.CPWSGIServer(('0.0.0.0', 5011)) shut down
[20/Nov/2017:11:23:11] ENGINE Stopped thread '_TimeoutMonitor'.
[20/Nov/2017:11:23:11] ENGINE Bus STOPPED
[20/Nov/2017:11:23:11] ENGINE Bus EXITING
[20/Nov/2017:11:23:11] ENGINE Bus EXITED
[20/Nov/2017:11:23:11] ENGINE Waiting for child threads to terminate...
[20/Nov/2017:11:23:11] ENGINE Re-spawning supersmart_service_api.py
[20/Nov/2017:11:23:11] ENGINE Bus STARTING
[20/Nov/2017:11:23:11] ENGINE Started monitor thread '_TimeoutMonitor'.
[20/Nov/2017:11:23:11] ENGINE Started monitor thread 'Autoreloader'.
[20/Nov/2017:11:23:11] ENGINE Serving on http://0.0.0.0:5011
[20/Nov/2017:11:23:11] ENGINE Bus STARTED
[20/Nov/2017:11:23:30] ENGINE Restarting because /var/web_service/supersmart/smrt_service/db_task.py changed.
[20/Nov/2017:11:23:30] ENGINE Stopped thread 'Autoreloader'.
[20/Nov/2017:11:23:30] ENGINE Bus STOPPING
[20/Nov/2017:11:23:30] ENGINE HTTP Server cherrypy._cpwsgi_server.CPWSGIServer(('0.0.0.0', 5011)) shut down
[20/Nov/2017:11:23:30] ENGINE Stopped thread '_TimeoutMonitor'.
[20/Nov/2017:11:23:30] ENGINE Bus STOPPED
[20/Nov/2017:11:23:30] ENGINE Bus EXITING
[20/Nov/2017:11:23:30] ENGINE Bus EXITED
[20/Nov/2017:11:23:30] ENGINE Waiting for child threads to terminate...
[20/Nov/2017:11:23:30] ENGINE Re-spawning supersmart_service_api.py
[20/Nov/2017:11:23:30] ENGINE Bus STARTING
[20/Nov/2017:11:23:30] ENGINE Started monitor thread '_TimeoutMonitor'.
[20/Nov/2017:11:23:30] ENGINE Started monitor thread 'Autoreloader'.
[20/Nov/2017:11:23:30] ENGINE Serving on http://0.0.0.0:5011
[20/Nov/2017:11:23:30] ENGINE Bus STARTED
[20/Nov/2017:11:23:56] ENGINE Restarting because /var/web_service/supersmart/smrt_service/db_task.py changed.
[20/Nov/2017:11:23:56] ENGINE Stopped thread 'Autoreloader'.
[20/Nov/2017:11:23:56] ENGINE Bus STOPPING
[20/Nov/2017:11:23:56] ENGINE HTTP Server cherrypy._cpwsgi_server.CPWSGIServer(('0.0.0.0', 5011)) shut down
[20/Nov/2017:11:23:56] ENGINE Stopped thread '_TimeoutMonitor'.
[20/Nov/2017:11:23:56] ENGINE Bus STOPPED
[20/Nov/2017:11:23:56] ENGINE Bus EXITING
[20/Nov/2017:11:23:56] ENGINE Bus EXITED
[20/Nov/2017:11:23:56] ENGINE Waiting for child threads to terminate...
[20/Nov/2017:11:23:56] ENGINE Re-spawning supersmart_service_api.py
[20/Nov/2017:11:23:57] ENGINE Bus STARTING
[20/Nov/2017:11:23:57] ENGINE Started monitor thread '_TimeoutMonitor'.
[20/Nov/2017:11:23:57] ENGINE Started monitor thread 'Autoreloader'.
[20/Nov/2017:11:23:57] ENGINE Serving on http://0.0.0.0:5011
[20/Nov/2017:11:23:57] ENGINE Bus STARTED
[20/Nov/2017:11:24:02] ENGINE Restarting because /var/web_service/supersmart/smrt_service/db_task.py changed.
[20/Nov/2017:11:24:02] ENGINE Stopped thread 'Autoreloader'.
[20/Nov/2017:11:24:02] ENGINE Bus STOPPING
[20/Nov/2017:11:24:02] ENGINE HTTP Server cherrypy._cpwsgi_server.CPWSGIServer(('0.0.0.0', 5011)) shut down
[20/Nov/2017:11:24:02] ENGINE Stopped thread '_TimeoutMonitor'.
[20/Nov/2017:11:24:02] ENGINE Bus STOPPED
[20/Nov/2017:11:24:02] ENGINE Bus EXITING
[20/Nov/2017:11:24:02] ENGINE Bus EXITED
[20/Nov/2017:11:24:02] ENGINE Waiting for child threads to terminate...
[20/Nov/2017:11:24:02] ENGINE Re-spawning supersmart_service_api.py
[20/Nov/2017:11:24:02] ENGINE Bus STARTING
[20/Nov/2017:11:24:02] ENGINE Started monitor thread '_TimeoutMonitor'.
[20/Nov/2017:11:24:02] ENGINE Started monitor thread 'Autoreloader'.
[20/Nov/2017:11:24:02] ENGINE Serving on http://0.0.0.0:5011
[20/Nov/2017:11:24:02] ENGINE Bus STARTED
[20/Nov/2017:11:24:49] ENGINE Restarting because /var/web_service/supersmart/smrt_service/db_task.py changed.
[20/Nov/2017:11:24:49] ENGINE Stopped thread 'Autoreloader'.
[20/Nov/2017:11:24:49] ENGINE Bus STOPPING
[20/Nov/2017:11:24:49] ENGINE HTTP Server cherrypy._cpwsgi_server.CPWSGIServer(('0.0.0.0', 5011)) shut down
[20/Nov/2017:11:24:49] ENGINE Stopped thread '_TimeoutMonitor'.
[20/Nov/2017:11:24:49] ENGINE Bus STOPPED
[20/Nov/2017:11:24:49] ENGINE Bus EXITING
[20/Nov/2017:11:24:49] ENGINE Bus EXITED
[20/Nov/2017:11:24:49] ENGINE Waiting for child threads to terminate...
[20/Nov/2017:11:24:49] ENGINE Re-spawning supersmart_service_api.py
[20/Nov/2017:12:38:22] ENGINE Bus STARTING
[20/Nov/2017:12:38:22] ENGINE Started monitor thread '_TimeoutMonitor'.
[20/Nov/2017:12:38:22] ENGINE Started monitor thread 'Autoreloader'.
[20/Nov/2017:12:38:22] ENGINE Serving on http://0.0.0.0:5011
[20/Nov/2017:12:38:22] ENGINE Bus STARTED
[20/Nov/2017:12:38:23] ENGINE Keyboard Interrupt: shutting down bus
[20/Nov/2017:12:38:23] ENGINE Bus STOPPING
[20/Nov/2017:12:38:23] ENGINE HTTP Server cherrypy._cpwsgi_server.CPWSGIServer(('0.0.0.0', 5011)) shut down
[20/Nov/2017:12:38:23] ENGINE Stopped thread '_TimeoutMonitor'.
[20/Nov/2017:12:38:23] ENGINE Stopped thread 'Autoreloader'.
[20/Nov/2017:12:38:23] ENGINE Bus STOPPED
[20/Nov/2017:12:38:23] ENGINE Bus EXITING
[20/Nov/2017:12:38:23] ENGINE Bus EXITED
[20/Nov/2017:12:38:23] ENGINE Waiting for child threads to terminate...
[20/Nov/2017:12:38:36] ENGINE Bus STARTING
[20/Nov/2017:12:38:36] ENGINE Started monitor thread '_TimeoutMonitor'.
[20/Nov/2017:12:38:36] ENGINE Started monitor thread 'Autoreloader'.
[20/Nov/2017:12:38:36] ENGINE Serving on http://0.0.0.0:5011
[20/Nov/2017:12:38:36] ENGINE Bus STARTED
[20/Nov/2017:12:59:33] HTTP 
Request Headers:
  CONNECTION: keep-alive
  COOKIE: _ga=GA1.2.453902190.1380730419; _ga=GA1.3.453902190.1380730419; _phylotastic-portal_session=NE8wZVZtSUx3OEhlWnZYdkpTWHhYR3YxbURTYUFzOU5qTXN2UW4rd2p3Y1JVN1NSQ0p0YUZzR2ZBK0pUWVlLVmFsK0RobmFlUjZHc2hyL2RON3lSS0ZTZ0NZd0Z6dWcyQzJzZURjWTdlZytDa080ekxwaVVIZVFzMmkwVHZmM1RPUHI0TkJ1c0RqVk9jc2lMNmI3dTNBPT0tLWpsLzlTVXhiZ3B2NnUyNktoYjNaUXc9PQ%3D%3D--5839ffa810a79d18917b049cc7c446d8a7975ac4; view_hint=false
  HOST: phylo.cs.nmsu.edu:5011
  UPGRADE-INSECURE-REQUESTS: 1
  CACHE-CONTROL: max-age=0
  Remote-Addr: 128.123.64.236
  ACCEPT: text/html,application/xhtml+xml,application/xml;q=0.9,*/*;q=0.8
  USER-AGENT: Mozilla/5.0 (X11; Linux x86_64; rv:52.0) Gecko/20100101 Firefox/52.0
  ACCEPT-LANGUAGE: en-US,en;q=0.5
  ACCEPT-ENCODING: gzip, deflate
[20/Nov/2017:12:59:33] HTTP 
Traceback (most recent call last):
  File "/usr/local/lib/python2.7/dist-packages/cherrypy/_cprequest.py", line 670, in respond
    response.body = self.handler()
  File "/usr/local/lib/python2.7/dist-packages/cherrypy/lib/encoding.py", line 217, in __call__
    self.body = self.oldhandler(*args, **kwargs)
  File "/usr/local/lib/python2.7/dist-packages/cherrypy/lib/jsontools.py", line 63, in json_handler
    value = cherrypy.serving.request._json_inner_handler(*args, **kwargs)
  File "/usr/local/lib/python2.7/dist-packages/cherrypy/_cpdispatch.py", line 60, in __call__
    return self.callable(*self.args, **self.kwargs)
  File "supersmart_service_api.py", line 141, in status
    if service_result['job_state'] == "SUCCESS":
KeyError: 'job_state'
[20/Nov/2017:13:02:29] ENGINE Restarting because /var/web_service/supersmart/supersmart_service_api.py changed.
[20/Nov/2017:13:02:29] ENGINE Stopped thread 'Autoreloader'.
[20/Nov/2017:13:02:29] ENGINE Bus STOPPING
[20/Nov/2017:13:02:29] ENGINE HTTP Server cherrypy._cpwsgi_server.CPWSGIServer(('0.0.0.0', 5011)) shut down
[20/Nov/2017:13:02:29] ENGINE Stopped thread '_TimeoutMonitor'.
[20/Nov/2017:13:02:29] ENGINE Bus STOPPED
[20/Nov/2017:13:02:29] ENGINE Bus EXITING
[20/Nov/2017:13:02:29] ENGINE Bus EXITED
[20/Nov/2017:13:02:29] ENGINE Waiting for child threads to terminate...
[20/Nov/2017:13:02:29] ENGINE Re-spawning supersmart_service_api.py
[20/Nov/2017:13:02:29] ENGINE Bus STARTING
[20/Nov/2017:13:02:29] ENGINE Started monitor thread '_TimeoutMonitor'.
[20/Nov/2017:13:02:29] ENGINE Started monitor thread 'Autoreloader'.
[20/Nov/2017:13:02:29] ENGINE Serving on http://0.0.0.0:5011
[20/Nov/2017:13:02:29] ENGINE Bus STARTED
[20/Nov/2017:18:02:51] HTTP 
Request Headers:
  CONNECTION: keep-alive
  HOST: phylo.cs.nmsu.edu:5011
  UPGRADE-INSECURE-REQUESTS: 1
  CACHE-CONTROL: max-age=0
  Remote-Addr: 76.113.96.32
  ACCEPT: text/html,application/xhtml+xml,application/xml;q=0.9,*/*;q=0.8
  USER-AGENT: Mozilla/5.0 (X11; Ubuntu; Linux i686; rv:53.0) Gecko/20100101 Firefox/53.0
  ACCEPT-LANGUAGE: en-US,en;q=0.5
  ACCEPT-ENCODING: gzip, deflate
[20/Nov/2017:18:02:51] HTTP 
Traceback (most recent call last):
  File "/usr/local/lib/python2.7/dist-packages/cherrypy/_cprequest.py", line 670, in respond
    response.body = self.handler()
  File "/usr/local/lib/python2.7/dist-packages/cherrypy/lib/encoding.py", line 217, in __call__
    self.body = self.oldhandler(*args, **kwargs)
  File "/usr/local/lib/python2.7/dist-packages/cherrypy/lib/jsontools.py", line 63, in json_handler
    value = cherrypy.serving.request._json_inner_handler(*args, **kwargs)
  File "/usr/local/lib/python2.7/dist-packages/cherrypy/_cpdispatch.py", line 60, in __call__
    return self.callable(*self.args, **self.kwargs)
  File "supersmart_service_api.py", line 140, in status
    service_result = task_status.get_task_status(task_ID)
  File "/var/web_service/supersmart/smrt_service/task_status.py", line 11, in get_task_status
    if task.state == 'PENDING':
  File "/usr/local/lib/python2.7/dist-packages/celery/result.py", line 436, in state
    return self._get_task_meta()['status']
  File "/usr/local/lib/python2.7/dist-packages/celery/result.py", line 375, in _get_task_meta
    return self._maybe_set_cache(self.backend.get_task_meta(self.id))
  File "/usr/local/lib/python2.7/dist-packages/celery/backends/amqp.py", line 177, in get_task_meta
    latest.payload)
  File "/usr/local/lib/python2.7/dist-packages/celery/backends/base.py", line 267, in meta_from_decoded
    meta['result'] = self.exception_to_python(meta['result'])
  File "/usr/local/lib/python2.7/dist-packages/celery/backends/base.py", line 247, in exception_to_python
    from_utf8(exc['exc_type']), __name__)(exc['exc_message'])
KeyError: u'exc_type'
[20/Nov/2017:19:29:46] ENGINE Restarting because /var/web_service/supersmart/smrt_service/tasks.py changed.
[20/Nov/2017:19:29:46] ENGINE Stopped thread 'Autoreloader'.
[20/Nov/2017:19:29:46] ENGINE Bus STOPPING
[20/Nov/2017:19:29:46] ENGINE HTTP Server cherrypy._cpwsgi_server.CPWSGIServer(('0.0.0.0', 5011)) shut down
[20/Nov/2017:19:29:46] ENGINE Stopped thread '_TimeoutMonitor'.
[20/Nov/2017:19:29:46] ENGINE Bus STOPPED
[20/Nov/2017:19:29:46] ENGINE Bus EXITING
[20/Nov/2017:19:29:46] ENGINE Bus EXITED
[20/Nov/2017:19:29:46] ENGINE Waiting for child threads to terminate...
[20/Nov/2017:19:29:46] ENGINE Re-spawning supersmart_service_api.py
[20/Nov/2017:19:29:46] ENGINE Bus STARTING
[20/Nov/2017:19:29:46] ENGINE Started monitor thread '_TimeoutMonitor'.
[20/Nov/2017:19:29:46] ENGINE Started monitor thread 'Autoreloader'.
[20/Nov/2017:19:29:46] ENGINE Serving on http://0.0.0.0:5011
[20/Nov/2017:19:29:46] ENGINE Bus STARTED
[20/Nov/2017:20:03:54] ENGINE Restarting because /var/web_service/supersmart/supersmart_service_api.py changed.
[20/Nov/2017:20:03:54] ENGINE Stopped thread 'Autoreloader'.
[20/Nov/2017:20:03:54] ENGINE Bus STOPPING
[20/Nov/2017:20:03:54] ENGINE HTTP Server cherrypy._cpwsgi_server.CPWSGIServer(('0.0.0.0', 5011)) shut down
[20/Nov/2017:20:03:54] ENGINE Stopped thread '_TimeoutMonitor'.
[20/Nov/2017:20:03:54] ENGINE Bus STOPPED
[20/Nov/2017:20:03:54] ENGINE Bus EXITING
[20/Nov/2017:20:03:54] ENGINE Bus EXITED
[20/Nov/2017:20:03:54] ENGINE Waiting for child threads to terminate...
[20/Nov/2017:20:03:54] ENGINE Re-spawning supersmart_service_api.py
[20/Nov/2017:20:03:55] ENGINE Bus STARTING
[20/Nov/2017:20:03:55] ENGINE Started monitor thread '_TimeoutMonitor'.
[20/Nov/2017:20:03:55] ENGINE Started monitor thread 'Autoreloader'.
[20/Nov/2017:20:03:55] ENGINE Serving on http://0.0.0.0:5011
[20/Nov/2017:20:03:55] ENGINE Bus STARTED
[20/Nov/2017:20:06:14] ENGINE Restarting because /var/web_service/supersmart/smrt_service/task_status.py changed.
[20/Nov/2017:20:06:14] ENGINE Stopped thread 'Autoreloader'.
[20/Nov/2017:20:06:14] ENGINE Bus STOPPING
[20/Nov/2017:20:06:14] ENGINE HTTP Server cherrypy._cpwsgi_server.CPWSGIServer(('0.0.0.0', 5011)) shut down
[20/Nov/2017:20:06:14] ENGINE Stopped thread '_TimeoutMonitor'.
[20/Nov/2017:20:06:14] ENGINE Bus STOPPED
[20/Nov/2017:20:06:14] ENGINE Bus EXITING
[20/Nov/2017:20:06:14] ENGINE Bus EXITED
[20/Nov/2017:20:06:14] ENGINE Waiting for child threads to terminate...
[20/Nov/2017:20:06:14] ENGINE Re-spawning supersmart_service_api.py
[20/Nov/2017:20:06:15] ENGINE Bus STARTING
[20/Nov/2017:20:06:15] ENGINE Started monitor thread '_TimeoutMonitor'.
[20/Nov/2017:20:06:15] ENGINE Started monitor thread 'Autoreloader'.
[20/Nov/2017:20:06:15] ENGINE Serving on http://0.0.0.0:5011
[20/Nov/2017:20:06:15] ENGINE Bus STARTED
[20/Nov/2017:20:06:31] ENGINE Restarting because /var/web_service/supersmart/smrt_service/task_status.py changed.
[20/Nov/2017:20:06:31] ENGINE Stopped thread 'Autoreloader'.
[20/Nov/2017:20:06:31] ENGINE Bus STOPPING
[20/Nov/2017:20:06:31] ENGINE HTTP Server cherrypy._cpwsgi_server.CPWSGIServer(('0.0.0.0', 5011)) shut down
[20/Nov/2017:20:06:31] ENGINE Stopped thread '_TimeoutMonitor'.
[20/Nov/2017:20:06:31] ENGINE Bus STOPPED
[20/Nov/2017:20:06:31] ENGINE Bus EXITING
[20/Nov/2017:20:06:31] ENGINE Bus EXITED
[20/Nov/2017:20:06:31] ENGINE Waiting for child threads to terminate...
[20/Nov/2017:20:06:31] ENGINE Re-spawning supersmart_service_api.py
[20/Nov/2017:20:06:31] ENGINE Bus STARTING
[20/Nov/2017:20:06:31] ENGINE Started monitor thread '_TimeoutMonitor'.
[20/Nov/2017:20:06:31] ENGINE Started monitor thread 'Autoreloader'.
[20/Nov/2017:20:06:31] ENGINE Serving on http://0.0.0.0:5011
[20/Nov/2017:20:06:31] ENGINE Bus STARTED
[20/Nov/2017:20:08:02] ENGINE Restarting because /var/web_service/supersmart/supersmart_service_api.py changed.
[20/Nov/2017:20:08:02] ENGINE Stopped thread 'Autoreloader'.
[20/Nov/2017:20:08:02] ENGINE Bus STOPPING
[20/Nov/2017:20:08:02] ENGINE HTTP Server cherrypy._cpwsgi_server.CPWSGIServer(('0.0.0.0', 5011)) shut down
[20/Nov/2017:20:08:02] ENGINE Stopped thread '_TimeoutMonitor'.
[20/Nov/2017:20:08:02] ENGINE Bus STOPPED
[20/Nov/2017:20:08:02] ENGINE Bus EXITING
[20/Nov/2017:20:08:02] ENGINE Bus EXITED
[20/Nov/2017:20:08:02] ENGINE Waiting for child threads to terminate...
[20/Nov/2017:20:08:02] ENGINE Re-spawning supersmart_service_api.py
[20/Nov/2017:20:08:03] ENGINE Bus STARTING
[20/Nov/2017:20:08:03] ENGINE Started monitor thread '_TimeoutMonitor'.
[20/Nov/2017:20:08:03] ENGINE Started monitor thread 'Autoreloader'.
[20/Nov/2017:20:08:03] ENGINE Serving on http://0.0.0.0:5011
[20/Nov/2017:20:08:03] ENGINE Bus STARTED
[20/Nov/2017:20:08:26] ENGINE Restarting because /var/web_service/supersmart/supersmart_service_api.py changed.
[20/Nov/2017:20:08:26] ENGINE Stopped thread 'Autoreloader'.
[20/Nov/2017:20:08:26] ENGINE Bus STOPPING
[20/Nov/2017:20:08:26] ENGINE HTTP Server cherrypy._cpwsgi_server.CPWSGIServer(('0.0.0.0', 5011)) shut down
[20/Nov/2017:20:08:26] ENGINE Stopped thread '_TimeoutMonitor'.
[20/Nov/2017:20:08:26] ENGINE Bus STOPPED
[20/Nov/2017:20:08:26] ENGINE Bus EXITING
[20/Nov/2017:20:08:26] ENGINE Bus EXITED
[20/Nov/2017:20:08:26] ENGINE Waiting for child threads to terminate...
[20/Nov/2017:20:08:26] ENGINE Re-spawning supersmart_service_api.py
[20/Nov/2017:20:08:26] ENGINE Bus STARTING
[20/Nov/2017:20:08:26] ENGINE Started monitor thread '_TimeoutMonitor'.
[20/Nov/2017:20:08:26] ENGINE Started monitor thread 'Autoreloader'.
[20/Nov/2017:20:08:26] ENGINE Serving on http://0.0.0.0:5011
[20/Nov/2017:20:08:26] ENGINE Bus STARTED
[20/Nov/2017:20:09:15] ENGINE Restarting because /var/web_service/supersmart/supersmart_service_api.py changed.
[20/Nov/2017:20:09:15] ENGINE Stopped thread 'Autoreloader'.
[20/Nov/2017:20:09:15] ENGINE Bus STOPPING
[20/Nov/2017:20:09:15] ENGINE HTTP Server cherrypy._cpwsgi_server.CPWSGIServer(('0.0.0.0', 5011)) shut down
[20/Nov/2017:20:09:15] ENGINE Stopped thread '_TimeoutMonitor'.
[20/Nov/2017:20:09:15] ENGINE Bus STOPPED
[20/Nov/2017:20:09:15] ENGINE Bus EXITING
[20/Nov/2017:20:09:15] ENGINE Bus EXITED
[20/Nov/2017:20:09:15] ENGINE Waiting for child threads to terminate...
[20/Nov/2017:20:09:15] ENGINE Re-spawning supersmart_service_api.py
[20/Nov/2017:20:09:15] ENGINE Bus STARTING
[20/Nov/2017:20:09:15] ENGINE Started monitor thread '_TimeoutMonitor'.
[20/Nov/2017:20:09:15] ENGINE Started monitor thread 'Autoreloader'.
[20/Nov/2017:20:09:15] ENGINE Serving on http://0.0.0.0:5011
[20/Nov/2017:20:09:15] ENGINE Bus STARTED
[27/Nov/2017:10:58:36] ENGINE Restarting because /var/web_service/supersmart/smrt_service/task_status.py changed.
[27/Nov/2017:10:58:36] ENGINE Stopped thread 'Autoreloader'.
[27/Nov/2017:10:58:36] ENGINE Bus STOPPING
[27/Nov/2017:10:58:36] ENGINE HTTP Server cherrypy._cpwsgi_server.CPWSGIServer(('0.0.0.0', 5011)) shut down
[27/Nov/2017:10:58:36] ENGINE Stopped thread '_TimeoutMonitor'.
[27/Nov/2017:10:58:36] ENGINE Bus STOPPED
[27/Nov/2017:10:58:36] ENGINE Bus EXITING
[27/Nov/2017:10:58:36] ENGINE Bus EXITED
[27/Nov/2017:10:58:36] ENGINE Waiting for child threads to terminate...
[27/Nov/2017:10:58:36] ENGINE Re-spawning supersmart_service_api.py
