[23/Oct/2017:22:30:08] ENGINE Bus STARTING
[23/Oct/2017:22:30:08] ENGINE Started monitor thread '_TimeoutMonitor'.
[23/Oct/2017:22:30:08] ENGINE Started monitor thread 'Autoreloader'.
[23/Oct/2017:22:30:08] ENGINE Serving on http://127.0.0.1:5006
[23/Oct/2017:22:30:08] ENGINE Bus STARTED
[23/Oct/2017:22:32:59] ENGINE Restarting because /home/tayeen/TayeenFolders/Github/phylo_webservices/Phylotastic_Misc_WebServices/Phylotastic_Misc_WebServices_Running.py changed.
[23/Oct/2017:22:32:59] ENGINE Stopped thread 'Autoreloader'.
[23/Oct/2017:22:32:59] ENGINE Bus STOPPING
[23/Oct/2017:22:32:59] ENGINE HTTP Server cherrypy._cpwsgi_server.CPWSGIServer(('127.0.0.1', 5006)) shut down
[23/Oct/2017:22:32:59] ENGINE Stopped thread '_TimeoutMonitor'.
[23/Oct/2017:22:32:59] ENGINE Bus STOPPED
[23/Oct/2017:22:32:59] ENGINE Bus EXITING
[23/Oct/2017:22:32:59] ENGINE Bus EXITED
[23/Oct/2017:22:32:59] ENGINE Waiting for child threads to terminate...
[23/Oct/2017:22:32:59] ENGINE Re-spawning Phylotastic_Misc_WebServices_Running.py
[23/Oct/2017:22:32:59] ENGINE Bus STARTING
[23/Oct/2017:22:32:59] ENGINE Started monitor thread '_TimeoutMonitor'.
[23/Oct/2017:22:32:59] ENGINE Started monitor thread 'Autoreloader'.
[23/Oct/2017:22:32:59] ENGINE Serving on http://127.0.0.1:5006
[23/Oct/2017:22:32:59] ENGINE Bus STARTED
[23/Oct/2017:22:34:09] ENGINE Restarting because /home/tayeen/TayeenFolders/Github/phylo_webservices/Phylotastic_Misc_WebServices/Phylotastic_Misc_WebServices_Running.py changed.
[23/Oct/2017:22:34:09] ENGINE Stopped thread 'Autoreloader'.
[23/Oct/2017:22:34:09] ENGINE Bus STOPPING
[23/Oct/2017:22:34:09] ENGINE HTTP Server cherrypy._cpwsgi_server.CPWSGIServer(('127.0.0.1', 5006)) shut down
[23/Oct/2017:22:34:09] ENGINE Stopped thread '_TimeoutMonitor'.
[23/Oct/2017:22:34:09] ENGINE Bus STOPPED
[23/Oct/2017:22:34:09] ENGINE Bus EXITING
[23/Oct/2017:22:34:09] ENGINE Bus EXITED
[23/Oct/2017:22:34:09] ENGINE Waiting for child threads to terminate...
[23/Oct/2017:22:34:09] ENGINE Re-spawning Phylotastic_Misc_WebServices_Running.py
[23/Oct/2017:22:34:10] ENGINE Bus STARTING
[23/Oct/2017:22:34:10] ENGINE Started monitor thread '_TimeoutMonitor'.
[23/Oct/2017:22:34:10] ENGINE Started monitor thread 'Autoreloader'.
[23/Oct/2017:22:34:10] ENGINE Serving on http://127.0.0.1:5006
[23/Oct/2017:22:34:10] ENGINE Bus STARTED
[23/Oct/2017:22:34:19] ENGINE Restarting because /home/tayeen/TayeenFolders/Github/phylo_webservices/Phylotastic_Misc_WebServices/Phylotastic_Misc_WebServices_Running.py changed.
[23/Oct/2017:22:34:19] ENGINE Stopped thread 'Autoreloader'.
[23/Oct/2017:22:34:19] ENGINE Bus STOPPING
[23/Oct/2017:22:34:19] ENGINE HTTP Server cherrypy._cpwsgi_server.CPWSGIServer(('127.0.0.1', 5006)) shut down
[23/Oct/2017:22:34:19] ENGINE Stopped thread '_TimeoutMonitor'.
[23/Oct/2017:22:34:19] ENGINE Bus STOPPED
[23/Oct/2017:22:34:19] ENGINE Bus EXITING
[23/Oct/2017:22:34:19] ENGINE Bus EXITED
[23/Oct/2017:22:34:19] ENGINE Waiting for child threads to terminate...
[23/Oct/2017:22:34:19] ENGINE Re-spawning Phylotastic_Misc_WebServices_Running.py
[23/Oct/2017:22:34:51] ENGINE Bus STARTING
[23/Oct/2017:22:34:51] ENGINE Started monitor thread '_TimeoutMonitor'.
[23/Oct/2017:22:34:51] ENGINE Started monitor thread 'Autoreloader'.
[23/Oct/2017:22:34:52] ENGINE Serving on http://127.0.0.1:5006
[23/Oct/2017:22:34:52] ENGINE Bus STARTED
[23/Oct/2017:22:36:15] ENGINE Restarting because /home/tayeen/TayeenFolders/Github/phylo_webservices/Phylotastic_Misc_WebServices/Phylotastic_Misc_WebServices_Running.py changed.
[23/Oct/2017:22:36:15] ENGINE Stopped thread 'Autoreloader'.
[23/Oct/2017:22:36:15] ENGINE Bus STOPPING
[23/Oct/2017:22:36:15] ENGINE HTTP Server cherrypy._cpwsgi_server.CPWSGIServer(('127.0.0.1', 5006)) shut down
[23/Oct/2017:22:36:15] ENGINE Stopped thread '_TimeoutMonitor'.
[23/Oct/2017:22:36:15] ENGINE Bus STOPPED
[23/Oct/2017:22:36:15] ENGINE Bus EXITING
[23/Oct/2017:22:36:15] ENGINE Bus EXITED
[23/Oct/2017:22:36:15] ENGINE Waiting for child threads to terminate...
[23/Oct/2017:22:36:15] ENGINE Re-spawning Phylotastic_Misc_WebServices_Running.py
[23/Oct/2017:22:36:15] ENGINE Bus STARTING
[23/Oct/2017:22:36:15] ENGINE Started monitor thread '_TimeoutMonitor'.
[23/Oct/2017:22:36:16] ENGINE Started monitor thread 'Autoreloader'.
[23/Oct/2017:22:36:16] ENGINE Serving on http://127.0.0.1:5006
[23/Oct/2017:22:36:16] ENGINE Bus STARTED
[23/Oct/2017:22:36:52] ENGINE Restarting because /home/tayeen/TayeenFolders/Github/phylo_webservices/Phylotastic_Misc_WebServices/Phylotastic_Misc_WebServices_Running.py changed.
[23/Oct/2017:22:36:52] ENGINE Stopped thread 'Autoreloader'.
[23/Oct/2017:22:36:52] ENGINE Bus STOPPING
[23/Oct/2017:22:36:52] ENGINE HTTP Server cherrypy._cpwsgi_server.CPWSGIServer(('127.0.0.1', 5006)) shut down
[23/Oct/2017:22:36:52] ENGINE Stopped thread '_TimeoutMonitor'.
[23/Oct/2017:22:36:52] ENGINE Bus STOPPED
[23/Oct/2017:22:36:52] ENGINE Bus EXITING
[23/Oct/2017:22:36:52] ENGINE Bus EXITED
[23/Oct/2017:22:36:52] ENGINE Waiting for child threads to terminate...
[23/Oct/2017:22:36:52] ENGINE Re-spawning Phylotastic_Misc_WebServices_Running.py
[23/Oct/2017:22:37:30] ENGINE Bus STARTING
[23/Oct/2017:22:37:30] ENGINE Started monitor thread '_TimeoutMonitor'.
[23/Oct/2017:22:37:30] ENGINE Started monitor thread 'Autoreloader'.
[23/Oct/2017:22:37:30] ENGINE Serving on http://127.0.0.1:5006
[23/Oct/2017:22:37:30] ENGINE Bus STARTED
[23/Oct/2017:22:39:03] ENGINE Restarting because /home/tayeen/TayeenFolders/Github/phylo_webservices/Phylotastic_Misc_WebServices/Phylotastic_Misc_WebServices_Running.py changed.
[23/Oct/2017:22:39:03] ENGINE Stopped thread 'Autoreloader'.
[23/Oct/2017:22:39:03] ENGINE Bus STOPPING
[23/Oct/2017:22:39:03] ENGINE HTTP Server cherrypy._cpwsgi_server.CPWSGIServer(('127.0.0.1', 5006)) shut down
[23/Oct/2017:22:39:03] ENGINE Stopped thread '_TimeoutMonitor'.
[23/Oct/2017:22:39:03] ENGINE Bus STOPPED
[23/Oct/2017:22:39:03] ENGINE Bus EXITING
[23/Oct/2017:22:39:03] ENGINE Bus EXITED
[23/Oct/2017:22:39:03] ENGINE Waiting for child threads to terminate...
[23/Oct/2017:22:39:03] ENGINE Re-spawning Phylotastic_Misc_WebServices_Running.py
[23/Oct/2017:22:39:03] ENGINE Bus STARTING
[23/Oct/2017:22:39:03] ENGINE Started monitor thread '_TimeoutMonitor'.
[23/Oct/2017:22:39:03] ENGINE Started monitor thread 'Autoreloader'.
[23/Oct/2017:22:39:03] ENGINE Serving on http://127.0.0.1:5006
[23/Oct/2017:22:39:03] ENGINE Bus STARTED
[23/Oct/2017:22:42:15] ENGINE Restarting because /home/tayeen/TayeenFolders/Github/phylo_webservices/Phylotastic_Misc_WebServices/Phylotastic_Misc_WebServices_Running.py changed.
[23/Oct/2017:22:42:15] ENGINE Stopped thread 'Autoreloader'.
[23/Oct/2017:22:42:15] ENGINE Bus STOPPING
[23/Oct/2017:22:42:15] ENGINE HTTP Server cherrypy._cpwsgi_server.CPWSGIServer(('127.0.0.1', 5006)) shut down
[23/Oct/2017:22:42:15] ENGINE Stopped thread '_TimeoutMonitor'.
[23/Oct/2017:22:42:15] ENGINE Bus STOPPED
[23/Oct/2017:22:42:15] ENGINE Bus EXITING
[23/Oct/2017:22:42:15] ENGINE Bus EXITED
[23/Oct/2017:22:42:15] ENGINE Waiting for child threads to terminate...
[23/Oct/2017:22:42:15] ENGINE Re-spawning Phylotastic_Misc_WebServices_Running.py
[23/Oct/2017:22:42:15] ENGINE Bus STARTING
[23/Oct/2017:22:42:15] ENGINE Started monitor thread '_TimeoutMonitor'.
[23/Oct/2017:22:42:15] ENGINE Started monitor thread 'Autoreloader'.
[23/Oct/2017:22:42:15] ENGINE Serving on http://127.0.0.1:5006
[23/Oct/2017:22:42:15] ENGINE Bus STARTED
[23/Oct/2017:22:42:59] ENGINE Restarting because /home/tayeen/TayeenFolders/Github/phylo_webservices/Phylotastic_Misc_WebServices/Phylotastic_Misc_WebServices_Running.py changed.
[23/Oct/2017:22:42:59] ENGINE Stopped thread 'Autoreloader'.
[23/Oct/2017:22:42:59] ENGINE Bus STOPPING
[23/Oct/2017:22:42:59] ENGINE HTTP Server cherrypy._cpwsgi_server.CPWSGIServer(('127.0.0.1', 5006)) shut down
[23/Oct/2017:22:42:59] ENGINE Stopped thread '_TimeoutMonitor'.
[23/Oct/2017:22:42:59] ENGINE Bus STOPPED
[23/Oct/2017:22:42:59] ENGINE Bus EXITING
[23/Oct/2017:22:42:59] ENGINE Bus EXITED
[23/Oct/2017:22:42:59] ENGINE Waiting for child threads to terminate...
[23/Oct/2017:22:42:59] ENGINE Re-spawning Phylotastic_Misc_WebServices_Running.py
[23/Oct/2017:22:42:59] ENGINE Bus STARTING
[23/Oct/2017:22:42:59] ENGINE Started monitor thread '_TimeoutMonitor'.
[23/Oct/2017:22:42:59] ENGINE Started monitor thread 'Autoreloader'.
[23/Oct/2017:22:42:59] ENGINE Serving on http://127.0.0.1:5006
[23/Oct/2017:22:42:59] ENGINE Bus STARTED
[23/Oct/2017:22:46:41] ENGINE Restarting because /home/tayeen/TayeenFolders/Github/phylo_webservices/Phylotastic_Misc_WebServices/support/tree_studies_service.py changed.
[23/Oct/2017:22:46:41] ENGINE Stopped thread 'Autoreloader'.
[23/Oct/2017:22:46:41] ENGINE Bus STOPPING
[23/Oct/2017:22:46:41] ENGINE HTTP Server cherrypy._cpwsgi_server.CPWSGIServer(('127.0.0.1', 5006)) shut down
[23/Oct/2017:22:46:41] ENGINE Stopped thread '_TimeoutMonitor'.
[23/Oct/2017:22:46:41] ENGINE Bus STOPPED
[23/Oct/2017:22:46:41] ENGINE Bus EXITING
[23/Oct/2017:22:46:41] ENGINE Bus EXITED
[23/Oct/2017:22:46:41] ENGINE Waiting for child threads to terminate...
[23/Oct/2017:22:46:41] ENGINE Re-spawning Phylotastic_Misc_WebServices_Running.py
[23/Oct/2017:22:46:42] ENGINE Bus STARTING
[23/Oct/2017:22:46:42] ENGINE Started monitor thread '_TimeoutMonitor'.
[23/Oct/2017:22:46:42] ENGINE Started monitor thread 'Autoreloader'.
[23/Oct/2017:22:46:42] ENGINE Serving on http://127.0.0.1:5006
[23/Oct/2017:22:46:42] ENGINE Bus STARTED
[23/Oct/2017:22:47:28] ENGINE Restarting because /home/tayeen/TayeenFolders/Github/phylo_webservices/Phylotastic_Misc_WebServices/support/tree_studies_service.py changed.
[23/Oct/2017:22:47:28] ENGINE Stopped thread 'Autoreloader'.
[23/Oct/2017:22:47:28] ENGINE Bus STOPPING
[23/Oct/2017:22:47:28] ENGINE HTTP Server cherrypy._cpwsgi_server.CPWSGIServer(('127.0.0.1', 5006)) shut down
[23/Oct/2017:22:47:28] ENGINE Stopped thread '_TimeoutMonitor'.
[23/Oct/2017:22:47:28] ENGINE Bus STOPPED
[23/Oct/2017:22:47:28] ENGINE Bus EXITING
[23/Oct/2017:22:47:28] ENGINE Bus EXITED
[23/Oct/2017:22:47:28] ENGINE Waiting for child threads to terminate...
[23/Oct/2017:22:47:28] ENGINE Re-spawning Phylotastic_Misc_WebServices_Running.py
[23/Oct/2017:22:47:28] ENGINE Bus STARTING
[23/Oct/2017:22:47:28] ENGINE Started monitor thread '_TimeoutMonitor'.
[23/Oct/2017:22:47:28] ENGINE Started monitor thread 'Autoreloader'.
[23/Oct/2017:22:47:28] ENGINE Serving on http://127.0.0.1:5006
[23/Oct/2017:22:47:28] ENGINE Bus STARTED
[23/Oct/2017:22:48:28] ENGINE Restarting because /home/tayeen/TayeenFolders/Github/phylo_webservices/Phylotastic_Misc_WebServices/support/tree_studies_service.py changed.
[23/Oct/2017:22:48:28] ENGINE Stopped thread 'Autoreloader'.
[23/Oct/2017:22:48:28] ENGINE Bus STOPPING
[23/Oct/2017:22:48:28] ENGINE HTTP Server cherrypy._cpwsgi_server.CPWSGIServer(('127.0.0.1', 5006)) shut down
[23/Oct/2017:22:48:28] ENGINE Stopped thread '_TimeoutMonitor'.
[23/Oct/2017:22:48:28] ENGINE Bus STOPPED
[23/Oct/2017:22:48:28] ENGINE Bus EXITING
[23/Oct/2017:22:48:28] ENGINE Bus EXITED
[23/Oct/2017:22:48:28] ENGINE Waiting for child threads to terminate...
[23/Oct/2017:22:48:28] ENGINE Re-spawning Phylotastic_Misc_WebServices_Running.py
[23/Oct/2017:22:48:28] ENGINE Bus STARTING
[23/Oct/2017:22:48:28] ENGINE Started monitor thread '_TimeoutMonitor'.
[23/Oct/2017:22:48:28] ENGINE Started monitor thread 'Autoreloader'.
[23/Oct/2017:22:48:28] ENGINE Serving on http://127.0.0.1:5006
[23/Oct/2017:22:48:28] ENGINE Bus STARTED
[23/Oct/2017:22:49:40] ENGINE Restarting because /home/tayeen/TayeenFolders/Github/phylo_webservices/Phylotastic_Misc_WebServices/Phylotastic_Misc_WebServices_Running.py changed.
[23/Oct/2017:22:49:40] ENGINE Stopped thread 'Autoreloader'.
[23/Oct/2017:22:49:40] ENGINE Bus STOPPING
[23/Oct/2017:22:49:40] ENGINE HTTP Server cherrypy._cpwsgi_server.CPWSGIServer(('127.0.0.1', 5006)) shut down
[23/Oct/2017:22:49:40] ENGINE Stopped thread '_TimeoutMonitor'.
[23/Oct/2017:22:49:40] ENGINE Bus STOPPED
[23/Oct/2017:22:49:40] ENGINE Bus EXITING
[23/Oct/2017:22:49:40] ENGINE Bus EXITED
[23/Oct/2017:22:49:40] ENGINE Waiting for child threads to terminate...
[23/Oct/2017:22:49:40] ENGINE Re-spawning Phylotastic_Misc_WebServices_Running.py
[23/Oct/2017:22:49:40] ENGINE Bus STARTING
[23/Oct/2017:22:49:40] ENGINE Started monitor thread '_TimeoutMonitor'.
[23/Oct/2017:22:49:40] ENGINE Started monitor thread 'Autoreloader'.
[23/Oct/2017:22:49:40] ENGINE Serving on http://127.0.0.1:5006
[23/Oct/2017:22:49:40] ENGINE Bus STARTED
[23/Oct/2017:22:49:46] ENGINE Restarting because /home/tayeen/TayeenFolders/Github/phylo_webservices/Phylotastic_Misc_WebServices/Phylotastic_Misc_WebServices_Running.py changed.
[23/Oct/2017:22:49:46] ENGINE Stopped thread 'Autoreloader'.
[23/Oct/2017:22:49:46] ENGINE Bus STOPPING
[23/Oct/2017:22:49:46] ENGINE HTTP Server cherrypy._cpwsgi_server.CPWSGIServer(('127.0.0.1', 5006)) shut down
[23/Oct/2017:22:49:46] ENGINE Stopped thread '_TimeoutMonitor'.
[23/Oct/2017:22:49:46] ENGINE Bus STOPPED
[23/Oct/2017:22:49:46] ENGINE Bus EXITING
[23/Oct/2017:22:49:46] ENGINE Bus EXITED
[23/Oct/2017:22:49:46] ENGINE Waiting for child threads to terminate...
[23/Oct/2017:22:49:46] ENGINE Re-spawning Phylotastic_Misc_WebServices_Running.py
[23/Oct/2017:22:49:46] ENGINE Bus STARTING
[23/Oct/2017:22:49:46] ENGINE Started monitor thread '_TimeoutMonitor'.
[23/Oct/2017:22:49:47] ENGINE Started monitor thread 'Autoreloader'.
[23/Oct/2017:22:49:47] ENGINE Serving on http://127.0.0.1:5006
[23/Oct/2017:22:49:47] ENGINE Bus STARTED
[23/Oct/2017:22:50:39] ENGINE Restarting because /home/tayeen/TayeenFolders/Github/phylo_webservices/Phylotastic_Misc_WebServices/Phylotastic_Misc_WebServices_Running.py changed.
[23/Oct/2017:22:50:39] ENGINE Stopped thread 'Autoreloader'.
[23/Oct/2017:22:50:39] ENGINE Bus STOPPING
[23/Oct/2017:22:50:39] ENGINE HTTP Server cherrypy._cpwsgi_server.CPWSGIServer(('127.0.0.1', 5006)) shut down
[23/Oct/2017:22:50:39] ENGINE Stopped thread '_TimeoutMonitor'.
[23/Oct/2017:22:50:39] ENGINE Bus STOPPED
[23/Oct/2017:22:50:39] ENGINE Bus EXITING
[23/Oct/2017:22:50:39] ENGINE Bus EXITED
[23/Oct/2017:22:50:39] ENGINE Waiting for child threads to terminate...
[23/Oct/2017:22:50:39] ENGINE Re-spawning Phylotastic_Misc_WebServices_Running.py
[23/Oct/2017:22:51:21] ENGINE Bus STARTING
[23/Oct/2017:22:51:21] ENGINE Started monitor thread '_TimeoutMonitor'.
[23/Oct/2017:22:51:21] ENGINE Started monitor thread 'Autoreloader'.
[23/Oct/2017:22:51:21] ENGINE Serving on http://127.0.0.1:5006
[23/Oct/2017:22:51:21] ENGINE Bus STARTED
[23/Oct/2017:22:56:36] ENGINE Restarting because /home/tayeen/TayeenFolders/Github/phylo_webservices/Phylotastic_Misc_WebServices/Phylotastic_Misc_WebServices_Running.py changed.
[23/Oct/2017:22:56:36] ENGINE Stopped thread 'Autoreloader'.
[23/Oct/2017:22:56:36] ENGINE Bus STOPPING
[23/Oct/2017:22:56:36] ENGINE HTTP Server cherrypy._cpwsgi_server.CPWSGIServer(('127.0.0.1', 5006)) shut down
[23/Oct/2017:22:56:36] ENGINE Stopped thread '_TimeoutMonitor'.
[23/Oct/2017:22:56:36] ENGINE Bus STOPPED
[23/Oct/2017:22:56:36] ENGINE Bus EXITING
[23/Oct/2017:22:56:36] ENGINE Bus EXITED
[23/Oct/2017:22:56:36] ENGINE Waiting for child threads to terminate...
[23/Oct/2017:22:56:36] ENGINE Re-spawning Phylotastic_Misc_WebServices_Running.py
[23/Oct/2017:22:56:36] ENGINE Bus STARTING
[23/Oct/2017:22:56:36] ENGINE Started monitor thread '_TimeoutMonitor'.
[23/Oct/2017:22:56:36] ENGINE Started monitor thread 'Autoreloader'.
[23/Oct/2017:22:56:37] ENGINE Serving on http://127.0.0.1:5006
[23/Oct/2017:22:56:37] ENGINE Bus STARTED
[23/Oct/2017:22:58:00] ENGINE Restarting because /home/tayeen/TayeenFolders/Github/phylo_webservices/Phylotastic_Misc_WebServices/Phylotastic_Misc_WebServices_Running.py changed.
[23/Oct/2017:22:58:00] ENGINE Stopped thread 'Autoreloader'.
[23/Oct/2017:22:58:00] ENGINE Bus STOPPING
[23/Oct/2017:22:58:00] ENGINE HTTP Server cherrypy._cpwsgi_server.CPWSGIServer(('127.0.0.1', 5006)) shut down
[23/Oct/2017:22:58:00] ENGINE Stopped thread '_TimeoutMonitor'.
[23/Oct/2017:22:58:00] ENGINE Bus STOPPED
[23/Oct/2017:22:58:00] ENGINE Bus EXITING
[23/Oct/2017:22:58:00] ENGINE Bus EXITED
[23/Oct/2017:22:58:00] ENGINE Waiting for child threads to terminate...
[23/Oct/2017:22:58:00] ENGINE Re-spawning Phylotastic_Misc_WebServices_Running.py
[23/Oct/2017:22:58:01] ENGINE Bus STARTING
[23/Oct/2017:22:58:01] ENGINE Started monitor thread '_TimeoutMonitor'.
[23/Oct/2017:22:58:01] ENGINE Started monitor thread 'Autoreloader'.
[23/Oct/2017:22:58:01] ENGINE Serving on http://127.0.0.1:5006
[23/Oct/2017:22:58:01] ENGINE Bus STARTED
[23/Oct/2017:22:58:27] ENGINE Restarting because /home/tayeen/TayeenFolders/Github/phylo_webservices/Phylotastic_Misc_WebServices/Phylotastic_Misc_WebServices_Running.py changed.
[23/Oct/2017:22:58:27] ENGINE Stopped thread 'Autoreloader'.
[23/Oct/2017:22:58:27] ENGINE Bus STOPPING
[23/Oct/2017:22:58:27] ENGINE HTTP Server cherrypy._cpwsgi_server.CPWSGIServer(('127.0.0.1', 5006)) shut down
[23/Oct/2017:22:58:27] ENGINE Stopped thread '_TimeoutMonitor'.
[23/Oct/2017:22:58:27] ENGINE Bus STOPPED
[23/Oct/2017:22:58:27] ENGINE Bus EXITING
[23/Oct/2017:22:58:27] ENGINE Bus EXITED
[23/Oct/2017:22:58:27] ENGINE Waiting for child threads to terminate...
[23/Oct/2017:22:58:27] ENGINE Re-spawning Phylotastic_Misc_WebServices_Running.py
[23/Oct/2017:22:58:27] ENGINE Bus STARTING
[23/Oct/2017:22:58:27] ENGINE Started monitor thread '_TimeoutMonitor'.
[23/Oct/2017:22:58:27] ENGINE Started monitor thread 'Autoreloader'.
[23/Oct/2017:22:58:27] ENGINE Serving on http://127.0.0.1:5006
[23/Oct/2017:22:58:27] ENGINE Bus STARTED
[23/Oct/2017:22:58:41] ENGINE Restarting because /home/tayeen/TayeenFolders/Github/phylo_webservices/Phylotastic_Misc_WebServices/Phylotastic_Misc_WebServices_Running.py changed.
[23/Oct/2017:22:58:41] ENGINE Stopped thread 'Autoreloader'.
[23/Oct/2017:22:58:41] ENGINE Bus STOPPING
[23/Oct/2017:22:58:41] ENGINE HTTP Server cherrypy._cpwsgi_server.CPWSGIServer(('127.0.0.1', 5006)) shut down
[23/Oct/2017:22:58:41] ENGINE Stopped thread '_TimeoutMonitor'.
[23/Oct/2017:22:58:41] ENGINE Bus STOPPED
[23/Oct/2017:22:58:41] ENGINE Bus EXITING
[23/Oct/2017:22:58:41] ENGINE Bus EXITED
[23/Oct/2017:22:58:41] ENGINE Waiting for child threads to terminate...
[23/Oct/2017:22:58:41] ENGINE Re-spawning Phylotastic_Misc_WebServices_Running.py
[23/Oct/2017:22:58:42] ENGINE Bus STARTING
[23/Oct/2017:22:58:42] ENGINE Started monitor thread '_TimeoutMonitor'.
[23/Oct/2017:22:58:42] ENGINE Started monitor thread 'Autoreloader'.
[23/Oct/2017:22:58:42] ENGINE Serving on http://0.0.0.0:5006
[23/Oct/2017:22:58:42] ENGINE Bus STARTED
[23/Oct/2017:23:00:37] ENGINE Keyboard Interrupt: shutting down bus
[23/Oct/2017:23:00:37] ENGINE Bus STOPPING
[23/Oct/2017:23:00:37] ENGINE HTTP Server cherrypy._cpwsgi_server.CPWSGIServer(('0.0.0.0', 5006)) shut down
[23/Oct/2017:23:00:37] ENGINE Stopped thread 'Autoreloader'.
[23/Oct/2017:23:00:37] ENGINE Stopped thread '_TimeoutMonitor'.
[23/Oct/2017:23:00:37] ENGINE Bus STOPPED
[23/Oct/2017:23:00:37] ENGINE Bus EXITING
[23/Oct/2017:23:00:37] ENGINE Bus EXITED
[23/Oct/2017:23:00:37] ENGINE Waiting for child threads to terminate...
[23/Oct/2017:23:11:40] ENGINE Bus STARTING
[23/Oct/2017:23:11:40] ENGINE Started monitor thread '_TimeoutMonitor'.
[23/Oct/2017:23:11:40] ENGINE Started monitor thread 'Autoreloader'.
[23/Oct/2017:23:11:40] ENGINE Serving on http://127.0.0.1:5006
[23/Oct/2017:23:11:40] ENGINE Bus STARTED
[23/Oct/2017:23:32:52] ENGINE Restarting because /home/tayeen/TayeenFolders/Github/phylo_webservices/Phylotastic_Misc_WebServices/support/compare_trees_service.py changed.
[23/Oct/2017:23:32:52] ENGINE Stopped thread 'Autoreloader'.
[23/Oct/2017:23:32:52] ENGINE Bus STOPPING
[23/Oct/2017:23:32:52] ENGINE HTTP Server cherrypy._cpwsgi_server.CPWSGIServer(('127.0.0.1', 5006)) shut down
[23/Oct/2017:23:32:52] ENGINE Stopped thread '_TimeoutMonitor'.
[23/Oct/2017:23:32:52] ENGINE Bus STOPPED
[23/Oct/2017:23:32:52] ENGINE Bus EXITING
[23/Oct/2017:23:32:52] ENGINE Bus EXITED
[23/Oct/2017:23:32:52] ENGINE Waiting for child threads to terminate...
[23/Oct/2017:23:32:52] ENGINE Re-spawning Phylotastic_Misc_WebServices_Running.py
[23/Oct/2017:23:34:34] ENGINE Bus STARTING
[23/Oct/2017:23:34:34] ENGINE Started monitor thread '_TimeoutMonitor'.
[23/Oct/2017:23:34:34] ENGINE Started monitor thread 'Autoreloader'.
[23/Oct/2017:23:34:34] ENGINE Serving on http://127.0.0.1:5006
[23/Oct/2017:23:34:34] ENGINE Bus STARTED
[23/Oct/2017:23:34:55] ENGINE Restarting because /home/tayeen/TayeenFolders/Github/phylo_webservices/Phylotastic_Misc_WebServices/support/compare_trees_service.py changed.
[23/Oct/2017:23:34:55] ENGINE Stopped thread 'Autoreloader'.
[23/Oct/2017:23:34:55] ENGINE Bus STOPPING
[23/Oct/2017:23:34:55] ENGINE HTTP Server cherrypy._cpwsgi_server.CPWSGIServer(('127.0.0.1', 5006)) shut down
[23/Oct/2017:23:34:55] ENGINE Stopped thread '_TimeoutMonitor'.
[23/Oct/2017:23:34:55] ENGINE Bus STOPPED
[23/Oct/2017:23:34:55] ENGINE Bus EXITING
[23/Oct/2017:23:34:55] ENGINE Bus EXITED
[23/Oct/2017:23:34:55] ENGINE Waiting for child threads to terminate...
[23/Oct/2017:23:34:55] ENGINE Re-spawning Phylotastic_Misc_WebServices_Running.py
[23/Oct/2017:23:34:55] ENGINE Bus STARTING
[23/Oct/2017:23:34:55] ENGINE Started monitor thread '_TimeoutMonitor'.
[23/Oct/2017:23:34:55] ENGINE Started monitor thread 'Autoreloader'.
[23/Oct/2017:23:34:56] ENGINE Serving on http://127.0.0.1:5006
[23/Oct/2017:23:34:56] ENGINE Bus STARTED
[23/Oct/2017:23:36:04] ENGINE Keyboard Interrupt: shutting down bus
[23/Oct/2017:23:36:04] ENGINE Bus STOPPING
[23/Oct/2017:23:36:04] ENGINE HTTP Server cherrypy._cpwsgi_server.CPWSGIServer(('127.0.0.1', 5006)) shut down
[23/Oct/2017:23:36:04] ENGINE Stopped thread 'Autoreloader'.
[23/Oct/2017:23:36:04] ENGINE Stopped thread '_TimeoutMonitor'.
[23/Oct/2017:23:36:04] ENGINE Bus STOPPED
[23/Oct/2017:23:36:04] ENGINE Bus EXITING
[23/Oct/2017:23:36:04] ENGINE Bus EXITED
[23/Oct/2017:23:36:04] ENGINE Waiting for child threads to terminate...
