[07/Sep/2015:11:01:49] ENGINE Bus STARTING
[07/Sep/2015:11:01:49] ENGINE Started monitor thread 'Autoreloader'.
[07/Sep/2015:11:01:49] ENGINE Started monitor thread '_TimeoutMonitor'.
[07/Sep/2015:11:01:49] ENGINE Serving on http://0.0.0.0:5002
[07/Sep/2015:11:01:49] ENGINE Bus STARTED
[07/Sep/2015:11:02:32] ENGINE Restarting because /Volumes/Develop_Data_MacOS/All_Workspace/PHP_Python_Workspace/Phylotastic_UserCases_NMSU/Phylotastic_UserCases_WebServices_Running.py changed.
[07/Sep/2015:11:02:32] ENGINE Stopped thread 'Autoreloader'.
[07/Sep/2015:11:02:32] ENGINE Bus STOPPING
[07/Sep/2015:11:02:32] ENGINE HTTP Server cherrypy._cpwsgi_server.CPWSGIServer(('0.0.0.0', 5002)) shut down
[07/Sep/2015:11:02:32] ENGINE Stopped thread '_TimeoutMonitor'.
[07/Sep/2015:11:02:32] ENGINE Bus STOPPED
[07/Sep/2015:11:02:32] ENGINE Bus EXITING
[07/Sep/2015:11:02:32] ENGINE Bus EXITED
[07/Sep/2015:11:02:32] ENGINE Waiting for child threads to terminate...
[07/Sep/2015:11:02:32] ENGINE Re-spawning /Volumes/Develop_Data_MacOS/All_Workspace/PHP_Python_Workspace/Phylotastic_UserCases_NMSU/Phylotastic_UserCases_WebServices_Running.py
[07/Sep/2015:11:02:32] ENGINE Bus STARTING
[07/Sep/2015:11:02:32] ENGINE Started monitor thread 'Autoreloader'.
[07/Sep/2015:11:02:32] ENGINE Started monitor thread '_TimeoutMonitor'.
[07/Sep/2015:11:02:32] ENGINE Serving on http://0.0.0.0:5002
[07/Sep/2015:11:02:32] ENGINE Bus STARTED
[07/Sep/2015:11:02:40] ENGINE Bus STARTING
[07/Sep/2015:11:02:40] ENGINE Started monitor thread 'Autoreloader'.
[07/Sep/2015:11:02:40] ENGINE Started monitor thread '_TimeoutMonitor'.
[07/Sep/2015:11:02:40] ENGINE Serving on http://0.0.0.0:5002
[07/Sep/2015:11:02:40] ENGINE Bus STARTED
[07/Sep/2015:11:05:26] HTTP Traceback (most recent call last):
  File "/Library/Python/2.7/site-packages/cherrypy/_cprequest.py", line 670, in respond
    response.body = self.handler()
  File "/Library/Python/2.7/site-packages/cherrypy/lib/encoding.py", line 260, in __call__
    ct.params['charset'] = self.find_acceptable_charset()
  File "/Library/Python/2.7/site-packages/cherrypy/lib/encoding.py", line 169, in find_acceptable_charset
    if encoder(self.default_encoding):
  File "/Library/Python/2.7/site-packages/cherrypy/lib/encoding.py", line 110, in encode_string
    for chunk in self.body:
TypeError: 'int' object is not iterable

[07/Sep/2015:11:05:26] HTTP 
Request Headers:
  CONNECTION: keep-alive
  COOKIE: csrftoken=GHQmdWNppjIKa9OSK94oyipmgrOTOS2K
  HOST: 127.0.0.1:5002
  UPGRADE-INSECURE-REQUESTS: 1
  Remote-Addr: 127.0.0.1
  ACCEPT: text/html,application/xhtml+xml,application/xml;q=0.9,image/webp,*/*;q=0.8
  USER-AGENT: Mozilla/5.0 (Macintosh; Intel Mac OS X 10_10_5) AppleWebKit/537.36 (KHTML, like Gecko) Chrome/45.0.2454.85 Safari/537.36
  ACCEPT-LANGUAGE: vi-VN,vi;q=0.8,fr-FR;q=0.6,fr;q=0.4,en-US;q=0.2,en;q=0.2
  ACCEPT-ENCODING: gzip, deflate, sdch
[07/Sep/2015:11:07:06] ENGINE Restarting because /Volumes/Develop_Data_MacOS/All_Workspace/PHP_Python_Workspace/Phylotastic_UserCases_NMSU/Phylotastic_UserCases_WebServices_Running.py changed.
[07/Sep/2015:11:07:06] ENGINE Stopped thread 'Autoreloader'.
[07/Sep/2015:11:07:06] ENGINE Bus STOPPING
[07/Sep/2015:11:07:06] ENGINE HTTP Server cherrypy._cpwsgi_server.CPWSGIServer(('0.0.0.0', 5002)) shut down
[07/Sep/2015:11:07:06] ENGINE Stopped thread '_TimeoutMonitor'.
[07/Sep/2015:11:07:06] ENGINE Bus STOPPED
[07/Sep/2015:11:07:06] ENGINE Bus EXITING
[07/Sep/2015:11:07:06] ENGINE Bus EXITED
[07/Sep/2015:11:07:06] ENGINE Waiting for child threads to terminate...
[07/Sep/2015:11:07:06] ENGINE Re-spawning /Volumes/Develop_Data_MacOS/All_Workspace/PHP_Python_Workspace/Phylotastic_UserCases_NMSU/Phylotastic_UserCases_WebServices_Running.py
[07/Sep/2015:11:07:06] ENGINE Bus STARTING
[07/Sep/2015:11:07:06] ENGINE Started monitor thread 'Autoreloader'.
[07/Sep/2015:11:07:06] ENGINE Started monitor thread '_TimeoutMonitor'.
[07/Sep/2015:11:07:07] ENGINE Serving on http://0.0.0.0:5002
[07/Sep/2015:11:07:07] ENGINE Bus STARTED
[07/Sep/2015:11:07:13] ENGINE Bus STARTING
[07/Sep/2015:11:07:13] ENGINE Started monitor thread 'Autoreloader'.
[07/Sep/2015:11:07:13] ENGINE Started monitor thread '_TimeoutMonitor'.
[07/Sep/2015:11:07:13] ENGINE Serving on http://0.0.0.0:5002
[07/Sep/2015:11:07:13] ENGINE Bus STARTED
[07/Sep/2015:11:11:28] ENGINE Restarting because /Volumes/Develop_Data_MacOS/All_Workspace/PHP_Python_Workspace/Phylotastic_UserCases_NMSU/Phylotastic_UserCases_WebServices_Running.py changed.
[07/Sep/2015:11:11:28] ENGINE Stopped thread 'Autoreloader'.
[07/Sep/2015:11:11:28] ENGINE Bus STOPPING
[07/Sep/2015:11:11:28] ENGINE HTTP Server cherrypy._cpwsgi_server.CPWSGIServer(('0.0.0.0', 5002)) shut down
[07/Sep/2015:11:11:28] ENGINE Stopped thread '_TimeoutMonitor'.
[07/Sep/2015:11:11:28] ENGINE Bus STOPPED
[07/Sep/2015:11:11:28] ENGINE Bus EXITING
[07/Sep/2015:11:11:28] ENGINE Bus EXITED
[07/Sep/2015:11:11:28] ENGINE Waiting for child threads to terminate...
[07/Sep/2015:11:11:28] ENGINE Re-spawning /Volumes/Develop_Data_MacOS/All_Workspace/PHP_Python_Workspace/Phylotastic_UserCases_NMSU/Phylotastic_UserCases_WebServices_Running.py
[07/Sep/2015:11:11:28] ENGINE Bus STARTING
[07/Sep/2015:11:11:28] ENGINE Started monitor thread 'Autoreloader'.
[07/Sep/2015:11:11:28] ENGINE Started monitor thread '_TimeoutMonitor'.
[07/Sep/2015:11:11:28] ENGINE Serving on http://0.0.0.0:5002
[07/Sep/2015:11:11:28] ENGINE Bus STARTED
[07/Sep/2015:11:11:43] ENGINE Restarting because /Volumes/Develop_Data_MacOS/All_Workspace/PHP_Python_Workspace/Phylotastic_UserCases_NMSU/Phylotastic_UserCases_WebServices_Running.py changed.
[07/Sep/2015:11:11:43] ENGINE Stopped thread 'Autoreloader'.
[07/Sep/2015:11:11:43] ENGINE Bus STOPPING
[07/Sep/2015:11:11:43] ENGINE HTTP Server cherrypy._cpwsgi_server.CPWSGIServer(('0.0.0.0', 5002)) shut down
[07/Sep/2015:11:11:43] ENGINE Stopped thread '_TimeoutMonitor'.
[07/Sep/2015:11:11:43] ENGINE Bus STOPPED
[07/Sep/2015:11:11:43] ENGINE Bus EXITING
[07/Sep/2015:11:11:43] ENGINE Bus EXITED
[07/Sep/2015:11:11:43] ENGINE Waiting for child threads to terminate...
[07/Sep/2015:11:11:43] ENGINE Re-spawning /Volumes/Develop_Data_MacOS/All_Workspace/PHP_Python_Workspace/Phylotastic_UserCases_NMSU/Phylotastic_UserCases_WebServices_Running.py
[07/Sep/2015:11:11:44] ENGINE Bus STARTING
[07/Sep/2015:11:11:44] ENGINE Started monitor thread 'Autoreloader'.
[07/Sep/2015:11:11:44] ENGINE Started monitor thread '_TimeoutMonitor'.
[07/Sep/2015:11:11:44] ENGINE Serving on http://0.0.0.0:5002
[07/Sep/2015:11:11:44] ENGINE Bus STARTED
[07/Sep/2015:11:12:08] ENGINE Restarting because /Volumes/Develop_Data_MacOS/All_Workspace/PHP_Python_Workspace/Phylotastic_UserCases_NMSU/Phylotastic_UserCases_WebServices_Running.py changed.
[07/Sep/2015:11:12:08] ENGINE Stopped thread 'Autoreloader'.
[07/Sep/2015:11:12:08] ENGINE Bus STOPPING
[07/Sep/2015:11:12:08] ENGINE HTTP Server cherrypy._cpwsgi_server.CPWSGIServer(('0.0.0.0', 5002)) shut down
[07/Sep/2015:11:12:08] ENGINE Stopped thread '_TimeoutMonitor'.
[07/Sep/2015:11:12:08] ENGINE Bus STOPPED
[07/Sep/2015:11:12:08] ENGINE Bus EXITING
[07/Sep/2015:11:12:08] ENGINE Bus EXITED
[07/Sep/2015:11:12:08] ENGINE Waiting for child threads to terminate...
[07/Sep/2015:11:12:08] ENGINE Re-spawning /Volumes/Develop_Data_MacOS/All_Workspace/PHP_Python_Workspace/Phylotastic_UserCases_NMSU/Phylotastic_UserCases_WebServices_Running.py
[07/Sep/2015:11:12:08] ENGINE Bus STARTING
[07/Sep/2015:11:12:08] ENGINE Started monitor thread 'Autoreloader'.
[07/Sep/2015:11:12:08] ENGINE Started monitor thread '_TimeoutMonitor'.
[07/Sep/2015:11:12:08] ENGINE Serving on http://0.0.0.0:5002
[07/Sep/2015:11:12:08] ENGINE Bus STARTED
[07/Sep/2015:11:12:17] ENGINE Restarting because /Volumes/Develop_Data_MacOS/All_Workspace/PHP_Python_Workspace/Phylotastic_UserCases_NMSU/Phylotastic_UserCases_WebServices_Running.py changed.
[07/Sep/2015:11:12:17] ENGINE Stopped thread 'Autoreloader'.
[07/Sep/2015:11:12:17] ENGINE Bus STOPPING
[07/Sep/2015:11:12:17] ENGINE HTTP Server cherrypy._cpwsgi_server.CPWSGIServer(('0.0.0.0', 5002)) shut down
[07/Sep/2015:11:12:17] ENGINE Stopped thread '_TimeoutMonitor'.
[07/Sep/2015:11:12:17] ENGINE Bus STOPPED
[07/Sep/2015:11:12:17] ENGINE Bus EXITING
[07/Sep/2015:11:12:17] ENGINE Bus EXITED
[07/Sep/2015:11:12:17] ENGINE Waiting for child threads to terminate...
[07/Sep/2015:11:12:17] ENGINE Re-spawning /Volumes/Develop_Data_MacOS/All_Workspace/PHP_Python_Workspace/Phylotastic_UserCases_NMSU/Phylotastic_UserCases_WebServices_Running.py
[07/Sep/2015:11:12:17] ENGINE Bus STARTING
[07/Sep/2015:11:12:17] ENGINE Started monitor thread 'Autoreloader'.
[07/Sep/2015:11:12:17] ENGINE Started monitor thread '_TimeoutMonitor'.
[07/Sep/2015:11:12:17] ENGINE Serving on http://0.0.0.0:5002
[07/Sep/2015:11:12:17] ENGINE Bus STARTED
[07/Sep/2015:11:12:34] ENGINE Bus STARTING
[07/Sep/2015:11:12:34] ENGINE Started monitor thread 'Autoreloader'.
[07/Sep/2015:11:12:34] ENGINE Started monitor thread '_TimeoutMonitor'.
[07/Sep/2015:11:12:34] ENGINE Serving on http://0.0.0.0:5002
[07/Sep/2015:11:12:34] ENGINE Bus STARTED
[07/Sep/2015:11:12:40] ENGINE Bus STARTING
[07/Sep/2015:11:12:40] ENGINE Started monitor thread 'Autoreloader'.
[07/Sep/2015:11:12:40] ENGINE Started monitor thread '_TimeoutMonitor'.
[07/Sep/2015:11:12:40] ENGINE Serving on http://0.0.0.0:5002
[07/Sep/2015:11:12:40] ENGINE Bus STARTED
[07/Sep/2015:11:28:57] ENGINE Bus STARTING
[07/Sep/2015:11:28:57] ENGINE Started monitor thread 'Autoreloader'.
[07/Sep/2015:11:28:57] ENGINE Started monitor thread '_TimeoutMonitor'.
[07/Sep/2015:11:28:57] ENGINE Serving on http://0.0.0.0:5002
[07/Sep/2015:11:28:57] ENGINE Bus STARTED
[07/Sep/2015:11:31:26] ENGINE Restarting because /Volumes/Develop_Data_MacOS/All_Workspace/PHP_Python_Workspace/Phylotastic_UserCases_NMSU/Phylotastic_UserCases_WebServices_Running.py changed.
[07/Sep/2015:11:31:26] ENGINE Stopped thread 'Autoreloader'.
[07/Sep/2015:11:31:26] ENGINE Bus STOPPING
[07/Sep/2015:11:31:26] ENGINE HTTP Server cherrypy._cpwsgi_server.CPWSGIServer(('0.0.0.0', 5002)) shut down
[07/Sep/2015:11:31:26] ENGINE Stopped thread '_TimeoutMonitor'.
[07/Sep/2015:11:31:26] ENGINE Bus STOPPED
[07/Sep/2015:11:31:26] ENGINE Bus EXITING
[07/Sep/2015:11:31:26] ENGINE Bus EXITED
[07/Sep/2015:11:31:26] ENGINE Waiting for child threads to terminate...
[07/Sep/2015:11:31:26] ENGINE Re-spawning /Volumes/Develop_Data_MacOS/All_Workspace/PHP_Python_Workspace/Phylotastic_UserCases_NMSU/Phylotastic_UserCases_WebServices_Running.py
[07/Sep/2015:11:31:26] ENGINE Bus STARTING
[07/Sep/2015:11:31:26] ENGINE Started monitor thread 'Autoreloader'.
[07/Sep/2015:11:31:26] ENGINE Started monitor thread '_TimeoutMonitor'.
[07/Sep/2015:11:31:26] ENGINE Serving on http://0.0.0.0:5002
[07/Sep/2015:11:31:26] ENGINE Bus STARTED
[07/Sep/2015:11:31:33] ENGINE Bus STARTING
[07/Sep/2015:11:31:33] ENGINE Started monitor thread 'Autoreloader'.
[07/Sep/2015:11:31:33] ENGINE Started monitor thread '_TimeoutMonitor'.
[07/Sep/2015:11:31:33] ENGINE Serving on http://0.0.0.0:5002
[07/Sep/2015:11:31:33] ENGINE Bus STARTED
[07/Sep/2015:11:31:52] ENGINE Restarting because /Volumes/Develop_Data_MacOS/All_Workspace/PHP_Python_Workspace/Phylotastic_UserCases_NMSU/Phylotastic_UserCases_WebServices_Running.py changed.
[07/Sep/2015:11:31:52] ENGINE Stopped thread 'Autoreloader'.
[07/Sep/2015:11:31:52] ENGINE Bus STOPPING
[07/Sep/2015:11:31:52] ENGINE HTTP Server cherrypy._cpwsgi_server.CPWSGIServer(('0.0.0.0', 5002)) shut down
[07/Sep/2015:11:31:52] ENGINE Stopped thread '_TimeoutMonitor'.
[07/Sep/2015:11:31:52] ENGINE Bus STOPPED
[07/Sep/2015:11:31:52] ENGINE Bus EXITING
[07/Sep/2015:11:31:52] ENGINE Bus EXITED
[07/Sep/2015:11:31:52] ENGINE Waiting for child threads to terminate...
[07/Sep/2015:11:31:52] ENGINE Re-spawning /Volumes/Develop_Data_MacOS/All_Workspace/PHP_Python_Workspace/Phylotastic_UserCases_NMSU/Phylotastic_UserCases_WebServices_Running.py
[07/Sep/2015:11:31:52] ENGINE Bus STARTING
[07/Sep/2015:11:31:52] ENGINE Started monitor thread 'Autoreloader'.
[07/Sep/2015:11:31:52] ENGINE Started monitor thread '_TimeoutMonitor'.
[07/Sep/2015:11:31:53] ENGINE Serving on http://0.0.0.0:5002
[07/Sep/2015:11:31:53] ENGINE Bus STARTED
[07/Sep/2015:11:31:56] ENGINE Bus STARTING
[07/Sep/2015:11:31:56] ENGINE Started monitor thread 'Autoreloader'.
[07/Sep/2015:11:31:56] ENGINE Started monitor thread '_TimeoutMonitor'.
[07/Sep/2015:11:31:56] ENGINE Serving on http://0.0.0.0:5002
[07/Sep/2015:11:31:56] ENGINE Bus STARTED
[07/Sep/2015:11:32:23] ENGINE Restarting because /Volumes/Develop_Data_MacOS/All_Workspace/PHP_Python_Workspace/Phylotastic_UserCases_NMSU/Phylotastic_UserCases_WebServices_Running.py changed.
[07/Sep/2015:11:32:23] ENGINE Stopped thread 'Autoreloader'.
[07/Sep/2015:11:32:23] ENGINE Bus STOPPING
[07/Sep/2015:11:32:23] ENGINE HTTP Server cherrypy._cpwsgi_server.CPWSGIServer(('0.0.0.0', 5002)) shut down
[07/Sep/2015:11:32:23] ENGINE Stopped thread '_TimeoutMonitor'.
[07/Sep/2015:11:32:23] ENGINE Bus STOPPED
[07/Sep/2015:11:32:23] ENGINE Bus EXITING
[07/Sep/2015:11:32:23] ENGINE Bus EXITED
[07/Sep/2015:11:32:23] ENGINE Waiting for child threads to terminate...
[07/Sep/2015:11:32:23] ENGINE Re-spawning /Volumes/Develop_Data_MacOS/All_Workspace/PHP_Python_Workspace/Phylotastic_UserCases_NMSU/Phylotastic_UserCases_WebServices_Running.py
[07/Sep/2015:11:32:23] ENGINE Bus STARTING
[07/Sep/2015:11:32:23] ENGINE Started monitor thread 'Autoreloader'.
[07/Sep/2015:11:32:23] ENGINE Started monitor thread '_TimeoutMonitor'.
[07/Sep/2015:11:32:23] ENGINE Serving on http://0.0.0.0:5002
[07/Sep/2015:11:32:23] ENGINE Bus STARTED
[07/Sep/2015:11:32:29] ENGINE Bus STARTING
[07/Sep/2015:11:32:29] ENGINE Started monitor thread 'Autoreloader'.
[07/Sep/2015:11:32:29] ENGINE Started monitor thread '_TimeoutMonitor'.
[07/Sep/2015:11:32:29] ENGINE Serving on http://0.0.0.0:5002
[07/Sep/2015:11:32:29] ENGINE Bus STARTED
[07/Sep/2015:11:32:43] ENGINE Restarting because /Volumes/Develop_Data_MacOS/All_Workspace/PHP_Python_Workspace/Phylotastic_UserCases_NMSU/Phylotastic_UserCases_WebServices_Running.py changed.
[07/Sep/2015:11:32:43] ENGINE Stopped thread 'Autoreloader'.
[07/Sep/2015:11:32:43] ENGINE Bus STOPPING
[07/Sep/2015:11:32:43] ENGINE HTTP Server cherrypy._cpwsgi_server.CPWSGIServer(('0.0.0.0', 5002)) shut down
[07/Sep/2015:11:32:43] ENGINE Stopped thread '_TimeoutMonitor'.
[07/Sep/2015:11:32:43] ENGINE Bus STOPPED
[07/Sep/2015:11:32:43] ENGINE Bus EXITING
[07/Sep/2015:11:32:43] ENGINE Bus EXITED
[07/Sep/2015:11:32:43] ENGINE Waiting for child threads to terminate...
[07/Sep/2015:11:32:43] ENGINE Re-spawning /Volumes/Develop_Data_MacOS/All_Workspace/PHP_Python_Workspace/Phylotastic_UserCases_NMSU/Phylotastic_UserCases_WebServices_Running.py
[07/Sep/2015:11:32:48] ENGINE Bus STARTING
[07/Sep/2015:11:32:48] ENGINE Started monitor thread 'Autoreloader'.
[07/Sep/2015:11:32:48] ENGINE Started monitor thread '_TimeoutMonitor'.
[07/Sep/2015:11:32:48] ENGINE Serving on http://0.0.0.0:5002
[07/Sep/2015:11:32:48] ENGINE Bus STARTED
[07/Sep/2015:11:33:16] ENGINE Restarting because /Volumes/Develop_Data_MacOS/All_Workspace/PHP_Python_Workspace/Phylotastic_UserCases_NMSU/Phylotastic_UserCases_WebServices_Running.py changed.
[07/Sep/2015:11:33:16] ENGINE Stopped thread 'Autoreloader'.
[07/Sep/2015:11:33:16] ENGINE Bus STOPPING
[07/Sep/2015:11:33:16] ENGINE HTTP Server cherrypy._cpwsgi_server.CPWSGIServer(('0.0.0.0', 5002)) shut down
[07/Sep/2015:11:33:16] ENGINE Stopped thread '_TimeoutMonitor'.
[07/Sep/2015:11:33:16] ENGINE Bus STOPPED
[07/Sep/2015:11:33:16] ENGINE Bus EXITING
[07/Sep/2015:11:33:16] ENGINE Bus EXITED
[07/Sep/2015:11:33:16] ENGINE Waiting for child threads to terminate...
[07/Sep/2015:11:33:16] ENGINE Re-spawning /Volumes/Develop_Data_MacOS/All_Workspace/PHP_Python_Workspace/Phylotastic_UserCases_NMSU/Phylotastic_UserCases_WebServices_Running.py
[07/Sep/2015:11:33:40] ENGINE Bus STARTING
[07/Sep/2015:11:33:40] ENGINE Started monitor thread 'Autoreloader'.
[07/Sep/2015:11:33:40] ENGINE Started monitor thread '_TimeoutMonitor'.
[07/Sep/2015:11:33:41] ENGINE Serving on http://0.0.0.0:5002
[07/Sep/2015:11:33:41] ENGINE Bus STARTED
[07/Sep/2015:11:34:40] ENGINE Bus STARTING
[07/Sep/2015:11:34:40] ENGINE Started monitor thread 'Autoreloader'.
[07/Sep/2015:11:34:40] ENGINE Started monitor thread '_TimeoutMonitor'.
[07/Sep/2015:11:34:53] ENGINE Restarting because /Volumes/Develop_Data_MacOS/All_Workspace/PHP_Python_Workspace/Phylotastic_UserCases_NMSU/Phylotastic_UserCases_WebServices_Running.py changed.
[07/Sep/2015:11:34:53] ENGINE Stopped thread 'Autoreloader'.
[07/Sep/2015:11:34:53] ENGINE Bus STOPPING
[07/Sep/2015:11:34:53] ENGINE HTTP Server cherrypy._cpwsgi_server.CPWSGIServer(('0.0.0.0', 5002)) shut down
[07/Sep/2015:11:34:53] ENGINE Stopped thread '_TimeoutMonitor'.
[07/Sep/2015:11:34:53] ENGINE Bus STOPPED
[07/Sep/2015:11:34:53] ENGINE Bus EXITING
[07/Sep/2015:11:34:53] ENGINE Bus EXITED
[07/Sep/2015:11:34:53] ENGINE Waiting for child threads to terminate...
[07/Sep/2015:11:34:53] ENGINE Re-spawning /Volumes/Develop_Data_MacOS/All_Workspace/PHP_Python_Workspace/Phylotastic_UserCases_NMSU/Phylotastic_UserCases_WebServices_Running.py
[07/Sep/2015:11:34:53] ENGINE Bus STARTING
[07/Sep/2015:11:34:53] ENGINE Started monitor thread 'Autoreloader'.
[07/Sep/2015:11:34:53] ENGINE Started monitor thread '_TimeoutMonitor'.
[07/Sep/2015:11:34:53] ENGINE Serving on http://0.0.0.0:5002
[07/Sep/2015:11:34:53] ENGINE Bus STARTED
[07/Sep/2015:11:34:58] ENGINE Bus STARTING
[07/Sep/2015:11:34:58] ENGINE Started monitor thread 'Autoreloader'.
[07/Sep/2015:11:34:58] ENGINE Started monitor thread '_TimeoutMonitor'.
[07/Sep/2015:11:34:58] ENGINE Serving on http://0.0.0.0:5002
[07/Sep/2015:11:34:58] ENGINE Bus STARTED
[07/Sep/2015:11:39:24] ENGINE Restarting because /Volumes/Develop_Data_MacOS/All_Workspace/PHP_Python_Workspace/Phylotastic_UserCases_NMSU/Phylotastic_UserCases_WebServices_Running.py changed.
[07/Sep/2015:11:39:24] ENGINE Stopped thread 'Autoreloader'.
[07/Sep/2015:11:39:24] ENGINE Bus STOPPING
[07/Sep/2015:11:39:24] ENGINE HTTP Server cherrypy._cpwsgi_server.CPWSGIServer(('0.0.0.0', 5002)) shut down
[07/Sep/2015:11:39:24] ENGINE Stopped thread '_TimeoutMonitor'.
[07/Sep/2015:11:39:24] ENGINE Bus STOPPED
[07/Sep/2015:11:39:24] ENGINE Bus EXITING
[07/Sep/2015:11:39:24] ENGINE Bus EXITED
[07/Sep/2015:11:39:24] ENGINE Waiting for child threads to terminate...
[07/Sep/2015:11:39:24] ENGINE Re-spawning /Volumes/Develop_Data_MacOS/All_Workspace/PHP_Python_Workspace/Phylotastic_UserCases_NMSU/Phylotastic_UserCases_WebServices_Running.py
[07/Sep/2015:11:39:24] ENGINE Bus STARTING
[07/Sep/2015:11:39:24] ENGINE Started monitor thread 'Autoreloader'.
[07/Sep/2015:11:39:24] ENGINE Started monitor thread '_TimeoutMonitor'.
[07/Sep/2015:11:39:24] ENGINE Serving on http://0.0.0.0:5002
[07/Sep/2015:11:39:24] ENGINE Bus STARTED
[07/Sep/2015:11:41:49] ENGINE Bus STARTING
[07/Sep/2015:11:41:49] ENGINE Started monitor thread 'Autoreloader'.
[07/Sep/2015:11:41:49] ENGINE Started monitor thread '_TimeoutMonitor'.
[07/Sep/2015:11:41:49] ENGINE Serving on http://0.0.0.0:5002
[07/Sep/2015:11:41:49] ENGINE Bus STARTED
[07/Sep/2015:11:44:29] ENGINE Restarting because /Volumes/Develop_Data_MacOS/All_Workspace/PHP_Python_Workspace/Phylotastic_UserCases_NMSU/Phylotastic_UserCases_WebServices_Running.py changed.
[07/Sep/2015:11:44:29] ENGINE Stopped thread 'Autoreloader'.
[07/Sep/2015:11:44:29] ENGINE Bus STOPPING
[07/Sep/2015:11:44:29] ENGINE HTTP Server cherrypy._cpwsgi_server.CPWSGIServer(('0.0.0.0', 5002)) shut down
[07/Sep/2015:11:44:29] ENGINE Stopped thread '_TimeoutMonitor'.
[07/Sep/2015:11:44:29] ENGINE Bus STOPPED
[07/Sep/2015:11:44:29] ENGINE Bus EXITING
[07/Sep/2015:11:44:29] ENGINE Bus EXITED
[07/Sep/2015:11:44:29] ENGINE Waiting for child threads to terminate...
[07/Sep/2015:11:44:29] ENGINE Re-spawning /Volumes/Develop_Data_MacOS/All_Workspace/PHP_Python_Workspace/Phylotastic_UserCases_NMSU/Phylotastic_UserCases_WebServices_Running.py
[07/Sep/2015:11:44:29] ENGINE Bus STARTING
[07/Sep/2015:11:44:29] ENGINE Started monitor thread 'Autoreloader'.
[07/Sep/2015:11:44:29] ENGINE Started monitor thread '_TimeoutMonitor'.
[07/Sep/2015:11:44:29] ENGINE Serving on http://0.0.0.0:5002
[07/Sep/2015:11:44:29] ENGINE Bus STARTED
[07/Sep/2015:11:44:33] ENGINE Bus STARTING
[07/Sep/2015:11:44:33] ENGINE Started monitor thread 'Autoreloader'.
[07/Sep/2015:11:44:33] ENGINE Started monitor thread '_TimeoutMonitor'.
[07/Sep/2015:11:44:37] ENGINE Bus STARTING
[07/Sep/2015:11:44:37] ENGINE Started monitor thread 'Autoreloader'.
[07/Sep/2015:11:44:37] ENGINE Started monitor thread '_TimeoutMonitor'.
[07/Sep/2015:11:44:42] ENGINE Error in 'start' listener <bound method Server.start of <cherrypy._cpserver.Server object at 0x108843110>>
Traceback (most recent call last):
  File "/Library/Python/2.7/site-packages/cherrypy/process/wspbus.py", line 205, in publish
    output.append(listener(*args, **kwargs))
  File "/Library/Python/2.7/site-packages/cherrypy/_cpserver.py", line 168, in start
    ServerAdapter.start(self)
  File "/Library/Python/2.7/site-packages/cherrypy/process/servers.py", line 170, in start
    wait_for_free_port(*self.bind_addr)
  File "/Library/Python/2.7/site-packages/cherrypy/process/servers.py", line 439, in wait_for_free_port
    raise IOError("Port %r not free on %r" % (port, host))
IOError: Port 5002 not free on '0.0.0.0'

[07/Sep/2015:11:44:42] ENGINE Shutting down due to error in start listener:
Traceback (most recent call last):
  File "/Library/Python/2.7/site-packages/cherrypy/process/wspbus.py", line 243, in start
    self.publish('start')
  File "/Library/Python/2.7/site-packages/cherrypy/process/wspbus.py", line 223, in publish
    raise exc
ChannelFailures: IOError("Port 5002 not free on '0.0.0.0'",)

[07/Sep/2015:11:44:42] ENGINE Bus STOPPING
[07/Sep/2015:11:44:42] ENGINE HTTP Server cherrypy._cpwsgi_server.CPWSGIServer(('0.0.0.0', 5002)) already shut down
[07/Sep/2015:11:44:42] ENGINE Stopped thread 'Autoreloader'.
[07/Sep/2015:11:44:42] ENGINE Stopped thread '_TimeoutMonitor'.
[07/Sep/2015:11:44:42] ENGINE Bus STOPPED
[07/Sep/2015:11:44:42] ENGINE Bus EXITING
[07/Sep/2015:11:44:42] ENGINE Bus EXITED
[07/Sep/2015:11:44:54] ENGINE Restarting because /Volumes/Develop_Data_MacOS/All_Workspace/PHP_Python_Workspace/Phylotastic_UserCases_NMSU/Phylotastic_UserCases_WebServices_Running.py changed.
[07/Sep/2015:11:44:54] ENGINE Stopped thread 'Autoreloader'.
[07/Sep/2015:11:44:54] ENGINE Bus STOPPING
[07/Sep/2015:11:44:55] ENGINE HTTP Server cherrypy._cpwsgi_server.CPWSGIServer(('0.0.0.0', 5002)) shut down
[07/Sep/2015:11:44:55] ENGINE Stopped thread '_TimeoutMonitor'.
[07/Sep/2015:11:44:55] ENGINE Bus STOPPED
[07/Sep/2015:11:44:55] ENGINE Bus EXITING
[07/Sep/2015:11:44:55] ENGINE Bus EXITED
[07/Sep/2015:11:44:55] ENGINE Waiting for child threads to terminate...
[07/Sep/2015:11:44:55] ENGINE Re-spawning /Volumes/Develop_Data_MacOS/All_Workspace/PHP_Python_Workspace/Phylotastic_UserCases_NMSU/Phylotastic_UserCases_WebServices_Running.py
[07/Sep/2015:11:44:55] ENGINE Bus STARTING
[07/Sep/2015:11:44:55] ENGINE Started monitor thread 'Autoreloader'.
[07/Sep/2015:11:44:55] ENGINE Started monitor thread '_TimeoutMonitor'.
[07/Sep/2015:11:44:55] ENGINE Serving on http://0.0.0.0:5002
[07/Sep/2015:11:44:55] ENGINE Bus STARTED
[07/Sep/2015:11:45:04] ENGINE Bus STARTING
[07/Sep/2015:11:45:04] ENGINE Started monitor thread 'Autoreloader'.
[07/Sep/2015:11:45:04] ENGINE Started monitor thread '_TimeoutMonitor'.
[07/Sep/2015:11:45:09] ENGINE Error in 'start' listener <bound method Server.start of <cherrypy._cpserver.Server object at 0x105b78110>>
Traceback (most recent call last):
  File "/Library/Python/2.7/site-packages/cherrypy/process/wspbus.py", line 205, in publish
    output.append(listener(*args, **kwargs))
  File "/Library/Python/2.7/site-packages/cherrypy/_cpserver.py", line 168, in start
    ServerAdapter.start(self)
  File "/Library/Python/2.7/site-packages/cherrypy/process/servers.py", line 170, in start
    wait_for_free_port(*self.bind_addr)
  File "/Library/Python/2.7/site-packages/cherrypy/process/servers.py", line 439, in wait_for_free_port
    raise IOError("Port %r not free on %r" % (port, host))
IOError: Port 5002 not free on '0.0.0.0'

[07/Sep/2015:11:45:09] ENGINE Shutting down due to error in start listener:
Traceback (most recent call last):
  File "/Library/Python/2.7/site-packages/cherrypy/process/wspbus.py", line 243, in start
    self.publish('start')
  File "/Library/Python/2.7/site-packages/cherrypy/process/wspbus.py", line 223, in publish
    raise exc
ChannelFailures: IOError("Port 5002 not free on '0.0.0.0'",)

[07/Sep/2015:11:45:09] ENGINE Bus STOPPING
[07/Sep/2015:11:45:09] ENGINE HTTP Server cherrypy._cpwsgi_server.CPWSGIServer(('0.0.0.0', 5002)) already shut down
[07/Sep/2015:11:45:09] ENGINE Stopped thread 'Autoreloader'.
[07/Sep/2015:11:45:09] ENGINE Stopped thread '_TimeoutMonitor'.
[07/Sep/2015:11:45:09] ENGINE Bus STOPPED
[07/Sep/2015:11:45:09] ENGINE Bus EXITING
[07/Sep/2015:11:45:09] ENGINE Bus EXITED
[07/Sep/2015:11:45:38] ENGINE Restarting because /Volumes/Develop_Data_MacOS/All_Workspace/PHP_Python_Workspace/Phylotastic_UserCases_NMSU/Phylotastic_UserCases_WebServices_Running.py changed.
[07/Sep/2015:11:45:38] ENGINE Stopped thread 'Autoreloader'.
[07/Sep/2015:11:45:38] ENGINE Bus STOPPING
[07/Sep/2015:11:45:38] ENGINE HTTP Server cherrypy._cpwsgi_server.CPWSGIServer(('0.0.0.0', 5002)) shut down
[07/Sep/2015:11:45:38] ENGINE Stopped thread '_TimeoutMonitor'.
[07/Sep/2015:11:45:38] ENGINE Bus STOPPED
[07/Sep/2015:11:45:38] ENGINE Bus EXITING
[07/Sep/2015:11:45:38] ENGINE Bus EXITED
[07/Sep/2015:11:45:38] ENGINE Waiting for child threads to terminate...
[07/Sep/2015:11:45:38] ENGINE Re-spawning /Volumes/Develop_Data_MacOS/All_Workspace/PHP_Python_Workspace/Phylotastic_UserCases_NMSU/Phylotastic_UserCases_WebServices_Running.py
[07/Sep/2015:11:45:38] ENGINE Bus STARTING
[07/Sep/2015:11:45:38] ENGINE Started monitor thread 'Autoreloader'.
[07/Sep/2015:11:45:38] ENGINE Started monitor thread '_TimeoutMonitor'.
[07/Sep/2015:11:45:38] ENGINE Serving on http://0.0.0.0:5002
[07/Sep/2015:11:45:38] ENGINE Bus STARTED
[07/Sep/2015:11:45:44] ENGINE Bus STARTING
[07/Sep/2015:11:45:44] ENGINE Started monitor thread 'Autoreloader'.
[07/Sep/2015:11:45:44] ENGINE Started monitor thread '_TimeoutMonitor'.
[07/Sep/2015:11:45:45] ENGINE Serving on http://0.0.0.0:5002
[07/Sep/2015:11:45:45] ENGINE Bus STARTED
[07/Sep/2015:11:46:13] ENGINE Restarting because /Volumes/Develop_Data_MacOS/All_Workspace/PHP_Python_Workspace/Phylotastic_UserCases_NMSU/Phylotastic_UserCases_WebServices_Running.py changed.
[07/Sep/2015:11:46:13] ENGINE Stopped thread 'Autoreloader'.
[07/Sep/2015:11:46:13] ENGINE Bus STOPPING
[07/Sep/2015:11:46:13] ENGINE HTTP Server cherrypy._cpwsgi_server.CPWSGIServer(('0.0.0.0', 5002)) shut down
[07/Sep/2015:11:46:13] ENGINE Stopped thread '_TimeoutMonitor'.
[07/Sep/2015:11:46:13] ENGINE Bus STOPPED
[07/Sep/2015:11:46:13] ENGINE Bus EXITING
[07/Sep/2015:11:46:13] ENGINE Bus EXITED
[07/Sep/2015:11:46:13] ENGINE Waiting for child threads to terminate...
[07/Sep/2015:11:46:13] ENGINE Re-spawning /Volumes/Develop_Data_MacOS/All_Workspace/PHP_Python_Workspace/Phylotastic_UserCases_NMSU/Phylotastic_UserCases_WebServices_Running.py
[07/Sep/2015:11:46:13] ENGINE Bus STARTING
[07/Sep/2015:11:46:13] ENGINE Started monitor thread 'Autoreloader'.
[07/Sep/2015:11:46:13] ENGINE Started monitor thread '_TimeoutMonitor'.
[07/Sep/2015:11:46:13] ENGINE Serving on http://0.0.0.0:5002
[07/Sep/2015:11:46:13] ENGINE Bus STARTED
[07/Sep/2015:11:46:16] ENGINE Bus STARTING
[07/Sep/2015:11:46:16] ENGINE Started monitor thread 'Autoreloader'.
[07/Sep/2015:11:46:16] ENGINE Started monitor thread '_TimeoutMonitor'.
[07/Sep/2015:11:46:39] ENGINE Bus STARTING
[07/Sep/2015:11:46:39] ENGINE Started monitor thread 'Autoreloader'.
[07/Sep/2015:11:46:39] ENGINE Started monitor thread '_TimeoutMonitor'.
[07/Sep/2015:11:46:39] ENGINE Serving on http://0.0.0.0:5002
[07/Sep/2015:11:46:39] ENGINE Bus STARTED
[07/Sep/2015:12:01:04] ENGINE Bus STARTING
[07/Sep/2015:12:01:04] ENGINE Started monitor thread 'Autoreloader'.
[07/Sep/2015:12:01:04] ENGINE Started monitor thread '_TimeoutMonitor'.
[07/Sep/2015:12:01:04] ENGINE Serving on http://0.0.0.0:5002
[07/Sep/2015:12:01:04] ENGINE Bus STARTED
[07/Sep/2015:12:04:20] ENGINE Restarting because /Volumes/Develop_Data_MacOS/All_Workspace/PHP_Python_Workspace/Phylotastic_UserCases_NMSU/Phylotastic_UserCases_WebServices_Running.py changed.
[07/Sep/2015:12:04:20] ENGINE Stopped thread 'Autoreloader'.
[07/Sep/2015:12:04:20] ENGINE Bus STOPPING
[07/Sep/2015:12:04:20] ENGINE HTTP Server cherrypy._cpwsgi_server.CPWSGIServer(('0.0.0.0', 5002)) shut down
[07/Sep/2015:12:04:20] ENGINE Stopped thread '_TimeoutMonitor'.
[07/Sep/2015:12:04:20] ENGINE Bus STOPPED
[07/Sep/2015:12:04:20] ENGINE Bus EXITING
[07/Sep/2015:12:04:20] ENGINE Bus EXITED
[07/Sep/2015:12:04:20] ENGINE Waiting for child threads to terminate...
[07/Sep/2015:12:04:20] ENGINE Re-spawning /Volumes/Develop_Data_MacOS/All_Workspace/PHP_Python_Workspace/Phylotastic_UserCases_NMSU/Phylotastic_UserCases_WebServices_Running.py
[07/Sep/2015:12:05:24] ENGINE Bus STARTING
[07/Sep/2015:12:05:24] ENGINE Started monitor thread 'Autoreloader'.
[07/Sep/2015:12:05:24] ENGINE Started monitor thread '_TimeoutMonitor'.
[07/Sep/2015:12:05:24] ENGINE Serving on http://0.0.0.0:5002
[07/Sep/2015:12:05:24] ENGINE Bus STARTED
[07/Sep/2015:12:07:26] ENGINE Restarting because /Volumes/Develop_Data_MacOS/All_Workspace/PHP_Python_Workspace/Phylotastic_UserCases_NMSU/Phylotastic_UserCases_WebServices_Running.py changed.
[07/Sep/2015:12:07:26] ENGINE Stopped thread 'Autoreloader'.
[07/Sep/2015:12:07:26] ENGINE Bus STOPPING
[07/Sep/2015:12:07:26] ENGINE HTTP Server cherrypy._cpwsgi_server.CPWSGIServer(('0.0.0.0', 5002)) shut down
[07/Sep/2015:12:07:26] ENGINE Stopped thread '_TimeoutMonitor'.
[07/Sep/2015:12:07:26] ENGINE Bus STOPPED
[07/Sep/2015:12:07:26] ENGINE Bus EXITING
[07/Sep/2015:12:07:26] ENGINE Bus EXITED
[07/Sep/2015:12:07:26] ENGINE Waiting for child threads to terminate...
[07/Sep/2015:12:07:26] ENGINE Re-spawning /Volumes/Develop_Data_MacOS/All_Workspace/PHP_Python_Workspace/Phylotastic_UserCases_NMSU/Phylotastic_UserCases_WebServices_Running.py
[07/Sep/2015:12:07:26] ENGINE Bus STARTING
[07/Sep/2015:12:07:26] ENGINE Started monitor thread 'Autoreloader'.
[07/Sep/2015:12:07:26] ENGINE Started monitor thread '_TimeoutMonitor'.
[07/Sep/2015:12:07:26] ENGINE Serving on http://0.0.0.0:5002
[07/Sep/2015:12:07:26] ENGINE Bus STARTED
[07/Sep/2015:12:08:19] ENGINE Restarting because /Volumes/Develop_Data_MacOS/All_Workspace/PHP_Python_Workspace/Phylotastic_UserCases_NMSU/Phylotastic_UserCases_WebServices_Running.py changed.
[07/Sep/2015:12:08:19] ENGINE Stopped thread 'Autoreloader'.
[07/Sep/2015:12:08:19] ENGINE Bus STOPPING
[07/Sep/2015:12:08:19] ENGINE HTTP Server cherrypy._cpwsgi_server.CPWSGIServer(('0.0.0.0', 5002)) shut down
[07/Sep/2015:12:08:19] ENGINE Stopped thread '_TimeoutMonitor'.
[07/Sep/2015:12:08:19] ENGINE Bus STOPPED
[07/Sep/2015:12:08:19] ENGINE Bus EXITING
[07/Sep/2015:12:08:19] ENGINE Bus EXITED
[07/Sep/2015:12:08:19] ENGINE Waiting for child threads to terminate...
[07/Sep/2015:12:08:19] ENGINE Re-spawning /Volumes/Develop_Data_MacOS/All_Workspace/PHP_Python_Workspace/Phylotastic_UserCases_NMSU/Phylotastic_UserCases_WebServices_Running.py
[07/Sep/2015:12:08:19] ENGINE Bus STARTING
[07/Sep/2015:12:08:19] ENGINE Started monitor thread 'Autoreloader'.
[07/Sep/2015:12:08:19] ENGINE Started monitor thread '_TimeoutMonitor'.
[07/Sep/2015:12:08:19] ENGINE Serving on http://0.0.0.0:5002
[07/Sep/2015:12:08:19] ENGINE Bus STARTED
[07/Sep/2015:12:08:47] ENGINE Restarting because /Volumes/Develop_Data_MacOS/All_Workspace/PHP_Python_Workspace/Phylotastic_UserCases_NMSU/Phylotastic_UserCases_WebServices_Running.py changed.
[07/Sep/2015:12:08:47] ENGINE Stopped thread 'Autoreloader'.
[07/Sep/2015:12:08:47] ENGINE Bus STOPPING
[07/Sep/2015:12:08:47] ENGINE HTTP Server cherrypy._cpwsgi_server.CPWSGIServer(('0.0.0.0', 5002)) shut down
[07/Sep/2015:12:08:47] ENGINE Stopped thread '_TimeoutMonitor'.
[07/Sep/2015:12:08:47] ENGINE Bus STOPPED
[07/Sep/2015:12:08:47] ENGINE Bus EXITING
[07/Sep/2015:12:08:47] ENGINE Bus EXITED
[07/Sep/2015:12:08:47] ENGINE Waiting for child threads to terminate...
[07/Sep/2015:12:08:47] ENGINE Re-spawning /Volumes/Develop_Data_MacOS/All_Workspace/PHP_Python_Workspace/Phylotastic_UserCases_NMSU/Phylotastic_UserCases_WebServices_Running.py
[07/Sep/2015:12:08:47] ENGINE Bus STARTING
[07/Sep/2015:12:08:47] ENGINE Started monitor thread 'Autoreloader'.
[07/Sep/2015:12:08:47] ENGINE Started monitor thread '_TimeoutMonitor'.
[07/Sep/2015:12:08:47] ENGINE Serving on http://0.0.0.0:5002
[07/Sep/2015:12:08:47] ENGINE Bus STARTED
[07/Sep/2015:12:57:16] ENGINE Restarting because /Volumes/Develop_Data_MacOS/All_Workspace/PHP_Python_Workspace/Phylotastic_UserCases_NMSU/Phylotastic_UserCases_WebServices_Running.py changed.
[07/Sep/2015:12:57:16] ENGINE Stopped thread 'Autoreloader'.
[07/Sep/2015:12:57:16] ENGINE Bus STOPPING
[07/Sep/2015:12:57:16] ENGINE HTTP Server cherrypy._cpwsgi_server.CPWSGIServer(('0.0.0.0', 5002)) shut down
[07/Sep/2015:12:57:16] ENGINE Stopped thread '_TimeoutMonitor'.
[07/Sep/2015:12:57:16] ENGINE Bus STOPPED
[07/Sep/2015:12:57:16] ENGINE Bus EXITING
[07/Sep/2015:12:57:16] ENGINE Bus EXITED
[07/Sep/2015:12:57:16] ENGINE Waiting for child threads to terminate...
[07/Sep/2015:12:57:16] ENGINE Re-spawning /Volumes/Develop_Data_MacOS/All_Workspace/PHP_Python_Workspace/Phylotastic_UserCases_NMSU/Phylotastic_UserCases_WebServices_Running.py
[07/Sep/2015:12:57:16] ENGINE Bus STARTING
[07/Sep/2015:12:57:16] ENGINE Started monitor thread 'Autoreloader'.
[07/Sep/2015:12:57:16] ENGINE Started monitor thread '_TimeoutMonitor'.
[07/Sep/2015:12:57:16] ENGINE Serving on http://0.0.0.0:5002
[07/Sep/2015:12:57:16] ENGINE Bus STARTED
[07/Sep/2015:12:57:27] ENGINE Restarting because /Volumes/Develop_Data_MacOS/All_Workspace/PHP_Python_Workspace/Phylotastic_UserCases_NMSU/Phylotastic_UserCases_WebServices_Running.py changed.
[07/Sep/2015:12:57:27] ENGINE Stopped thread 'Autoreloader'.
[07/Sep/2015:12:57:27] ENGINE Bus STOPPING
[07/Sep/2015:12:57:27] ENGINE HTTP Server cherrypy._cpwsgi_server.CPWSGIServer(('0.0.0.0', 5002)) shut down
[07/Sep/2015:12:57:27] ENGINE Stopped thread '_TimeoutMonitor'.
[07/Sep/2015:12:57:27] ENGINE Bus STOPPED
[07/Sep/2015:12:57:27] ENGINE Bus EXITING
[07/Sep/2015:12:57:27] ENGINE Bus EXITED
[07/Sep/2015:12:57:27] ENGINE Waiting for child threads to terminate...
[07/Sep/2015:12:57:27] ENGINE Re-spawning /Volumes/Develop_Data_MacOS/All_Workspace/PHP_Python_Workspace/Phylotastic_UserCases_NMSU/Phylotastic_UserCases_WebServices_Running.py
[07/Sep/2015:12:57:28] ENGINE Bus STARTING
[07/Sep/2015:12:57:28] ENGINE Started monitor thread 'Autoreloader'.
[07/Sep/2015:12:57:28] ENGINE Started monitor thread '_TimeoutMonitor'.
[07/Sep/2015:12:57:28] ENGINE Serving on http://0.0.0.0:5002
[07/Sep/2015:12:57:28] ENGINE Bus STARTED
[07/Sep/2015:12:59:52] ENGINE Restarting because /Volumes/Develop_Data_MacOS/All_Workspace/PHP_Python_Workspace/Phylotastic_UserCases_NMSU/Phylotastic_UserCases_WebServices_Running.py changed.
[07/Sep/2015:12:59:52] ENGINE Stopped thread 'Autoreloader'.
[07/Sep/2015:12:59:52] ENGINE Bus STOPPING
[07/Sep/2015:12:59:52] ENGINE HTTP Server cherrypy._cpwsgi_server.CPWSGIServer(('0.0.0.0', 5002)) shut down
[07/Sep/2015:12:59:52] ENGINE Stopped thread '_TimeoutMonitor'.
[07/Sep/2015:12:59:52] ENGINE Bus STOPPED
[07/Sep/2015:12:59:52] ENGINE Bus EXITING
[07/Sep/2015:12:59:52] ENGINE Bus EXITED
[07/Sep/2015:12:59:52] ENGINE Waiting for child threads to terminate...
[07/Sep/2015:12:59:52] ENGINE Re-spawning /Volumes/Develop_Data_MacOS/All_Workspace/PHP_Python_Workspace/Phylotastic_UserCases_NMSU/Phylotastic_UserCases_WebServices_Running.py
[07/Sep/2015:12:59:52] ENGINE Bus STARTING
[07/Sep/2015:12:59:52] ENGINE Started monitor thread 'Autoreloader'.
[07/Sep/2015:12:59:52] ENGINE Started monitor thread '_TimeoutMonitor'.
[07/Sep/2015:12:59:52] ENGINE Serving on http://0.0.0.0:5002
[07/Sep/2015:12:59:52] ENGINE Bus STARTED
[07/Sep/2015:12:59:55] ENGINE Restarting because /Volumes/Develop_Data_MacOS/All_Workspace/PHP_Python_Workspace/Phylotastic_UserCases_NMSU/Phylotastic_UserCases_WebServices_Running.py changed.
[07/Sep/2015:12:59:55] ENGINE Stopped thread 'Autoreloader'.
[07/Sep/2015:12:59:55] ENGINE Bus STOPPING
[07/Sep/2015:12:59:55] ENGINE HTTP Server cherrypy._cpwsgi_server.CPWSGIServer(('0.0.0.0', 5002)) shut down
[07/Sep/2015:12:59:55] ENGINE Stopped thread '_TimeoutMonitor'.
[07/Sep/2015:12:59:55] ENGINE Bus STOPPED
[07/Sep/2015:12:59:55] ENGINE Bus EXITING
[07/Sep/2015:12:59:55] ENGINE Bus EXITED
[07/Sep/2015:12:59:55] ENGINE Waiting for child threads to terminate...
[07/Sep/2015:12:59:55] ENGINE Re-spawning /Volumes/Develop_Data_MacOS/All_Workspace/PHP_Python_Workspace/Phylotastic_UserCases_NMSU/Phylotastic_UserCases_WebServices_Running.py
[07/Sep/2015:12:59:55] ENGINE Bus STARTING
[07/Sep/2015:12:59:55] ENGINE Started monitor thread 'Autoreloader'.
[07/Sep/2015:12:59:55] ENGINE Started monitor thread '_TimeoutMonitor'.
[07/Sep/2015:12:59:55] ENGINE Serving on http://0.0.0.0:5002
[07/Sep/2015:12:59:55] ENGINE Bus STARTED
[07/Sep/2015:13:02:47] ENGINE Bus STARTING
[07/Sep/2015:13:02:47] ENGINE Started monitor thread 'Autoreloader'.
[07/Sep/2015:13:02:47] ENGINE Started monitor thread '_TimeoutMonitor'.
[07/Sep/2015:13:02:47] ENGINE Serving on http://0.0.0.0:5002
[07/Sep/2015:13:02:47] ENGINE Bus STARTED
[07/Sep/2015:13:03:47] ENGINE Restarting because /Volumes/Develop_Data_MacOS/All_Workspace/PHP_Python_Workspace/Phylotastic_UserCases_NMSU/Phylotastic_UserCases_WebServices_Running.py changed.
[07/Sep/2015:13:03:47] ENGINE Stopped thread 'Autoreloader'.
[07/Sep/2015:13:03:47] ENGINE Bus STOPPING
[07/Sep/2015:13:03:47] ENGINE HTTP Server cherrypy._cpwsgi_server.CPWSGIServer(('0.0.0.0', 5002)) shut down
[07/Sep/2015:13:03:47] ENGINE Stopped thread '_TimeoutMonitor'.
[07/Sep/2015:13:03:47] ENGINE Bus STOPPED
[07/Sep/2015:13:03:47] ENGINE Bus EXITING
[07/Sep/2015:13:03:47] ENGINE Bus EXITED
[07/Sep/2015:13:03:47] ENGINE Waiting for child threads to terminate...
[07/Sep/2015:13:03:47] ENGINE Re-spawning /Volumes/Develop_Data_MacOS/All_Workspace/PHP_Python_Workspace/Phylotastic_UserCases_NMSU/Phylotastic_UserCases_WebServices_Running.py
[07/Sep/2015:13:03:47] ENGINE Bus STARTING
[07/Sep/2015:13:03:47] ENGINE Started monitor thread 'Autoreloader'.
[07/Sep/2015:13:03:47] ENGINE Started monitor thread '_TimeoutMonitor'.
[07/Sep/2015:13:03:48] ENGINE Serving on http://0.0.0.0:5002
[07/Sep/2015:13:03:48] ENGINE Bus STARTED
[07/Sep/2015:13:03:53] ENGINE Bus STARTING
[07/Sep/2015:13:03:53] ENGINE Started monitor thread 'Autoreloader'.
[07/Sep/2015:13:03:53] ENGINE Started monitor thread '_TimeoutMonitor'.
[07/Sep/2015:13:03:53] ENGINE Serving on http://0.0.0.0:5002
[07/Sep/2015:13:03:53] ENGINE Bus STARTED
[07/Sep/2015:13:04:25] ENGINE Restarting because /Volumes/Develop_Data_MacOS/All_Workspace/PHP_Python_Workspace/Phylotastic_UserCases_NMSU/Phylotastic_UserCases_WebServices_Running.py changed.
[07/Sep/2015:13:04:25] ENGINE Stopped thread 'Autoreloader'.
[07/Sep/2015:13:04:25] ENGINE Bus STOPPING
[07/Sep/2015:13:04:25] ENGINE HTTP Server cherrypy._cpwsgi_server.CPWSGIServer(('0.0.0.0', 5002)) shut down
[07/Sep/2015:13:04:25] ENGINE Stopped thread '_TimeoutMonitor'.
[07/Sep/2015:13:04:25] ENGINE Bus STOPPED
[07/Sep/2015:13:04:25] ENGINE Bus EXITING
[07/Sep/2015:13:04:25] ENGINE Bus EXITED
[07/Sep/2015:13:04:25] ENGINE Waiting for child threads to terminate...
[07/Sep/2015:13:04:25] ENGINE Re-spawning /Volumes/Develop_Data_MacOS/All_Workspace/PHP_Python_Workspace/Phylotastic_UserCases_NMSU/Phylotastic_UserCases_WebServices_Running.py
[07/Sep/2015:13:04:42] ENGINE Bus STARTING
[07/Sep/2015:13:04:42] ENGINE Started monitor thread 'Autoreloader'.
[07/Sep/2015:13:04:42] ENGINE Started monitor thread '_TimeoutMonitor'.
[07/Sep/2015:13:04:42] ENGINE Serving on http://0.0.0.0:5002
[07/Sep/2015:13:04:42] ENGINE Bus STARTED
[07/Sep/2015:13:05:38] ENGINE Restarting because /Volumes/Develop_Data_MacOS/All_Workspace/PHP_Python_Workspace/Phylotastic_UserCases_NMSU/Phylotastic_UserCases_WebServices_Running.py changed.
[07/Sep/2015:13:05:38] ENGINE Stopped thread 'Autoreloader'.
[07/Sep/2015:13:05:38] ENGINE Bus STOPPING
[07/Sep/2015:13:05:38] ENGINE HTTP Server cherrypy._cpwsgi_server.CPWSGIServer(('0.0.0.0', 5002)) shut down
[07/Sep/2015:13:05:38] ENGINE Stopped thread '_TimeoutMonitor'.
[07/Sep/2015:13:05:38] ENGINE Bus STOPPED
[07/Sep/2015:13:05:38] ENGINE Bus EXITING
[07/Sep/2015:13:05:38] ENGINE Bus EXITED
[07/Sep/2015:13:05:38] ENGINE Waiting for child threads to terminate...
[07/Sep/2015:13:05:38] ENGINE Re-spawning /Volumes/Develop_Data_MacOS/All_Workspace/PHP_Python_Workspace/Phylotastic_UserCases_NMSU/Phylotastic_UserCases_WebServices_Running.py
[07/Sep/2015:13:05:38] ENGINE Bus STARTING
[07/Sep/2015:13:05:38] ENGINE Started monitor thread '_TimeoutMonitor'.
[07/Sep/2015:13:05:38] ENGINE Started monitor thread 'Autoreloader'.
[07/Sep/2015:13:05:38] ENGINE Serving on http://0.0.0.0:5002
[07/Sep/2015:13:05:38] ENGINE Bus STARTED
[07/Sep/2015:13:05:41] ENGINE Restarting because /Volumes/Develop_Data_MacOS/All_Workspace/PHP_Python_Workspace/Phylotastic_UserCases_NMSU/Phylotastic_UserCases_WebServices_Running.py changed.
[07/Sep/2015:13:05:41] ENGINE Stopped thread 'Autoreloader'.
[07/Sep/2015:13:05:41] ENGINE Bus STOPPING
[07/Sep/2015:13:05:41] ENGINE HTTP Server cherrypy._cpwsgi_server.CPWSGIServer(('0.0.0.0', 5002)) shut down
[07/Sep/2015:13:05:41] ENGINE Stopped thread '_TimeoutMonitor'.
[07/Sep/2015:13:05:41] ENGINE Bus STOPPED
[07/Sep/2015:13:05:41] ENGINE Bus EXITING
[07/Sep/2015:13:05:41] ENGINE Bus EXITED
[07/Sep/2015:13:05:41] ENGINE Waiting for child threads to terminate...
[07/Sep/2015:13:05:41] ENGINE Re-spawning /Volumes/Develop_Data_MacOS/All_Workspace/PHP_Python_Workspace/Phylotastic_UserCases_NMSU/Phylotastic_UserCases_WebServices_Running.py
[07/Sep/2015:13:05:42] ENGINE Bus STARTING
[07/Sep/2015:13:05:42] ENGINE Started monitor thread '_TimeoutMonitor'.
[07/Sep/2015:13:05:42] ENGINE Started monitor thread 'Autoreloader'.
[07/Sep/2015:13:05:42] ENGINE Serving on http://0.0.0.0:5002
[07/Sep/2015:13:05:42] ENGINE Bus STARTED
[07/Sep/2015:13:05:47] ENGINE Restarting because /Volumes/Develop_Data_MacOS/All_Workspace/PHP_Python_Workspace/Phylotastic_UserCases_NMSU/Phylotastic_UserCases_WebServices_Running.py changed.
[07/Sep/2015:13:05:47] ENGINE Stopped thread 'Autoreloader'.
[07/Sep/2015:13:05:47] ENGINE Bus STOPPING
[07/Sep/2015:13:05:47] ENGINE HTTP Server cherrypy._cpwsgi_server.CPWSGIServer(('0.0.0.0', 5002)) shut down
[07/Sep/2015:13:05:47] ENGINE Stopped thread '_TimeoutMonitor'.
[07/Sep/2015:13:05:47] ENGINE Bus STOPPED
[07/Sep/2015:13:05:47] ENGINE Bus EXITING
[07/Sep/2015:13:05:47] ENGINE Bus EXITED
[07/Sep/2015:13:05:47] ENGINE Waiting for child threads to terminate...
[07/Sep/2015:13:05:47] ENGINE Re-spawning /Volumes/Develop_Data_MacOS/All_Workspace/PHP_Python_Workspace/Phylotastic_UserCases_NMSU/Phylotastic_UserCases_WebServices_Running.py
[07/Sep/2015:13:05:47] ENGINE Bus STARTING
[07/Sep/2015:13:05:47] ENGINE Started monitor thread '_TimeoutMonitor'.
[07/Sep/2015:13:05:47] ENGINE Started monitor thread 'Autoreloader'.
[07/Sep/2015:13:05:47] ENGINE Serving on http://0.0.0.0:5002
[07/Sep/2015:13:05:47] ENGINE Bus STARTED
[07/Sep/2015:13:05:58] ENGINE Restarting because /Volumes/Develop_Data_MacOS/All_Workspace/PHP_Python_Workspace/Phylotastic_UserCases_NMSU/Phylotastic_UserCases_WebServices_Running.py changed.
[07/Sep/2015:13:05:58] ENGINE Stopped thread 'Autoreloader'.
[07/Sep/2015:13:05:58] ENGINE Bus STOPPING
[07/Sep/2015:13:05:58] ENGINE HTTP Server cherrypy._cpwsgi_server.CPWSGIServer(('0.0.0.0', 5002)) shut down
[07/Sep/2015:13:05:58] ENGINE Stopped thread '_TimeoutMonitor'.
[07/Sep/2015:13:05:58] ENGINE Bus STOPPED
[07/Sep/2015:13:05:58] ENGINE Bus EXITING
[07/Sep/2015:13:05:58] ENGINE Bus EXITED
[07/Sep/2015:13:05:58] ENGINE Waiting for child threads to terminate...
[07/Sep/2015:13:05:58] ENGINE Re-spawning /Volumes/Develop_Data_MacOS/All_Workspace/PHP_Python_Workspace/Phylotastic_UserCases_NMSU/Phylotastic_UserCases_WebServices_Running.py
[07/Sep/2015:13:05:58] ENGINE Bus STARTING
[07/Sep/2015:13:05:58] ENGINE Started monitor thread '_TimeoutMonitor'.
[07/Sep/2015:13:05:58] ENGINE Started monitor thread 'Autoreloader'.
[07/Sep/2015:13:05:58] ENGINE Serving on http://0.0.0.0:5002
[07/Sep/2015:13:05:58] ENGINE Bus STARTED
[07/Sep/2015:13:06:08] ENGINE Restarting because /Volumes/Develop_Data_MacOS/All_Workspace/PHP_Python_Workspace/Phylotastic_UserCases_NMSU/Phylotastic_UserCases_WebServices_Running.py changed.
[07/Sep/2015:13:06:08] ENGINE Stopped thread 'Autoreloader'.
[07/Sep/2015:13:06:08] ENGINE Bus STOPPING
[07/Sep/2015:13:06:08] ENGINE HTTP Server cherrypy._cpwsgi_server.CPWSGIServer(('0.0.0.0', 5002)) shut down
[07/Sep/2015:13:06:08] ENGINE Stopped thread '_TimeoutMonitor'.
[07/Sep/2015:13:06:08] ENGINE Bus STOPPED
[07/Sep/2015:13:06:08] ENGINE Bus EXITING
[07/Sep/2015:13:06:08] ENGINE Bus EXITED
[07/Sep/2015:13:06:08] ENGINE Waiting for child threads to terminate...
[07/Sep/2015:13:06:08] ENGINE Re-spawning /Volumes/Develop_Data_MacOS/All_Workspace/PHP_Python_Workspace/Phylotastic_UserCases_NMSU/Phylotastic_UserCases_WebServices_Running.py
[07/Sep/2015:13:06:08] ENGINE Bus STARTING
[07/Sep/2015:13:06:08] ENGINE Started monitor thread '_TimeoutMonitor'.
[07/Sep/2015:13:06:08] ENGINE Started monitor thread 'Autoreloader'.
[07/Sep/2015:13:06:08] ENGINE Serving on http://0.0.0.0:5002
[07/Sep/2015:13:06:08] ENGINE Bus STARTED
[07/Sep/2015:13:10:13] ENGINE Bus STARTING
[07/Sep/2015:13:10:13] ENGINE Started monitor thread '_TimeoutMonitor'.
[07/Sep/2015:13:10:13] ENGINE Started monitor thread 'Autoreloader'.
[07/Sep/2015:13:10:14] ENGINE Serving on http://0.0.0.0:5002
[07/Sep/2015:13:10:14] ENGINE Bus STARTED
[07/Sep/2015:13:14:04] ENGINE Restarting because /Volumes/Develop_Data_MacOS/All_Workspace/PHP_Python_Workspace/Phylotastic_UserCases_NMSU/Phylotastic_UserCases_WebServices_Running.py changed.
[07/Sep/2015:13:14:04] ENGINE Stopped thread 'Autoreloader'.
[07/Sep/2015:13:14:04] ENGINE Bus STOPPING
[07/Sep/2015:13:14:04] ENGINE HTTP Server cherrypy._cpwsgi_server.CPWSGIServer(('0.0.0.0', 5002)) shut down
[07/Sep/2015:13:14:04] ENGINE Stopped thread '_TimeoutMonitor'.
[07/Sep/2015:13:14:04] ENGINE Bus STOPPED
[07/Sep/2015:13:14:04] ENGINE Bus EXITING
[07/Sep/2015:13:14:04] ENGINE Bus EXITED
[07/Sep/2015:13:14:04] ENGINE Waiting for child threads to terminate...
[07/Sep/2015:13:14:04] ENGINE Re-spawning /Volumes/Develop_Data_MacOS/All_Workspace/PHP_Python_Workspace/Phylotastic_UserCases_NMSU/Phylotastic_UserCases_WebServices_Running.py
[07/Sep/2015:13:19:56] ENGINE Bus STARTING
[07/Sep/2015:13:19:56] ENGINE Started monitor thread 'Autoreloader'.
[07/Sep/2015:13:19:56] ENGINE Started monitor thread '_TimeoutMonitor'.
[07/Sep/2015:13:19:56] ENGINE Serving on http://0.0.0.0:5002
[07/Sep/2015:13:19:56] ENGINE Bus STARTED
[07/Sep/2015:13:20:08] ENGINE Restarting because /Volumes/Develop_Data_MacOS/All_Workspace/PHP_Python_Workspace/Phylotastic_UserCases_NMSU/Phylotastic_UserCases_WebServices_Running.py changed.
[07/Sep/2015:13:20:08] ENGINE Stopped thread 'Autoreloader'.
[07/Sep/2015:13:20:08] ENGINE Bus STOPPING
[07/Sep/2015:13:20:08] ENGINE HTTP Server cherrypy._cpwsgi_server.CPWSGIServer(('0.0.0.0', 5002)) shut down
[07/Sep/2015:13:20:08] ENGINE Stopped thread '_TimeoutMonitor'.
[07/Sep/2015:13:20:08] ENGINE Bus STOPPED
[07/Sep/2015:13:20:08] ENGINE Bus EXITING
[07/Sep/2015:13:20:08] ENGINE Bus EXITED
[07/Sep/2015:13:20:08] ENGINE Waiting for child threads to terminate...
[07/Sep/2015:13:20:08] ENGINE Re-spawning /Volumes/Develop_Data_MacOS/All_Workspace/PHP_Python_Workspace/Phylotastic_UserCases_NMSU/Phylotastic_UserCases_WebServices_Running.py
[07/Sep/2015:13:20:08] ENGINE Bus STARTING
[07/Sep/2015:13:20:08] ENGINE Started monitor thread 'Autoreloader'.
[07/Sep/2015:13:20:08] ENGINE Started monitor thread '_TimeoutMonitor'.
[07/Sep/2015:13:20:09] ENGINE Serving on http://0.0.0.0:5002
[07/Sep/2015:13:20:09] ENGINE Bus STARTED
[07/Sep/2015:13:20:09] ENGINE Bus STARTING
[07/Sep/2015:13:20:09] ENGINE Started monitor thread 'Autoreloader'.
[07/Sep/2015:13:20:09] ENGINE Started monitor thread '_TimeoutMonitor'.
[07/Sep/2015:13:20:18] ENGINE Bus STARTING
[07/Sep/2015:13:20:18] ENGINE Started monitor thread 'Autoreloader'.
[07/Sep/2015:13:20:18] ENGINE Started monitor thread '_TimeoutMonitor'.
[07/Sep/2015:13:20:18] ENGINE Serving on http://0.0.0.0:5002
[07/Sep/2015:13:20:18] ENGINE Bus STARTED
[07/Sep/2015:13:21:27] ENGINE Restarting because /Volumes/Develop_Data_MacOS/All_Workspace/PHP_Python_Workspace/Phylotastic_UserCases_NMSU/Phylotastic_UserCases_WebServices_Running.py changed.
[07/Sep/2015:13:21:27] ENGINE Stopped thread 'Autoreloader'.
[07/Sep/2015:13:21:27] ENGINE Bus STOPPING
[07/Sep/2015:13:21:27] ENGINE HTTP Server cherrypy._cpwsgi_server.CPWSGIServer(('0.0.0.0', 5002)) shut down
[07/Sep/2015:13:21:27] ENGINE Stopped thread '_TimeoutMonitor'.
[07/Sep/2015:13:21:27] ENGINE Bus STOPPED
[07/Sep/2015:13:21:27] ENGINE Bus EXITING
[07/Sep/2015:13:21:27] ENGINE Bus EXITED
[07/Sep/2015:13:21:27] ENGINE Waiting for child threads to terminate...
[07/Sep/2015:13:21:27] ENGINE Re-spawning /Volumes/Develop_Data_MacOS/All_Workspace/PHP_Python_Workspace/Phylotastic_UserCases_NMSU/Phylotastic_UserCases_WebServices_Running.py
[07/Sep/2015:13:21:28] ENGINE Bus STARTING
[07/Sep/2015:13:21:28] ENGINE Started monitor thread 'Autoreloader'.
[07/Sep/2015:13:21:28] ENGINE Started monitor thread '_TimeoutMonitor'.
[07/Sep/2015:13:21:28] ENGINE Serving on http://0.0.0.0:5002
[07/Sep/2015:13:21:28] ENGINE Bus STARTED
[07/Sep/2015:13:21:41] ENGINE Bus STARTING
[07/Sep/2015:13:21:41] ENGINE Started monitor thread 'Autoreloader'.
[07/Sep/2015:13:21:41] ENGINE Started monitor thread '_TimeoutMonitor'.
[07/Sep/2015:13:21:41] ENGINE Serving on http://0.0.0.0:5002
[07/Sep/2015:13:21:41] ENGINE Bus STARTED
[07/Sep/2015:13:23:41] ENGINE Restarting because /Volumes/Develop_Data_MacOS/All_Workspace/PHP_Python_Workspace/Phylotastic_UserCases_NMSU/Phylotastic_UserCases_WebServices_Running.py changed.
[07/Sep/2015:13:23:41] ENGINE Stopped thread 'Autoreloader'.
[07/Sep/2015:13:23:41] ENGINE Bus STOPPING
[07/Sep/2015:13:23:41] ENGINE HTTP Server cherrypy._cpwsgi_server.CPWSGIServer(('0.0.0.0', 5002)) shut down
[07/Sep/2015:13:23:41] ENGINE Stopped thread '_TimeoutMonitor'.
[07/Sep/2015:13:23:41] ENGINE Bus STOPPED
[07/Sep/2015:13:23:41] ENGINE Bus EXITING
[07/Sep/2015:13:23:41] ENGINE Bus EXITED
[07/Sep/2015:13:23:42] ENGINE Waiting for child threads to terminate...
[07/Sep/2015:13:23:42] ENGINE Re-spawning /Volumes/Develop_Data_MacOS/All_Workspace/PHP_Python_Workspace/Phylotastic_UserCases_NMSU/Phylotastic_UserCases_WebServices_Running.py
[07/Sep/2015:13:23:42] ENGINE Bus STARTING
[07/Sep/2015:13:23:42] ENGINE Started monitor thread 'Autoreloader'.
[07/Sep/2015:13:23:42] ENGINE Started monitor thread '_TimeoutMonitor'.
[07/Sep/2015:13:23:42] ENGINE Serving on http://0.0.0.0:5002
[07/Sep/2015:13:23:42] ENGINE Bus STARTED
[07/Sep/2015:13:23:45] ENGINE Restarting because /Volumes/Develop_Data_MacOS/All_Workspace/PHP_Python_Workspace/Phylotastic_UserCases_NMSU/Phylotastic_UserCases_WebServices_Running.py changed.
[07/Sep/2015:13:23:45] ENGINE Stopped thread 'Autoreloader'.
[07/Sep/2015:13:23:45] ENGINE Bus STOPPING
[07/Sep/2015:13:23:45] ENGINE HTTP Server cherrypy._cpwsgi_server.CPWSGIServer(('0.0.0.0', 5002)) shut down
[07/Sep/2015:13:23:45] ENGINE Stopped thread '_TimeoutMonitor'.
[07/Sep/2015:13:23:45] ENGINE Bus STOPPED
[07/Sep/2015:13:23:45] ENGINE Bus EXITING
[07/Sep/2015:13:23:45] ENGINE Bus EXITED
[07/Sep/2015:13:23:45] ENGINE Waiting for child threads to terminate...
[07/Sep/2015:13:23:45] ENGINE Re-spawning /Volumes/Develop_Data_MacOS/All_Workspace/PHP_Python_Workspace/Phylotastic_UserCases_NMSU/Phylotastic_UserCases_WebServices_Running.py
[07/Sep/2015:13:23:45] ENGINE Bus STARTING
[07/Sep/2015:13:23:45] ENGINE Started monitor thread 'Autoreloader'.
[07/Sep/2015:13:23:45] ENGINE Started monitor thread '_TimeoutMonitor'.
[07/Sep/2015:13:23:45] ENGINE Serving on http://0.0.0.0:5002
[07/Sep/2015:13:23:45] ENGINE Bus STARTED
[07/Sep/2015:13:23:47] ENGINE Restarting because /Volumes/Develop_Data_MacOS/All_Workspace/PHP_Python_Workspace/Phylotastic_UserCases_NMSU/Phylotastic_UserCases_WebServices_Running.py changed.
[07/Sep/2015:13:23:47] ENGINE Stopped thread 'Autoreloader'.
[07/Sep/2015:13:23:47] ENGINE Bus STOPPING
[07/Sep/2015:13:23:47] ENGINE HTTP Server cherrypy._cpwsgi_server.CPWSGIServer(('0.0.0.0', 5002)) shut down
[07/Sep/2015:13:23:47] ENGINE Stopped thread '_TimeoutMonitor'.
[07/Sep/2015:13:23:47] ENGINE Bus STOPPED
[07/Sep/2015:13:23:47] ENGINE Bus EXITING
[07/Sep/2015:13:23:47] ENGINE Bus EXITED
[07/Sep/2015:13:23:47] ENGINE Waiting for child threads to terminate...
[07/Sep/2015:13:23:47] ENGINE Re-spawning /Volumes/Develop_Data_MacOS/All_Workspace/PHP_Python_Workspace/Phylotastic_UserCases_NMSU/Phylotastic_UserCases_WebServices_Running.py
[07/Sep/2015:13:23:47] ENGINE Bus STARTING
[07/Sep/2015:13:23:47] ENGINE Started monitor thread 'Autoreloader'.
[07/Sep/2015:13:23:47] ENGINE Started monitor thread '_TimeoutMonitor'.
[07/Sep/2015:13:23:47] ENGINE Serving on http://0.0.0.0:5002
[07/Sep/2015:13:23:47] ENGINE Bus STARTED
[07/Sep/2015:13:23:53] ENGINE Restarting because /Volumes/Develop_Data_MacOS/All_Workspace/PHP_Python_Workspace/Phylotastic_UserCases_NMSU/Phylotastic_UserCases_WebServices_Running.py changed.
[07/Sep/2015:13:23:53] ENGINE Stopped thread 'Autoreloader'.
[07/Sep/2015:13:23:53] ENGINE Bus STOPPING
[07/Sep/2015:13:23:53] ENGINE HTTP Server cherrypy._cpwsgi_server.CPWSGIServer(('0.0.0.0', 5002)) shut down
[07/Sep/2015:13:23:53] ENGINE Stopped thread '_TimeoutMonitor'.
[07/Sep/2015:13:23:53] ENGINE Bus STOPPED
[07/Sep/2015:13:23:53] ENGINE Bus EXITING
[07/Sep/2015:13:23:53] ENGINE Bus EXITED
[07/Sep/2015:13:23:53] ENGINE Waiting for child threads to terminate...
[07/Sep/2015:13:23:53] ENGINE Re-spawning /Volumes/Develop_Data_MacOS/All_Workspace/PHP_Python_Workspace/Phylotastic_UserCases_NMSU/Phylotastic_UserCases_WebServices_Running.py
[07/Sep/2015:13:23:53] ENGINE Bus STARTING
[07/Sep/2015:13:23:53] ENGINE Started monitor thread 'Autoreloader'.
[07/Sep/2015:13:23:53] ENGINE Started monitor thread '_TimeoutMonitor'.
[07/Sep/2015:13:23:53] ENGINE Serving on http://0.0.0.0:5002
[07/Sep/2015:13:23:53] ENGINE Bus STARTED
[07/Sep/2015:13:23:58] ENGINE Bus STARTING
[07/Sep/2015:13:23:58] ENGINE Started monitor thread 'Autoreloader'.
[07/Sep/2015:13:23:58] ENGINE Started monitor thread '_TimeoutMonitor'.
[07/Sep/2015:13:23:58] ENGINE Serving on http://0.0.0.0:5002
[07/Sep/2015:13:23:58] ENGINE Bus STARTED
[07/Sep/2015:13:26:35] ENGINE Restarting because /Volumes/Develop_Data_MacOS/All_Workspace/PHP_Python_Workspace/Phylotastic_UserCases_NMSU/Phylotastic_UserCases_WebServices_Running.py changed.
[07/Sep/2015:13:26:35] ENGINE Stopped thread 'Autoreloader'.
[07/Sep/2015:13:26:35] ENGINE Bus STOPPING
[07/Sep/2015:13:26:35] ENGINE HTTP Server cherrypy._cpwsgi_server.CPWSGIServer(('0.0.0.0', 5002)) shut down
[07/Sep/2015:13:26:35] ENGINE Stopped thread '_TimeoutMonitor'.
[07/Sep/2015:13:26:35] ENGINE Bus STOPPED
[07/Sep/2015:13:26:35] ENGINE Bus EXITING
[07/Sep/2015:13:26:35] ENGINE Bus EXITED
[07/Sep/2015:13:26:35] ENGINE Waiting for child threads to terminate...
[07/Sep/2015:13:26:35] ENGINE Re-spawning /Volumes/Develop_Data_MacOS/All_Workspace/PHP_Python_Workspace/Phylotastic_UserCases_NMSU/Phylotastic_UserCases_WebServices_Running.py
[07/Sep/2015:13:27:55] ENGINE Bus STARTING
[07/Sep/2015:13:27:55] ENGINE Started monitor thread '_TimeoutMonitor'.
[07/Sep/2015:13:27:55] ENGINE Started monitor thread 'Autoreloader'.
[07/Sep/2015:13:27:55] ENGINE Serving on http://0.0.0.0:5002
[07/Sep/2015:13:27:55] ENGINE Bus STARTED
[07/Sep/2015:13:28:33] ENGINE Restarting because /Volumes/Develop_Data_MacOS/All_Workspace/PHP_Python_Workspace/Phylotastic_UserCases_NMSU/Phylotastic_UserCases_WebServices_Running.py changed.
[07/Sep/2015:13:28:33] ENGINE Stopped thread 'Autoreloader'.
[07/Sep/2015:13:28:33] ENGINE Bus STOPPING
[07/Sep/2015:13:28:33] ENGINE HTTP Server cherrypy._cpwsgi_server.CPWSGIServer(('0.0.0.0', 5002)) shut down
[07/Sep/2015:13:28:33] ENGINE Stopped thread '_TimeoutMonitor'.
[07/Sep/2015:13:28:33] ENGINE Bus STOPPED
[07/Sep/2015:13:28:33] ENGINE Bus EXITING
[07/Sep/2015:13:28:33] ENGINE Bus EXITED
[07/Sep/2015:13:28:33] ENGINE Waiting for child threads to terminate...
[07/Sep/2015:13:28:33] ENGINE Re-spawning /Volumes/Develop_Data_MacOS/All_Workspace/PHP_Python_Workspace/Phylotastic_UserCases_NMSU/Phylotastic_UserCases_WebServices_Running.py
[07/Sep/2015:13:28:33] ENGINE Bus STARTING
[07/Sep/2015:13:28:33] ENGINE Started monitor thread '_TimeoutMonitor'.
[07/Sep/2015:13:28:33] ENGINE Started monitor thread 'Autoreloader'.
[07/Sep/2015:13:28:33] ENGINE Serving on http://0.0.0.0:5002
[07/Sep/2015:13:28:33] ENGINE Bus STARTED
[07/Sep/2015:13:28:41] ENGINE Restarting because /Volumes/Develop_Data_MacOS/All_Workspace/PHP_Python_Workspace/Phylotastic_UserCases_NMSU/Phylotastic_UserCases_WebServices_Running.py changed.
[07/Sep/2015:13:28:41] ENGINE Stopped thread 'Autoreloader'.
[07/Sep/2015:13:28:41] ENGINE Bus STOPPING
[07/Sep/2015:13:28:41] ENGINE HTTP Server cherrypy._cpwsgi_server.CPWSGIServer(('0.0.0.0', 5002)) shut down
[07/Sep/2015:13:28:41] ENGINE Stopped thread '_TimeoutMonitor'.
[07/Sep/2015:13:28:41] ENGINE Bus STOPPED
[07/Sep/2015:13:28:41] ENGINE Bus EXITING
[07/Sep/2015:13:28:41] ENGINE Bus EXITED
[07/Sep/2015:13:28:41] ENGINE Waiting for child threads to terminate...
[07/Sep/2015:13:28:41] ENGINE Re-spawning /Volumes/Develop_Data_MacOS/All_Workspace/PHP_Python_Workspace/Phylotastic_UserCases_NMSU/Phylotastic_UserCases_WebServices_Running.py
[07/Sep/2015:13:28:42] ENGINE Bus STARTING
[07/Sep/2015:13:28:42] ENGINE Started monitor thread '_TimeoutMonitor'.
[07/Sep/2015:13:28:42] ENGINE Started monitor thread 'Autoreloader'.
[07/Sep/2015:13:28:42] ENGINE Serving on http://0.0.0.0:5002
[07/Sep/2015:13:28:42] ENGINE Bus STARTED
[07/Sep/2015:13:28:47] ENGINE Restarting because /Volumes/Develop_Data_MacOS/All_Workspace/PHP_Python_Workspace/Phylotastic_UserCases_NMSU/Phylotastic_UserCases_WebServices_Running.py changed.
[07/Sep/2015:13:28:47] ENGINE Stopped thread 'Autoreloader'.
[07/Sep/2015:13:28:47] ENGINE Bus STOPPING
[07/Sep/2015:13:28:47] ENGINE HTTP Server cherrypy._cpwsgi_server.CPWSGIServer(('0.0.0.0', 5002)) shut down
[07/Sep/2015:13:28:47] ENGINE Stopped thread '_TimeoutMonitor'.
[07/Sep/2015:13:28:47] ENGINE Bus STOPPED
[07/Sep/2015:13:28:47] ENGINE Bus EXITING
[07/Sep/2015:13:28:47] ENGINE Bus EXITED
[07/Sep/2015:13:28:47] ENGINE Waiting for child threads to terminate...
[07/Sep/2015:13:28:47] ENGINE Re-spawning /Volumes/Develop_Data_MacOS/All_Workspace/PHP_Python_Workspace/Phylotastic_UserCases_NMSU/Phylotastic_UserCases_WebServices_Running.py
[07/Sep/2015:13:28:47] ENGINE Bus STARTING
[07/Sep/2015:13:28:47] ENGINE Started monitor thread '_TimeoutMonitor'.
[07/Sep/2015:13:28:47] ENGINE Started monitor thread 'Autoreloader'.
[07/Sep/2015:13:28:47] ENGINE Serving on http://0.0.0.0:5002
[07/Sep/2015:13:28:47] ENGINE Bus STARTED
[07/Sep/2015:13:30:29] ENGINE Bus STARTING
[07/Sep/2015:13:30:29] ENGINE Started monitor thread 'Autoreloader'.
[07/Sep/2015:13:30:29] ENGINE Started monitor thread '_TimeoutMonitor'.
[07/Sep/2015:13:30:29] ENGINE Serving on http://0.0.0.0:5002
[07/Sep/2015:13:30:29] ENGINE Bus STARTED
[07/Sep/2015:13:35:04] ENGINE Restarting because /Volumes/Develop_Data_MacOS/All_Workspace/PHP_Python_Workspace/Phylotastic_UserCases_NMSU/Phylotastic_UserCases_WebServices_Running.py changed.
[07/Sep/2015:13:35:04] ENGINE Stopped thread 'Autoreloader'.
[07/Sep/2015:13:35:04] ENGINE Bus STOPPING
[07/Sep/2015:13:35:04] ENGINE HTTP Server cherrypy._cpwsgi_server.CPWSGIServer(('0.0.0.0', 5002)) shut down
[07/Sep/2015:13:35:04] ENGINE Stopped thread '_TimeoutMonitor'.
[07/Sep/2015:13:35:04] ENGINE Bus STOPPED
[07/Sep/2015:13:35:04] ENGINE Bus EXITING
[07/Sep/2015:13:35:04] ENGINE Bus EXITED
[07/Sep/2015:13:35:04] ENGINE Waiting for child threads to terminate...
[07/Sep/2015:13:35:04] ENGINE Re-spawning /Volumes/Develop_Data_MacOS/All_Workspace/PHP_Python_Workspace/Phylotastic_UserCases_NMSU/Phylotastic_UserCases_WebServices_Running.py
[07/Sep/2015:13:35:04] ENGINE Bus STARTING
[07/Sep/2015:13:35:04] ENGINE Started monitor thread 'Autoreloader'.
[07/Sep/2015:13:35:04] ENGINE Started monitor thread '_TimeoutMonitor'.
[07/Sep/2015:13:35:04] ENGINE Serving on http://0.0.0.0:5002
[07/Sep/2015:13:35:04] ENGINE Bus STARTED
[07/Sep/2015:13:35:08] ENGINE Bus STARTING
[07/Sep/2015:13:35:08] ENGINE Started monitor thread 'Autoreloader'.
[07/Sep/2015:13:35:08] ENGINE Started monitor thread '_TimeoutMonitor'.
[07/Sep/2015:13:35:09] ENGINE Serving on http://0.0.0.0:5002
[07/Sep/2015:13:35:09] ENGINE Bus STARTED
[07/Sep/2015:13:36:06] ENGINE Restarting because /Volumes/Develop_Data_MacOS/All_Workspace/PHP_Python_Workspace/Phylotastic_UserCases_NMSU/Phylotastic_UserCases_WebServices_Running.py changed.
[07/Sep/2015:13:36:06] ENGINE Stopped thread 'Autoreloader'.
[07/Sep/2015:13:36:06] ENGINE Bus STOPPING
[07/Sep/2015:13:36:06] ENGINE HTTP Server cherrypy._cpwsgi_server.CPWSGIServer(('0.0.0.0', 5002)) shut down
[07/Sep/2015:13:36:06] ENGINE Stopped thread '_TimeoutMonitor'.
[07/Sep/2015:13:36:06] ENGINE Bus STOPPED
[07/Sep/2015:13:36:06] ENGINE Bus EXITING
[07/Sep/2015:13:36:06] ENGINE Bus EXITED
[07/Sep/2015:13:36:06] ENGINE Waiting for child threads to terminate...
[07/Sep/2015:13:36:06] ENGINE Re-spawning /Volumes/Develop_Data_MacOS/All_Workspace/PHP_Python_Workspace/Phylotastic_UserCases_NMSU/Phylotastic_UserCases_WebServices_Running.py
[07/Sep/2015:13:36:06] ENGINE Bus STARTING
[07/Sep/2015:13:36:06] ENGINE Started monitor thread 'Autoreloader'.
[07/Sep/2015:13:36:06] ENGINE Started monitor thread '_TimeoutMonitor'.
[07/Sep/2015:13:36:06] ENGINE Serving on http://0.0.0.0:5002
[07/Sep/2015:13:36:06] ENGINE Bus STARTED
[07/Sep/2015:13:41:36] ENGINE Bus STARTING
[07/Sep/2015:13:41:36] ENGINE Started monitor thread 'Autoreloader'.
[07/Sep/2015:13:41:36] ENGINE Started monitor thread '_TimeoutMonitor'.
[07/Sep/2015:13:41:36] ENGINE Serving on http://0.0.0.0:5002
[07/Sep/2015:13:41:36] ENGINE Bus STARTED
[07/Sep/2015:14:19:58] ENGINE Bus STARTING
[07/Sep/2015:14:19:58] ENGINE Started monitor thread 'Autoreloader'.
[07/Sep/2015:14:19:58] ENGINE Started monitor thread '_TimeoutMonitor'.
[07/Sep/2015:14:19:58] ENGINE Serving on http://0.0.0.0:5002
[07/Sep/2015:14:19:58] ENGINE Bus STARTED
[07/Sep/2015:14:20:25] HTTP Traceback (most recent call last):
  File "/Library/Python/2.7/site-packages/cherrypy/_cprequest.py", line 670, in respond
    response.body = self.handler()
  File "/Library/Python/2.7/site-packages/cherrypy/lib/encoding.py", line 217, in __call__
    self.body = self.oldhandler(*args, **kwargs)
  File "/Library/Python/2.7/site-packages/cherrypy/_cpdispatch.py", line 61, in __call__
    return self.callable(*self.args, **self.kwargs)
  File "/Volumes/Develop_Data_MacOS/All_Workspace/PHP_Python_Workspace/Phylotastic_UserCases_NMSU/Phylotastic_UserCases_WebServices_Running.py", line 133, in work_flow_1
    species_name_list_url = foresterWS_GetSpeciesList_Object['material']['species_name_list']['text']
KeyError: 'species_name_list'

[07/Sep/2015:14:20:25] HTTP 
Request Headers:
  CONNECTION: keep-alive
  COOKIE: csrftoken=GHQmdWNppjIKa9OSK94oyipmgrOTOS2K
  HOST: 127.0.0.1:5002
  UPGRADE-INSECURE-REQUESTS: 1
  Remote-Addr: 127.0.0.1
  ACCEPT: text/html,application/xhtml+xml,application/xml;q=0.9,image/webp,*/*;q=0.8
  USER-AGENT: Mozilla/5.0 (Macintosh; Intel Mac OS X 10_10_5) AppleWebKit/537.36 (KHTML, like Gecko) Chrome/45.0.2454.85 Safari/537.36
  ACCEPT-LANGUAGE: vi-VN,vi;q=0.8,fr-FR;q=0.6,fr;q=0.4,en-US;q=0.2,en;q=0.2
  ACCEPT-ENCODING: gzip, deflate, sdch
[07/Sep/2015:14:21:02] ENGINE Restarting because /Volumes/Develop_Data_MacOS/All_Workspace/PHP_Python_Workspace/Phylotastic_UserCases_NMSU/Phylotastic_UserCases_WebServices_Running.py changed.
[07/Sep/2015:14:21:02] ENGINE Stopped thread 'Autoreloader'.
[07/Sep/2015:14:21:02] ENGINE Bus STOPPING
[07/Sep/2015:14:21:02] ENGINE HTTP Server cherrypy._cpwsgi_server.CPWSGIServer(('0.0.0.0', 5002)) shut down
[07/Sep/2015:14:21:02] ENGINE Stopped thread '_TimeoutMonitor'.
[07/Sep/2015:14:21:02] ENGINE Bus STOPPED
[07/Sep/2015:14:21:02] ENGINE Bus EXITING
[07/Sep/2015:14:21:02] ENGINE Bus EXITED
[07/Sep/2015:14:21:02] ENGINE Waiting for child threads to terminate...
[07/Sep/2015:14:21:02] ENGINE Re-spawning /Volumes/Develop_Data_MacOS/All_Workspace/PHP_Python_Workspace/Phylotastic_UserCases_NMSU/Phylotastic_UserCases_WebServices_Running.py
[07/Sep/2015:14:21:02] ENGINE Bus STARTING
[07/Sep/2015:14:21:02] ENGINE Started monitor thread 'Autoreloader'.
[07/Sep/2015:14:21:02] ENGINE Started monitor thread '_TimeoutMonitor'.
[07/Sep/2015:14:21:02] ENGINE Serving on http://0.0.0.0:5002
[07/Sep/2015:14:21:02] ENGINE Bus STARTED
[07/Sep/2015:14:21:08] ENGINE Bus STARTING
[07/Sep/2015:14:21:08] ENGINE Started monitor thread 'Autoreloader'.
[07/Sep/2015:14:21:08] ENGINE Started monitor thread '_TimeoutMonitor'.
[07/Sep/2015:14:21:15] ENGINE Bus STARTING
[07/Sep/2015:14:21:15] ENGINE Started monitor thread 'Autoreloader'.
[07/Sep/2015:14:21:15] ENGINE Started monitor thread '_TimeoutMonitor'.
[07/Sep/2015:14:21:15] ENGINE Serving on http://0.0.0.0:5002
[07/Sep/2015:14:21:15] ENGINE Bus STARTED
[07/Sep/2015:14:24:05] ENGINE Restarting because /Volumes/Develop_Data_MacOS/All_Workspace/PHP_Python_Workspace/Phylotastic_UserCases_NMSU/Phylotastic_UserCases_WebServices_Running.py changed.
[07/Sep/2015:14:24:05] ENGINE Stopped thread 'Autoreloader'.
[07/Sep/2015:14:24:05] ENGINE Bus STOPPING
[07/Sep/2015:14:24:05] ENGINE HTTP Server cherrypy._cpwsgi_server.CPWSGIServer(('0.0.0.0', 5002)) shut down
[07/Sep/2015:14:24:05] ENGINE Stopped thread '_TimeoutMonitor'.
[07/Sep/2015:14:24:05] ENGINE Bus STOPPED
[07/Sep/2015:14:24:05] ENGINE Bus EXITING
[07/Sep/2015:14:24:05] ENGINE Bus EXITED
[07/Sep/2015:14:24:05] ENGINE Waiting for child threads to terminate...
[07/Sep/2015:14:24:05] ENGINE Re-spawning /Volumes/Develop_Data_MacOS/All_Workspace/PHP_Python_Workspace/Phylotastic_UserCases_NMSU/Phylotastic_UserCases_WebServices_Running.py
[07/Sep/2015:14:24:05] ENGINE Bus STARTING
[07/Sep/2015:14:24:05] ENGINE Started monitor thread 'Autoreloader'.
[07/Sep/2015:14:24:05] ENGINE Started monitor thread '_TimeoutMonitor'.
[07/Sep/2015:14:24:05] ENGINE Serving on http://0.0.0.0:5002
[07/Sep/2015:14:24:05] ENGINE Bus STARTED
[07/Sep/2015:14:24:06] ENGINE Bus STARTING
[07/Sep/2015:14:24:06] ENGINE Started monitor thread 'Autoreloader'.
[07/Sep/2015:14:24:06] ENGINE Started monitor thread '_TimeoutMonitor'.
[07/Sep/2015:14:24:14] ENGINE Bus STARTING
[07/Sep/2015:14:24:14] ENGINE Started monitor thread 'Autoreloader'.
[07/Sep/2015:14:24:14] ENGINE Started monitor thread '_TimeoutMonitor'.
[07/Sep/2015:14:24:14] ENGINE Serving on http://0.0.0.0:5002
[07/Sep/2015:14:24:14] ENGINE Bus STARTED
[07/Sep/2015:14:27:13] ENGINE Restarting because /Volumes/Develop_Data_MacOS/All_Workspace/PHP_Python_Workspace/Phylotastic_UserCases_NMSU/Phylotastic_UserCases_WebServices_Running.py changed.
[07/Sep/2015:14:27:13] ENGINE Stopped thread 'Autoreloader'.
[07/Sep/2015:14:27:13] ENGINE Bus STOPPING
[07/Sep/2015:14:27:13] ENGINE HTTP Server cherrypy._cpwsgi_server.CPWSGIServer(('0.0.0.0', 5002)) shut down
[07/Sep/2015:14:27:13] ENGINE Stopped thread '_TimeoutMonitor'.
[07/Sep/2015:14:27:13] ENGINE Bus STOPPED
[07/Sep/2015:14:27:13] ENGINE Bus EXITING
[07/Sep/2015:14:27:13] ENGINE Bus EXITED
[07/Sep/2015:14:27:13] ENGINE Waiting for child threads to terminate...
[07/Sep/2015:14:27:13] ENGINE Re-spawning /Volumes/Develop_Data_MacOS/All_Workspace/PHP_Python_Workspace/Phylotastic_UserCases_NMSU/Phylotastic_UserCases_WebServices_Running.py
[07/Sep/2015:14:27:13] ENGINE Bus STARTING
[07/Sep/2015:14:27:13] ENGINE Started monitor thread 'Autoreloader'.
[07/Sep/2015:14:27:13] ENGINE Started monitor thread '_TimeoutMonitor'.
[07/Sep/2015:14:27:14] ENGINE Serving on http://0.0.0.0:5002
[07/Sep/2015:14:27:14] ENGINE Bus STARTED
[07/Sep/2015:14:27:20] ENGINE Bus STARTING
[07/Sep/2015:14:27:20] ENGINE Started monitor thread 'Autoreloader'.
[07/Sep/2015:14:27:20] ENGINE Started monitor thread '_TimeoutMonitor'.
[07/Sep/2015:14:27:20] ENGINE Serving on http://0.0.0.0:5002
[07/Sep/2015:14:27:20] ENGINE Bus STARTED
[07/Sep/2015:14:27:34] ENGINE Restarting because /Volumes/Develop_Data_MacOS/All_Workspace/PHP_Python_Workspace/Phylotastic_UserCases_NMSU/Phylotastic_UserCases_WebServices_Running.py changed.
[07/Sep/2015:14:27:34] ENGINE Stopped thread 'Autoreloader'.
[07/Sep/2015:14:27:34] ENGINE Bus STOPPING
[07/Sep/2015:14:27:34] ENGINE HTTP Server cherrypy._cpwsgi_server.CPWSGIServer(('0.0.0.0', 5002)) shut down
[07/Sep/2015:14:27:34] ENGINE Stopped thread '_TimeoutMonitor'.
[07/Sep/2015:14:27:34] ENGINE Bus STOPPED
[07/Sep/2015:14:27:34] ENGINE Bus EXITING
[07/Sep/2015:14:27:34] ENGINE Bus EXITED
[07/Sep/2015:14:27:34] ENGINE Waiting for child threads to terminate...
[07/Sep/2015:14:27:34] ENGINE Re-spawning /Volumes/Develop_Data_MacOS/All_Workspace/PHP_Python_Workspace/Phylotastic_UserCases_NMSU/Phylotastic_UserCases_WebServices_Running.py
[07/Sep/2015:14:27:34] ENGINE Bus STARTING
[07/Sep/2015:14:27:34] ENGINE Started monitor thread 'Autoreloader'.
[07/Sep/2015:14:27:34] ENGINE Started monitor thread '_TimeoutMonitor'.
[07/Sep/2015:14:27:34] ENGINE Serving on http://0.0.0.0:5002
[07/Sep/2015:14:27:34] ENGINE Bus STARTED
[07/Sep/2015:14:27:44] ENGINE Bus STARTING
[07/Sep/2015:14:27:44] ENGINE Started monitor thread 'Autoreloader'.
[07/Sep/2015:14:27:44] ENGINE Started monitor thread '_TimeoutMonitor'.
[07/Sep/2015:14:27:44] ENGINE Serving on http://0.0.0.0:5002
[07/Sep/2015:14:27:44] ENGINE Bus STARTED
[07/Sep/2015:14:29:41] ENGINE Restarting because /Volumes/Develop_Data_MacOS/All_Workspace/PHP_Python_Workspace/Phylotastic_UserCases_NMSU/Phylotastic_UserCases_WebServices_Running.py changed.
[07/Sep/2015:14:29:41] ENGINE Stopped thread 'Autoreloader'.
[07/Sep/2015:14:29:41] ENGINE Bus STOPPING
[07/Sep/2015:14:29:41] ENGINE HTTP Server cherrypy._cpwsgi_server.CPWSGIServer(('0.0.0.0', 5002)) shut down
[07/Sep/2015:14:29:41] ENGINE Stopped thread '_TimeoutMonitor'.
[07/Sep/2015:14:29:41] ENGINE Bus STOPPED
[07/Sep/2015:14:29:41] ENGINE Bus EXITING
[07/Sep/2015:14:29:41] ENGINE Bus EXITED
[07/Sep/2015:14:29:41] ENGINE Waiting for child threads to terminate...
[07/Sep/2015:14:29:41] ENGINE Re-spawning /Volumes/Develop_Data_MacOS/All_Workspace/PHP_Python_Workspace/Phylotastic_UserCases_NMSU/Phylotastic_UserCases_WebServices_Running.py
[07/Sep/2015:14:29:41] ENGINE Bus STARTING
[07/Sep/2015:14:29:41] ENGINE Started monitor thread 'Autoreloader'.
[07/Sep/2015:14:29:41] ENGINE Started monitor thread '_TimeoutMonitor'.
[07/Sep/2015:14:29:41] ENGINE Serving on http://0.0.0.0:5002
[07/Sep/2015:14:29:41] ENGINE Bus STARTED
[07/Sep/2015:14:30:04] ENGINE Bus STARTING
[07/Sep/2015:14:30:04] ENGINE Started monitor thread 'Autoreloader'.
[07/Sep/2015:14:30:04] ENGINE Started monitor thread '_TimeoutMonitor'.
[07/Sep/2015:14:30:05] ENGINE Serving on http://0.0.0.0:5002
[07/Sep/2015:14:30:05] ENGINE Bus STARTED
[07/Sep/2015:14:31:36] ENGINE Restarting because /Volumes/Develop_Data_MacOS/All_Workspace/PHP_Python_Workspace/Phylotastic_UserCases_NMSU/Phylotastic_UserCases_WebServices_Running.py changed.
[07/Sep/2015:14:31:36] ENGINE Stopped thread 'Autoreloader'.
[07/Sep/2015:14:31:36] ENGINE Bus STOPPING
[07/Sep/2015:14:31:36] ENGINE HTTP Server cherrypy._cpwsgi_server.CPWSGIServer(('0.0.0.0', 5002)) shut down
[07/Sep/2015:14:31:36] ENGINE Stopped thread '_TimeoutMonitor'.
[07/Sep/2015:14:31:36] ENGINE Bus STOPPED
[07/Sep/2015:14:31:36] ENGINE Bus EXITING
[07/Sep/2015:14:31:36] ENGINE Bus EXITED
[07/Sep/2015:14:31:36] ENGINE Waiting for child threads to terminate...
[07/Sep/2015:14:31:36] ENGINE Re-spawning /Volumes/Develop_Data_MacOS/All_Workspace/PHP_Python_Workspace/Phylotastic_UserCases_NMSU/Phylotastic_UserCases_WebServices_Running.py
[07/Sep/2015:14:31:36] ENGINE Bus STARTING
[07/Sep/2015:14:31:36] ENGINE Started monitor thread 'Autoreloader'.
[07/Sep/2015:14:31:36] ENGINE Started monitor thread '_TimeoutMonitor'.
[07/Sep/2015:14:31:36] ENGINE Serving on http://0.0.0.0:5002
[07/Sep/2015:14:31:36] ENGINE Bus STARTED
[07/Sep/2015:14:32:44] ENGINE Bus STARTING
[07/Sep/2015:14:32:44] ENGINE Started monitor thread 'Autoreloader'.
[07/Sep/2015:14:32:44] ENGINE Started monitor thread '_TimeoutMonitor'.
[07/Sep/2015:14:32:45] ENGINE Serving on http://0.0.0.0:5002
[07/Sep/2015:14:32:45] ENGINE Bus STARTED
[07/Sep/2015:14:33:56] ENGINE Restarting because /Volumes/Develop_Data_MacOS/All_Workspace/PHP_Python_Workspace/Phylotastic_UserCases_NMSU/Phylotastic_UserCases_WebServices_Running.py changed.
[07/Sep/2015:14:33:56] ENGINE Stopped thread 'Autoreloader'.
[07/Sep/2015:14:33:56] ENGINE Bus STOPPING
[07/Sep/2015:14:33:56] ENGINE HTTP Server cherrypy._cpwsgi_server.CPWSGIServer(('0.0.0.0', 5002)) shut down
[07/Sep/2015:14:33:56] ENGINE Stopped thread '_TimeoutMonitor'.
[07/Sep/2015:14:33:56] ENGINE Bus STOPPED
[07/Sep/2015:14:33:56] ENGINE Bus EXITING
[07/Sep/2015:14:33:56] ENGINE Bus EXITED
[07/Sep/2015:14:33:56] ENGINE Waiting for child threads to terminate...
[07/Sep/2015:14:33:56] ENGINE Re-spawning /Volumes/Develop_Data_MacOS/All_Workspace/PHP_Python_Workspace/Phylotastic_UserCases_NMSU/Phylotastic_UserCases_WebServices_Running.py
[07/Sep/2015:14:33:56] ENGINE Bus STARTING
[07/Sep/2015:14:33:56] ENGINE Started monitor thread 'Autoreloader'.
[07/Sep/2015:14:33:56] ENGINE Started monitor thread '_TimeoutMonitor'.
[07/Sep/2015:14:33:56] ENGINE Serving on http://0.0.0.0:5002
[07/Sep/2015:14:33:56] ENGINE Bus STARTED
[07/Sep/2015:14:34:06] ENGINE Restarting because /Volumes/Develop_Data_MacOS/All_Workspace/PHP_Python_Workspace/Phylotastic_UserCases_NMSU/Phylotastic_UserCases_WebServices_Running.py changed.
[07/Sep/2015:14:34:06] ENGINE Stopped thread 'Autoreloader'.
[07/Sep/2015:14:34:06] ENGINE Bus STOPPING
[07/Sep/2015:14:34:06] ENGINE HTTP Server cherrypy._cpwsgi_server.CPWSGIServer(('0.0.0.0', 5002)) shut down
[07/Sep/2015:14:34:06] ENGINE Stopped thread '_TimeoutMonitor'.
[07/Sep/2015:14:34:06] ENGINE Bus STOPPED
[07/Sep/2015:14:34:06] ENGINE Bus EXITING
[07/Sep/2015:14:34:06] ENGINE Bus EXITED
[07/Sep/2015:14:34:06] ENGINE Waiting for child threads to terminate...
[07/Sep/2015:14:34:06] ENGINE Re-spawning /Volumes/Develop_Data_MacOS/All_Workspace/PHP_Python_Workspace/Phylotastic_UserCases_NMSU/Phylotastic_UserCases_WebServices_Running.py
[07/Sep/2015:14:34:06] ENGINE Bus STARTING
[07/Sep/2015:14:34:06] ENGINE Started monitor thread 'Autoreloader'.
[07/Sep/2015:14:34:06] ENGINE Started monitor thread '_TimeoutMonitor'.
[07/Sep/2015:14:34:06] ENGINE Serving on http://0.0.0.0:5002
[07/Sep/2015:14:34:06] ENGINE Bus STARTED
[07/Sep/2015:14:35:12] ENGINE Restarting because /Volumes/Develop_Data_MacOS/All_Workspace/PHP_Python_Workspace/Phylotastic_UserCases_NMSU/Phylotastic_UserCases_WebServices_Running.py changed.
[07/Sep/2015:14:35:12] ENGINE Stopped thread 'Autoreloader'.
[07/Sep/2015:14:35:12] ENGINE Bus STOPPING
[07/Sep/2015:14:35:12] ENGINE HTTP Server cherrypy._cpwsgi_server.CPWSGIServer(('0.0.0.0', 5002)) shut down
[07/Sep/2015:14:35:12] ENGINE Stopped thread '_TimeoutMonitor'.
[07/Sep/2015:14:35:12] ENGINE Bus STOPPED
[07/Sep/2015:14:35:12] ENGINE Bus EXITING
[07/Sep/2015:14:35:12] ENGINE Bus EXITED
[07/Sep/2015:14:35:12] ENGINE Waiting for child threads to terminate...
[07/Sep/2015:14:35:12] ENGINE Re-spawning /Volumes/Develop_Data_MacOS/All_Workspace/PHP_Python_Workspace/Phylotastic_UserCases_NMSU/Phylotastic_UserCases_WebServices_Running.py
[07/Sep/2015:14:35:12] ENGINE Bus STARTING
[07/Sep/2015:14:35:12] ENGINE Started monitor thread 'Autoreloader'.
[07/Sep/2015:14:35:12] ENGINE Started monitor thread '_TimeoutMonitor'.
[07/Sep/2015:14:35:12] ENGINE Serving on http://0.0.0.0:5002
[07/Sep/2015:14:35:12] ENGINE Bus STARTED
[07/Sep/2015:14:37:39] ENGINE Bus STARTING
[07/Sep/2015:14:37:39] ENGINE Started monitor thread 'Autoreloader'.
[07/Sep/2015:14:37:39] ENGINE Started monitor thread '_TimeoutMonitor'.
[07/Sep/2015:14:37:39] ENGINE Serving on http://0.0.0.0:5002
[07/Sep/2015:14:37:39] ENGINE Bus STARTED
[07/Sep/2015:14:41:59] ENGINE Restarting because /Volumes/Develop_Data_MacOS/All_Workspace/PHP_Python_Workspace/Phylotastic_UserCases_NMSU/Phylotastic_UserCases_WebServices_Running.py changed.
[07/Sep/2015:14:41:59] ENGINE Stopped thread 'Autoreloader'.
[07/Sep/2015:14:41:59] ENGINE Bus STOPPING
[07/Sep/2015:14:41:59] ENGINE HTTP Server cherrypy._cpwsgi_server.CPWSGIServer(('0.0.0.0', 5002)) shut down
[07/Sep/2015:14:41:59] ENGINE Stopped thread '_TimeoutMonitor'.
[07/Sep/2015:14:41:59] ENGINE Bus STOPPED
[07/Sep/2015:14:41:59] ENGINE Bus EXITING
[07/Sep/2015:14:41:59] ENGINE Bus EXITED
[07/Sep/2015:14:41:59] ENGINE Waiting for child threads to terminate...
[07/Sep/2015:14:41:59] ENGINE Re-spawning /Volumes/Develop_Data_MacOS/All_Workspace/PHP_Python_Workspace/Phylotastic_UserCases_NMSU/Phylotastic_UserCases_WebServices_Running.py
[07/Sep/2015:14:41:59] ENGINE Bus STARTING
[07/Sep/2015:14:41:59] ENGINE Started monitor thread 'Autoreloader'.
[07/Sep/2015:14:41:59] ENGINE Started monitor thread '_TimeoutMonitor'.
[07/Sep/2015:14:41:59] ENGINE Serving on http://0.0.0.0:5002
[07/Sep/2015:14:41:59] ENGINE Bus STARTED
[07/Sep/2015:14:42:03] ENGINE Restarting because /Volumes/Develop_Data_MacOS/All_Workspace/PHP_Python_Workspace/Phylotastic_UserCases_NMSU/Phylotastic_UserCases_WebServices_Running.py changed.
[07/Sep/2015:14:42:03] ENGINE Stopped thread 'Autoreloader'.
[07/Sep/2015:14:42:03] ENGINE Bus STOPPING
[07/Sep/2015:14:42:03] ENGINE HTTP Server cherrypy._cpwsgi_server.CPWSGIServer(('0.0.0.0', 5002)) shut down
[07/Sep/2015:14:42:03] ENGINE Stopped thread '_TimeoutMonitor'.
[07/Sep/2015:14:42:03] ENGINE Bus STOPPED
[07/Sep/2015:14:42:03] ENGINE Bus EXITING
[07/Sep/2015:14:42:03] ENGINE Bus EXITED
[07/Sep/2015:14:42:03] ENGINE Waiting for child threads to terminate...
[07/Sep/2015:14:42:03] ENGINE Re-spawning /Volumes/Develop_Data_MacOS/All_Workspace/PHP_Python_Workspace/Phylotastic_UserCases_NMSU/Phylotastic_UserCases_WebServices_Running.py
[07/Sep/2015:14:42:04] ENGINE Bus STARTING
[07/Sep/2015:14:42:04] ENGINE Started monitor thread 'Autoreloader'.
[07/Sep/2015:14:42:04] ENGINE Started monitor thread '_TimeoutMonitor'.
[07/Sep/2015:14:42:04] ENGINE Serving on http://0.0.0.0:5002
[07/Sep/2015:14:42:04] ENGINE Bus STARTED
[07/Sep/2015:14:45:56] ENGINE Bus STARTING
[07/Sep/2015:14:45:56] ENGINE Started monitor thread '_TimeoutMonitor'.
[07/Sep/2015:14:45:56] ENGINE Started monitor thread 'Autoreloader'.
[07/Sep/2015:14:45:56] ENGINE Serving on http://0.0.0.0:5002
[07/Sep/2015:14:45:56] ENGINE Bus STARTED
