[22/Oct/2017:08:36:00] ENGINE Bus STARTING
[22/Oct/2017:08:36:00] ENGINE Started monitor thread 'Autoreloader'.
[22/Oct/2017:08:36:00] ENGINE Started monitor thread '_TimeoutMonitor'.
[22/Oct/2017:08:36:00] ENGINE Serving on http://127.0.0.1:5005
[22/Oct/2017:08:36:00] ENGINE Bus STARTED
[22/Oct/2017:08:37:28] ENGINE Restarting because /home/tayeen/TayeenFolders/PythonFiles/Phylotastic_SLS_WebServices/support/species_list_service.py changed.
[22/Oct/2017:08:37:28] ENGINE Stopped thread 'Autoreloader'.
[22/Oct/2017:08:37:28] ENGINE Bus STOPPING
[22/Oct/2017:08:37:28] ENGINE HTTP Server cherrypy._cpwsgi_server.CPWSGIServer(('127.0.0.1', 5005)) shut down
[22/Oct/2017:08:37:28] ENGINE Stopped thread '_TimeoutMonitor'.
[22/Oct/2017:08:37:28] ENGINE Bus STOPPED
[22/Oct/2017:08:37:28] ENGINE Bus EXITING
[22/Oct/2017:08:37:28] ENGINE Bus EXITED
[22/Oct/2017:08:37:29] ENGINE Waiting for child threads to terminate...
[22/Oct/2017:08:37:29] ENGINE Re-spawning Phylotastic_SLS_WebServices_Running.py
[22/Oct/2017:08:37:29] ENGINE Bus STARTING
[22/Oct/2017:08:37:29] ENGINE Started monitor thread 'Autoreloader'.
[22/Oct/2017:08:37:29] ENGINE Started monitor thread '_TimeoutMonitor'.
[22/Oct/2017:08:37:29] ENGINE Serving on http://127.0.0.1:5005
[22/Oct/2017:08:37:29] ENGINE Bus STARTED
[22/Oct/2017:08:40:07] ENGINE Restarting because /home/tayeen/TayeenFolders/PythonFiles/Phylotastic_SLS_WebServices/support/species_list_service.py changed.
[22/Oct/2017:08:40:07] ENGINE Stopped thread 'Autoreloader'.
[22/Oct/2017:08:40:07] ENGINE Bus STOPPING
[22/Oct/2017:08:40:07] ENGINE HTTP Server cherrypy._cpwsgi_server.CPWSGIServer(('127.0.0.1', 5005)) shut down
[22/Oct/2017:08:40:07] ENGINE Stopped thread '_TimeoutMonitor'.
[22/Oct/2017:08:40:07] ENGINE Bus STOPPED
[22/Oct/2017:08:40:07] ENGINE Bus EXITING
[22/Oct/2017:08:40:07] ENGINE Bus EXITED
[22/Oct/2017:08:40:07] ENGINE Waiting for child threads to terminate...
[22/Oct/2017:08:40:07] ENGINE Re-spawning Phylotastic_SLS_WebServices_Running.py
[22/Oct/2017:08:40:08] ENGINE Bus STARTING
[22/Oct/2017:08:40:08] ENGINE Started monitor thread 'Autoreloader'.
[22/Oct/2017:08:40:08] ENGINE Started monitor thread '_TimeoutMonitor'.
[22/Oct/2017:08:40:08] ENGINE Serving on http://127.0.0.1:5005
[22/Oct/2017:08:40:08] ENGINE Bus STARTED
[22/Oct/2017:08:40:49] ENGINE Restarting because /home/tayeen/TayeenFolders/PythonFiles/Phylotastic_SLS_WebServices/support/species_list_service.py changed.
[22/Oct/2017:08:40:49] ENGINE Stopped thread 'Autoreloader'.
[22/Oct/2017:08:40:49] ENGINE Bus STOPPING
[22/Oct/2017:08:40:49] ENGINE HTTP Server cherrypy._cpwsgi_server.CPWSGIServer(('127.0.0.1', 5005)) shut down
[22/Oct/2017:08:40:49] ENGINE Stopped thread '_TimeoutMonitor'.
[22/Oct/2017:08:40:49] ENGINE Bus STOPPED
[22/Oct/2017:08:40:49] ENGINE Bus EXITING
[22/Oct/2017:08:40:49] ENGINE Bus EXITED
[22/Oct/2017:08:40:49] ENGINE Waiting for child threads to terminate...
[22/Oct/2017:08:40:49] ENGINE Re-spawning Phylotastic_SLS_WebServices_Running.py
[22/Oct/2017:08:40:58] ENGINE Bus STARTING
[22/Oct/2017:08:40:58] ENGINE Started monitor thread 'Autoreloader'.
[22/Oct/2017:08:40:58] ENGINE Started monitor thread '_TimeoutMonitor'.
[22/Oct/2017:08:40:58] ENGINE Serving on http://127.0.0.1:5005
[22/Oct/2017:08:40:58] ENGINE Bus STARTED
[22/Oct/2017:08:41:56] ENGINE Restarting because /home/tayeen/TayeenFolders/PythonFiles/Phylotastic_SLS_WebServices/support/species_list_service.py changed.
[22/Oct/2017:08:41:56] ENGINE Stopped thread 'Autoreloader'.
[22/Oct/2017:08:41:56] ENGINE Bus STOPPING
[22/Oct/2017:08:41:56] ENGINE HTTP Server cherrypy._cpwsgi_server.CPWSGIServer(('127.0.0.1', 5005)) shut down
[22/Oct/2017:08:41:56] ENGINE Stopped thread '_TimeoutMonitor'.
[22/Oct/2017:08:41:56] ENGINE Bus STOPPED
[22/Oct/2017:08:41:56] ENGINE Bus EXITING
[22/Oct/2017:08:41:56] ENGINE Bus EXITED
[22/Oct/2017:08:41:56] ENGINE Waiting for child threads to terminate...
[22/Oct/2017:08:41:56] ENGINE Re-spawning Phylotastic_SLS_WebServices_Running.py
[22/Oct/2017:08:47:15] ENGINE Bus STARTING
[22/Oct/2017:08:47:15] ENGINE Started monitor thread 'Autoreloader'.
[22/Oct/2017:08:47:15] ENGINE Started monitor thread '_TimeoutMonitor'.
[22/Oct/2017:08:47:15] ENGINE Serving on http://127.0.0.1:5005
[22/Oct/2017:08:47:15] ENGINE Bus STARTED
[22/Oct/2017:08:48:46] ENGINE Restarting because /home/tayeen/TayeenFolders/PythonFiles/Phylotastic_SLS_WebServices/support/species_list_service.py changed.
[22/Oct/2017:08:48:46] ENGINE Stopped thread 'Autoreloader'.
[22/Oct/2017:08:48:46] ENGINE Bus STOPPING
[22/Oct/2017:08:48:46] ENGINE HTTP Server cherrypy._cpwsgi_server.CPWSGIServer(('127.0.0.1', 5005)) shut down
[22/Oct/2017:08:48:46] ENGINE Stopped thread '_TimeoutMonitor'.
[22/Oct/2017:08:48:46] ENGINE Bus STOPPED
[22/Oct/2017:08:48:46] ENGINE Bus EXITING
[22/Oct/2017:08:48:46] ENGINE Bus EXITED
[22/Oct/2017:08:48:46] ENGINE Waiting for child threads to terminate...
[22/Oct/2017:08:48:46] ENGINE Re-spawning Phylotastic_SLS_WebServices_Running.py
[22/Oct/2017:08:48:46] ENGINE Bus STARTING
[22/Oct/2017:08:48:46] ENGINE Started monitor thread 'Autoreloader'.
[22/Oct/2017:08:48:46] ENGINE Started monitor thread '_TimeoutMonitor'.
[22/Oct/2017:08:48:46] ENGINE Serving on http://127.0.0.1:5005
[22/Oct/2017:08:48:46] ENGINE Bus STARTED
[22/Oct/2017:08:51:25] ENGINE Restarting because /home/tayeen/TayeenFolders/PythonFiles/Phylotastic_SLS_WebServices/support/species_list_service.py changed.
[22/Oct/2017:08:51:25] ENGINE Stopped thread 'Autoreloader'.
[22/Oct/2017:08:51:25] ENGINE Bus STOPPING
[22/Oct/2017:08:51:25] ENGINE HTTP Server cherrypy._cpwsgi_server.CPWSGIServer(('127.0.0.1', 5005)) shut down
[22/Oct/2017:08:51:25] ENGINE Stopped thread '_TimeoutMonitor'.
[22/Oct/2017:08:51:25] ENGINE Bus STOPPED
[22/Oct/2017:08:51:25] ENGINE Bus EXITING
[22/Oct/2017:08:51:25] ENGINE Bus EXITED
[22/Oct/2017:08:51:25] ENGINE Waiting for child threads to terminate...
[22/Oct/2017:08:51:25] ENGINE Re-spawning Phylotastic_SLS_WebServices_Running.py
[22/Oct/2017:08:51:25] ENGINE Bus STARTING
[22/Oct/2017:08:51:25] ENGINE Started monitor thread 'Autoreloader'.
[22/Oct/2017:08:51:25] ENGINE Started monitor thread '_TimeoutMonitor'.
[22/Oct/2017:08:51:25] ENGINE Serving on http://127.0.0.1:5005
[22/Oct/2017:08:51:25] ENGINE Bus STARTED
[22/Oct/2017:08:51:42] ENGINE Restarting because /home/tayeen/TayeenFolders/PythonFiles/Phylotastic_SLS_WebServices/support/species_list_service.py changed.
[22/Oct/2017:08:51:42] ENGINE Stopped thread 'Autoreloader'.
[22/Oct/2017:08:51:42] ENGINE Bus STOPPING
[22/Oct/2017:08:51:42] ENGINE HTTP Server cherrypy._cpwsgi_server.CPWSGIServer(('127.0.0.1', 5005)) shut down
[22/Oct/2017:08:51:42] ENGINE Stopped thread '_TimeoutMonitor'.
[22/Oct/2017:08:51:42] ENGINE Bus STOPPED
[22/Oct/2017:08:51:42] ENGINE Bus EXITING
[22/Oct/2017:08:51:42] ENGINE Bus EXITED
[22/Oct/2017:08:51:42] ENGINE Waiting for child threads to terminate...
[22/Oct/2017:08:51:42] ENGINE Re-spawning Phylotastic_SLS_WebServices_Running.py
[22/Oct/2017:08:51:42] ENGINE Bus STARTING
[22/Oct/2017:08:51:42] ENGINE Started monitor thread 'Autoreloader'.
[22/Oct/2017:08:51:42] ENGINE Started monitor thread '_TimeoutMonitor'.
[22/Oct/2017:08:51:42] ENGINE Serving on http://127.0.0.1:5005
[22/Oct/2017:08:51:42] ENGINE Bus STARTED
[22/Oct/2017:08:55:00] ENGINE Restarting because /home/tayeen/TayeenFolders/PythonFiles/Phylotastic_SLS_WebServices/support/species_list_service.py changed.
[22/Oct/2017:08:55:00] ENGINE Stopped thread 'Autoreloader'.
[22/Oct/2017:08:55:00] ENGINE Bus STOPPING
[22/Oct/2017:08:55:00] ENGINE HTTP Server cherrypy._cpwsgi_server.CPWSGIServer(('127.0.0.1', 5005)) shut down
[22/Oct/2017:08:55:00] ENGINE Stopped thread '_TimeoutMonitor'.
[22/Oct/2017:08:55:00] ENGINE Bus STOPPED
[22/Oct/2017:08:55:00] ENGINE Bus EXITING
[22/Oct/2017:08:55:00] ENGINE Bus EXITED
[22/Oct/2017:08:55:00] ENGINE Waiting for child threads to terminate...
[22/Oct/2017:08:55:00] ENGINE Re-spawning Phylotastic_SLS_WebServices_Running.py
[22/Oct/2017:09:16:42] ENGINE Bus STARTING
[22/Oct/2017:09:16:42] ENGINE Started monitor thread 'Autoreloader'.
[22/Oct/2017:09:16:42] ENGINE Started monitor thread '_TimeoutMonitor'.
[22/Oct/2017:09:16:42] ENGINE Serving on http://127.0.0.1:5005
[22/Oct/2017:09:16:42] ENGINE Bus STARTED
[22/Oct/2017:09:24:51] ENGINE Restarting because /home/tayeen/TayeenFolders/PythonFiles/Phylotastic_SLS_WebServices/support/species_list_service.py changed.
[22/Oct/2017:09:24:51] ENGINE Stopped thread 'Autoreloader'.
[22/Oct/2017:09:24:51] ENGINE Bus STOPPING
[22/Oct/2017:09:24:51] ENGINE HTTP Server cherrypy._cpwsgi_server.CPWSGIServer(('127.0.0.1', 5005)) shut down
[22/Oct/2017:09:24:51] ENGINE Stopped thread '_TimeoutMonitor'.
[22/Oct/2017:09:24:51] ENGINE Bus STOPPED
[22/Oct/2017:09:24:51] ENGINE Bus EXITING
[22/Oct/2017:09:24:51] ENGINE Bus EXITED
[22/Oct/2017:09:24:51] ENGINE Waiting for child threads to terminate...
[22/Oct/2017:09:24:51] ENGINE Re-spawning Phylotastic_SLS_WebServices_Running.py
[22/Oct/2017:09:24:51] ENGINE Bus STARTING
[22/Oct/2017:09:24:51] ENGINE Started monitor thread 'Autoreloader'.
[22/Oct/2017:09:24:51] ENGINE Started monitor thread '_TimeoutMonitor'.
[22/Oct/2017:09:24:51] ENGINE Serving on http://127.0.0.1:5005
[22/Oct/2017:09:24:51] ENGINE Bus STARTED
[22/Oct/2017:09:25:37] ENGINE Restarting because /home/tayeen/TayeenFolders/PythonFiles/Phylotastic_SLS_WebServices/support/species_list_service.py changed.
[22/Oct/2017:09:25:37] ENGINE Stopped thread 'Autoreloader'.
[22/Oct/2017:09:25:37] ENGINE Bus STOPPING
[22/Oct/2017:09:25:37] ENGINE HTTP Server cherrypy._cpwsgi_server.CPWSGIServer(('127.0.0.1', 5005)) shut down
[22/Oct/2017:09:25:37] ENGINE Stopped thread '_TimeoutMonitor'.
[22/Oct/2017:09:25:37] ENGINE Bus STOPPED
[22/Oct/2017:09:25:37] ENGINE Bus EXITING
[22/Oct/2017:09:25:37] ENGINE Bus EXITED
[22/Oct/2017:09:25:37] ENGINE Waiting for child threads to terminate...
[22/Oct/2017:09:25:37] ENGINE Re-spawning Phylotastic_SLS_WebServices_Running.py
[22/Oct/2017:09:25:38] ENGINE Bus STARTING
[22/Oct/2017:09:25:38] ENGINE Started monitor thread 'Autoreloader'.
[22/Oct/2017:09:25:38] ENGINE Started monitor thread '_TimeoutMonitor'.
[22/Oct/2017:09:25:38] ENGINE Serving on http://127.0.0.1:5005
[22/Oct/2017:09:25:38] ENGINE Bus STARTED
[22/Oct/2017:09:26:33] ENGINE Restarting because /home/tayeen/TayeenFolders/PythonFiles/Phylotastic_SLS_WebServices/support/species_list_service.py changed.
[22/Oct/2017:09:26:33] ENGINE Stopped thread 'Autoreloader'.
[22/Oct/2017:09:26:33] ENGINE Bus STOPPING
[22/Oct/2017:09:26:33] ENGINE HTTP Server cherrypy._cpwsgi_server.CPWSGIServer(('127.0.0.1', 5005)) shut down
[22/Oct/2017:09:26:33] ENGINE Stopped thread '_TimeoutMonitor'.
[22/Oct/2017:09:26:33] ENGINE Bus STOPPED
[22/Oct/2017:09:26:33] ENGINE Bus EXITING
[22/Oct/2017:09:26:33] ENGINE Bus EXITED
[22/Oct/2017:09:26:33] ENGINE Waiting for child threads to terminate...
[22/Oct/2017:09:26:33] ENGINE Re-spawning Phylotastic_SLS_WebServices_Running.py
[22/Oct/2017:09:26:34] ENGINE Bus STARTING
[22/Oct/2017:09:26:34] ENGINE Started monitor thread 'Autoreloader'.
[22/Oct/2017:09:26:34] ENGINE Started monitor thread '_TimeoutMonitor'.
[22/Oct/2017:09:26:34] ENGINE Serving on http://127.0.0.1:5005
[22/Oct/2017:09:26:34] ENGINE Bus STARTED
[22/Oct/2017:09:26:39] ENGINE Restarting because /home/tayeen/TayeenFolders/PythonFiles/Phylotastic_SLS_WebServices/support/species_list_service.py changed.
[22/Oct/2017:09:26:39] ENGINE Stopped thread 'Autoreloader'.
[22/Oct/2017:09:26:39] ENGINE Bus STOPPING
[22/Oct/2017:09:26:39] ENGINE HTTP Server cherrypy._cpwsgi_server.CPWSGIServer(('127.0.0.1', 5005)) shut down
[22/Oct/2017:09:26:39] ENGINE Stopped thread '_TimeoutMonitor'.
[22/Oct/2017:09:26:39] ENGINE Bus STOPPED
[22/Oct/2017:09:26:39] ENGINE Bus EXITING
[22/Oct/2017:09:26:39] ENGINE Bus EXITED
[22/Oct/2017:09:26:39] ENGINE Waiting for child threads to terminate...
[22/Oct/2017:09:26:39] ENGINE Re-spawning Phylotastic_SLS_WebServices_Running.py
[22/Oct/2017:09:26:39] ENGINE Bus STARTING
[22/Oct/2017:09:26:39] ENGINE Started monitor thread 'Autoreloader'.
[22/Oct/2017:09:26:39] ENGINE Started monitor thread '_TimeoutMonitor'.
[22/Oct/2017:09:26:39] ENGINE Serving on http://127.0.0.1:5005
[22/Oct/2017:09:26:39] ENGINE Bus STARTED
[22/Oct/2017:09:27:22] ENGINE Restarting because /home/tayeen/TayeenFolders/PythonFiles/Phylotastic_SLS_WebServices/support/species_list_service.py changed.
[22/Oct/2017:09:27:22] ENGINE Stopped thread 'Autoreloader'.
[22/Oct/2017:09:27:22] ENGINE Bus STOPPING
[22/Oct/2017:09:27:22] ENGINE HTTP Server cherrypy._cpwsgi_server.CPWSGIServer(('127.0.0.1', 5005)) shut down
[22/Oct/2017:09:27:22] ENGINE Stopped thread '_TimeoutMonitor'.
[22/Oct/2017:09:27:22] ENGINE Bus STOPPED
[22/Oct/2017:09:27:22] ENGINE Bus EXITING
[22/Oct/2017:09:27:22] ENGINE Bus EXITED
[22/Oct/2017:09:27:22] ENGINE Waiting for child threads to terminate...
[22/Oct/2017:09:27:22] ENGINE Re-spawning Phylotastic_SLS_WebServices_Running.py
[22/Oct/2017:09:27:22] ENGINE Bus STARTING
[22/Oct/2017:09:27:22] ENGINE Started monitor thread 'Autoreloader'.
[22/Oct/2017:09:27:22] ENGINE Started monitor thread '_TimeoutMonitor'.
[22/Oct/2017:09:27:23] ENGINE Serving on http://127.0.0.1:5005
[22/Oct/2017:09:27:23] ENGINE Bus STARTED
[22/Oct/2017:09:28:46] ENGINE Restarting because /home/tayeen/TayeenFolders/PythonFiles/Phylotastic_SLS_WebServices/support/species_list_service.py changed.
[22/Oct/2017:09:28:46] ENGINE Stopped thread 'Autoreloader'.
[22/Oct/2017:09:28:46] ENGINE Bus STOPPING
[22/Oct/2017:09:28:46] ENGINE HTTP Server cherrypy._cpwsgi_server.CPWSGIServer(('127.0.0.1', 5005)) shut down
[22/Oct/2017:09:28:46] ENGINE Stopped thread '_TimeoutMonitor'.
[22/Oct/2017:09:28:46] ENGINE Bus STOPPED
[22/Oct/2017:09:28:46] ENGINE Bus EXITING
[22/Oct/2017:09:28:46] ENGINE Bus EXITED
[22/Oct/2017:09:28:46] ENGINE Waiting for child threads to terminate...
[22/Oct/2017:09:28:46] ENGINE Re-spawning Phylotastic_SLS_WebServices_Running.py
[22/Oct/2017:09:32:00] ENGINE Bus STARTING
[22/Oct/2017:09:32:00] ENGINE Started monitor thread 'Autoreloader'.
[22/Oct/2017:09:32:00] ENGINE Started monitor thread '_TimeoutMonitor'.
[22/Oct/2017:09:32:00] ENGINE Serving on http://127.0.0.1:5005
[22/Oct/2017:09:32:00] ENGINE Bus STARTED
[22/Oct/2017:09:32:52] ENGINE Restarting because /home/tayeen/TayeenFolders/PythonFiles/Phylotastic_SLS_WebServices/support/species_list_service.py changed.
[22/Oct/2017:09:32:52] ENGINE Stopped thread 'Autoreloader'.
[22/Oct/2017:09:32:52] ENGINE Bus STOPPING
[22/Oct/2017:09:32:52] ENGINE HTTP Server cherrypy._cpwsgi_server.CPWSGIServer(('127.0.0.1', 5005)) shut down
[22/Oct/2017:09:32:52] ENGINE Stopped thread '_TimeoutMonitor'.
[22/Oct/2017:09:32:52] ENGINE Bus STOPPED
[22/Oct/2017:09:32:52] ENGINE Bus EXITING
[22/Oct/2017:09:32:52] ENGINE Bus EXITED
[22/Oct/2017:09:32:52] ENGINE Waiting for child threads to terminate...
[22/Oct/2017:09:32:52] ENGINE Re-spawning Phylotastic_SLS_WebServices_Running.py
[22/Oct/2017:09:32:52] ENGINE Bus STARTING
[22/Oct/2017:09:32:52] ENGINE Started monitor thread 'Autoreloader'.
[22/Oct/2017:09:32:52] ENGINE Started monitor thread '_TimeoutMonitor'.
[22/Oct/2017:09:32:52] ENGINE Serving on http://127.0.0.1:5005
[22/Oct/2017:09:32:52] ENGINE Bus STARTED
[22/Oct/2017:09:33:35] ENGINE Restarting because /home/tayeen/TayeenFolders/PythonFiles/Phylotastic_SLS_WebServices/support/species_list_service.py changed.
[22/Oct/2017:09:33:35] ENGINE Stopped thread 'Autoreloader'.
[22/Oct/2017:09:33:35] ENGINE Bus STOPPING
[22/Oct/2017:09:33:35] ENGINE HTTP Server cherrypy._cpwsgi_server.CPWSGIServer(('127.0.0.1', 5005)) shut down
[22/Oct/2017:09:33:35] ENGINE Stopped thread '_TimeoutMonitor'.
[22/Oct/2017:09:33:35] ENGINE Bus STOPPED
[22/Oct/2017:09:33:35] ENGINE Bus EXITING
[22/Oct/2017:09:33:35] ENGINE Bus EXITED
[22/Oct/2017:09:33:35] ENGINE Waiting for child threads to terminate...
[22/Oct/2017:09:33:35] ENGINE Re-spawning Phylotastic_SLS_WebServices_Running.py
[22/Oct/2017:09:33:36] ENGINE Bus STARTING
[22/Oct/2017:09:33:36] ENGINE Started monitor thread 'Autoreloader'.
[22/Oct/2017:09:33:36] ENGINE Started monitor thread '_TimeoutMonitor'.
[22/Oct/2017:09:33:36] ENGINE Serving on http://127.0.0.1:5005
[22/Oct/2017:09:33:36] ENGINE Bus STARTED
[22/Oct/2017:09:35:31] ENGINE Restarting because /home/tayeen/TayeenFolders/PythonFiles/Phylotastic_SLS_WebServices/support/species_list_service.py changed.
[22/Oct/2017:09:35:31] ENGINE Stopped thread 'Autoreloader'.
[22/Oct/2017:09:35:31] ENGINE Bus STOPPING
[22/Oct/2017:09:35:31] ENGINE HTTP Server cherrypy._cpwsgi_server.CPWSGIServer(('127.0.0.1', 5005)) shut down
[22/Oct/2017:09:35:31] ENGINE Stopped thread '_TimeoutMonitor'.
[22/Oct/2017:09:35:31] ENGINE Bus STOPPED
[22/Oct/2017:09:35:31] ENGINE Bus EXITING
[22/Oct/2017:09:35:31] ENGINE Bus EXITED
[22/Oct/2017:09:35:31] ENGINE Waiting for child threads to terminate...
[22/Oct/2017:09:35:31] ENGINE Re-spawning Phylotastic_SLS_WebServices_Running.py
[22/Oct/2017:09:35:31] ENGINE Bus STARTING
[22/Oct/2017:09:35:31] ENGINE Started monitor thread 'Autoreloader'.
[22/Oct/2017:09:35:31] ENGINE Started monitor thread '_TimeoutMonitor'.
[22/Oct/2017:09:35:31] ENGINE Serving on http://127.0.0.1:5005
[22/Oct/2017:09:35:31] ENGINE Bus STARTED
[22/Oct/2017:09:36:04] ENGINE Restarting because /home/tayeen/TayeenFolders/PythonFiles/Phylotastic_SLS_WebServices/support/species_list_service.py changed.
[22/Oct/2017:09:36:04] ENGINE Stopped thread 'Autoreloader'.
[22/Oct/2017:09:36:04] ENGINE Bus STOPPING
[22/Oct/2017:09:36:04] ENGINE HTTP Server cherrypy._cpwsgi_server.CPWSGIServer(('127.0.0.1', 5005)) shut down
[22/Oct/2017:09:36:04] ENGINE Stopped thread '_TimeoutMonitor'.
[22/Oct/2017:09:36:04] ENGINE Bus STOPPED
[22/Oct/2017:09:36:04] ENGINE Bus EXITING
[22/Oct/2017:09:36:04] ENGINE Bus EXITED
[22/Oct/2017:09:36:04] ENGINE Waiting for child threads to terminate...
[22/Oct/2017:09:36:04] ENGINE Re-spawning Phylotastic_SLS_WebServices_Running.py
[22/Oct/2017:09:36:04] ENGINE Bus STARTING
[22/Oct/2017:09:36:04] ENGINE Started monitor thread 'Autoreloader'.
[22/Oct/2017:09:36:04] ENGINE Started monitor thread '_TimeoutMonitor'.
[22/Oct/2017:09:36:04] ENGINE Serving on http://127.0.0.1:5005
[22/Oct/2017:09:36:04] ENGINE Bus STARTED
[22/Oct/2017:09:39:25] ENGINE Restarting because /home/tayeen/TayeenFolders/PythonFiles/Phylotastic_SLS_WebServices/support/species_list_service.py changed.
[22/Oct/2017:09:39:25] ENGINE Stopped thread 'Autoreloader'.
[22/Oct/2017:09:39:25] ENGINE Bus STOPPING
[22/Oct/2017:09:39:25] ENGINE HTTP Server cherrypy._cpwsgi_server.CPWSGIServer(('127.0.0.1', 5005)) shut down
[22/Oct/2017:09:39:25] ENGINE Stopped thread '_TimeoutMonitor'.
[22/Oct/2017:09:39:25] ENGINE Bus STOPPED
[22/Oct/2017:09:39:25] ENGINE Bus EXITING
[22/Oct/2017:09:39:25] ENGINE Bus EXITED
[22/Oct/2017:09:39:25] ENGINE Waiting for child threads to terminate...
[22/Oct/2017:09:39:25] ENGINE Re-spawning Phylotastic_SLS_WebServices_Running.py
[22/Oct/2017:09:39:25] ENGINE Bus STARTING
[22/Oct/2017:09:39:25] ENGINE Started monitor thread 'Autoreloader'.
[22/Oct/2017:09:39:25] ENGINE Started monitor thread '_TimeoutMonitor'.
[22/Oct/2017:09:39:25] ENGINE Serving on http://127.0.0.1:5005
[22/Oct/2017:09:39:25] ENGINE Bus STARTED
[22/Oct/2017:09:40:37] ENGINE Restarting because /home/tayeen/TayeenFolders/PythonFiles/Phylotastic_SLS_WebServices/support/species_list_service.py changed.
[22/Oct/2017:09:40:37] ENGINE Stopped thread 'Autoreloader'.
[22/Oct/2017:09:40:37] ENGINE Bus STOPPING
[22/Oct/2017:09:40:37] ENGINE HTTP Server cherrypy._cpwsgi_server.CPWSGIServer(('127.0.0.1', 5005)) shut down
[22/Oct/2017:09:40:37] ENGINE Stopped thread '_TimeoutMonitor'.
[22/Oct/2017:09:40:37] ENGINE Bus STOPPED
[22/Oct/2017:09:40:37] ENGINE Bus EXITING
[22/Oct/2017:09:40:37] ENGINE Bus EXITED
[22/Oct/2017:09:40:37] ENGINE Waiting for child threads to terminate...
[22/Oct/2017:09:40:37] ENGINE Re-spawning Phylotastic_SLS_WebServices_Running.py
[22/Oct/2017:09:51:11] ENGINE Bus STARTING
[22/Oct/2017:09:51:11] ENGINE Started monitor thread 'Autoreloader'.
[22/Oct/2017:09:51:11] ENGINE Started monitor thread '_TimeoutMonitor'.
[22/Oct/2017:09:51:11] ENGINE Serving on http://127.0.0.1:5005
[22/Oct/2017:09:51:11] ENGINE Bus STARTED
[22/Oct/2017:09:53:00] ENGINE Restarting because /home/tayeen/TayeenFolders/PythonFiles/Phylotastic_SLS_WebServices/support/species_list_service.py changed.
[22/Oct/2017:09:53:00] ENGINE Stopped thread 'Autoreloader'.
[22/Oct/2017:09:53:00] ENGINE Bus STOPPING
[22/Oct/2017:09:53:00] ENGINE HTTP Server cherrypy._cpwsgi_server.CPWSGIServer(('127.0.0.1', 5005)) shut down
[22/Oct/2017:09:53:00] ENGINE Stopped thread '_TimeoutMonitor'.
[22/Oct/2017:09:53:00] ENGINE Bus STOPPED
[22/Oct/2017:09:53:00] ENGINE Bus EXITING
[22/Oct/2017:09:53:00] ENGINE Bus EXITED
[22/Oct/2017:09:53:00] ENGINE Waiting for child threads to terminate...
[22/Oct/2017:09:53:00] ENGINE Re-spawning Phylotastic_SLS_WebServices_Running.py
[22/Oct/2017:09:53:00] ENGINE Bus STARTING
[22/Oct/2017:09:53:00] ENGINE Started monitor thread 'Autoreloader'.
[22/Oct/2017:09:53:00] ENGINE Started monitor thread '_TimeoutMonitor'.
[22/Oct/2017:09:53:00] ENGINE Serving on http://127.0.0.1:5005
[22/Oct/2017:09:53:00] ENGINE Bus STARTED
[22/Oct/2017:09:54:09] ENGINE Restarting because /home/tayeen/TayeenFolders/PythonFiles/Phylotastic_SLS_WebServices/support/species_list_service.py changed.
[22/Oct/2017:09:54:09] ENGINE Stopped thread 'Autoreloader'.
[22/Oct/2017:09:54:09] ENGINE Bus STOPPING
[22/Oct/2017:09:54:09] ENGINE HTTP Server cherrypy._cpwsgi_server.CPWSGIServer(('127.0.0.1', 5005)) shut down
[22/Oct/2017:09:54:09] ENGINE Stopped thread '_TimeoutMonitor'.
[22/Oct/2017:09:54:09] ENGINE Bus STOPPED
[22/Oct/2017:09:54:09] ENGINE Bus EXITING
[22/Oct/2017:09:54:09] ENGINE Bus EXITED
[22/Oct/2017:09:54:09] ENGINE Waiting for child threads to terminate...
[22/Oct/2017:09:54:09] ENGINE Re-spawning Phylotastic_SLS_WebServices_Running.py
[22/Oct/2017:16:08:11] ENGINE Bus STARTING
[22/Oct/2017:16:08:11] ENGINE Started monitor thread 'Autoreloader'.
[22/Oct/2017:16:08:11] ENGINE Started monitor thread '_TimeoutMonitor'.
[22/Oct/2017:16:08:11] ENGINE Serving on http://127.0.0.1:5005
[22/Oct/2017:16:08:11] ENGINE Bus STARTED
[22/Oct/2017:16:16:43] ENGINE Restarting because /home/tayeen/TayeenFolders/PythonFiles/Phylotastic_SLS_WebServices/Phylotastic_SLS_WebServices_Running.py changed.
[22/Oct/2017:16:16:43] ENGINE Stopped thread 'Autoreloader'.
[22/Oct/2017:16:16:43] ENGINE Bus STOPPING
[22/Oct/2017:16:16:43] ENGINE HTTP Server cherrypy._cpwsgi_server.CPWSGIServer(('127.0.0.1', 5005)) shut down
[22/Oct/2017:16:16:43] ENGINE Stopped thread '_TimeoutMonitor'.
[22/Oct/2017:16:16:43] ENGINE Bus STOPPED
[22/Oct/2017:16:16:43] ENGINE Bus EXITING
[22/Oct/2017:16:16:43] ENGINE Bus EXITED
[22/Oct/2017:16:16:43] ENGINE Waiting for child threads to terminate...
[22/Oct/2017:16:16:43] ENGINE Re-spawning Phylotastic_SLS_WebServices_Running.py
[22/Oct/2017:16:47:44] ENGINE Bus STARTING
[22/Oct/2017:16:47:44] ENGINE Started monitor thread 'Autoreloader'.
[22/Oct/2017:16:47:44] ENGINE Started monitor thread '_TimeoutMonitor'.
[22/Oct/2017:16:47:44] ENGINE Serving on http://127.0.0.1:5005
[22/Oct/2017:16:47:44] ENGINE Bus STARTED
[22/Oct/2017:16:53:35] HTTP 
Traceback (most recent call last):
  File "/usr/local/lib/python2.7/dist-packages/cherrypy/_cprequest.py", line 675, in respond
    response.finalize()
  File "/usr/local/lib/python2.7/dist-packages/cherrypy/_cprequest.py", line 947, in finalize
    content = self.collapse_body()
  File "/usr/local/lib/python2.7/dist-packages/cherrypy/_cprequest.py", line 908, in collapse_body
    for chunk in self.body:
  File "/usr/lib/python2.7/json/encoder.py", line 434, in _iterencode
    for chunk in _iterencode_dict(o, _current_indent_level):
  File "/usr/lib/python2.7/json/encoder.py", line 408, in _iterencode_dict
    for chunk in chunks:
  File "/usr/lib/python2.7/json/encoder.py", line 408, in _iterencode_dict
    for chunk in chunks:
  File "/usr/lib/python2.7/json/encoder.py", line 442, in _iterencode
    o = _default(o)
  File "/usr/lib/python2.7/json/encoder.py", line 184, in default
    raise TypeError(repr(o) + " is not JSON serializable")
TypeError: datetime.datetime(2006, 1, 1, 0, 0) is not JSON serializable
[22/Oct/2017:16:53:35] HTTP 
Request Headers:
  Content-Length: 1764
  HOST: 127.0.0.1:5005
  Remote-Addr: 127.0.0.1
  ACCEPT: */*
  USER-AGENT: insomnia/5.9.6
  Content-Type: application/x-www-form-urlencoded
  ACCEPT-ENCODING: deflate, gzip
[22/Oct/2017:17:19:14] ENGINE Restarting because /home/tayeen/TayeenFolders/PythonFiles/Phylotastic_SLS_WebServices/support/species_list_service.py changed.
[22/Oct/2017:17:19:14] ENGINE Stopped thread 'Autoreloader'.
[22/Oct/2017:17:19:14] ENGINE Bus STOPPING
[22/Oct/2017:17:19:14] ENGINE HTTP Server cherrypy._cpwsgi_server.CPWSGIServer(('127.0.0.1', 5005)) shut down
[22/Oct/2017:17:19:14] ENGINE Stopped thread '_TimeoutMonitor'.
[22/Oct/2017:17:19:14] ENGINE Bus STOPPED
[22/Oct/2017:17:19:14] ENGINE Bus EXITING
[22/Oct/2017:17:19:14] ENGINE Bus EXITED
[22/Oct/2017:17:19:15] ENGINE Waiting for child threads to terminate...
[22/Oct/2017:17:19:15] ENGINE Re-spawning Phylotastic_SLS_WebServices_Running.py
[22/Oct/2017:17:19:15] ENGINE Bus STARTING
[22/Oct/2017:17:19:15] ENGINE Started monitor thread 'Autoreloader'.
[22/Oct/2017:17:19:15] ENGINE Started monitor thread '_TimeoutMonitor'.
[22/Oct/2017:17:19:15] ENGINE Serving on http://127.0.0.1:5005
[22/Oct/2017:17:19:15] ENGINE Bus STARTED
[22/Oct/2017:17:19:36] ENGINE Restarting because /home/tayeen/TayeenFolders/PythonFiles/Phylotastic_SLS_WebServices/support/species_list_service.py changed.
[22/Oct/2017:17:19:36] ENGINE Stopped thread 'Autoreloader'.
[22/Oct/2017:17:19:36] ENGINE Bus STOPPING
[22/Oct/2017:17:19:36] ENGINE HTTP Server cherrypy._cpwsgi_server.CPWSGIServer(('127.0.0.1', 5005)) shut down
[22/Oct/2017:17:19:36] ENGINE Stopped thread '_TimeoutMonitor'.
[22/Oct/2017:17:19:36] ENGINE Bus STOPPED
[22/Oct/2017:17:19:36] ENGINE Bus EXITING
[22/Oct/2017:17:19:36] ENGINE Bus EXITED
[22/Oct/2017:17:19:36] ENGINE Waiting for child threads to terminate...
[22/Oct/2017:17:19:36] ENGINE Re-spawning Phylotastic_SLS_WebServices_Running.py
[22/Oct/2017:17:19:36] ENGINE Bus STARTING
[22/Oct/2017:17:19:36] ENGINE Started monitor thread 'Autoreloader'.
[22/Oct/2017:17:19:36] ENGINE Started monitor thread '_TimeoutMonitor'.
[22/Oct/2017:17:19:37] ENGINE Serving on http://127.0.0.1:5005
[22/Oct/2017:17:19:37] ENGINE Bus STARTED
[22/Oct/2017:17:19:53] ENGINE Restarting because /home/tayeen/TayeenFolders/PythonFiles/Phylotastic_SLS_WebServices/support/species_list_service.py changed.
[22/Oct/2017:17:19:53] ENGINE Stopped thread 'Autoreloader'.
[22/Oct/2017:17:19:53] ENGINE Bus STOPPING
[22/Oct/2017:17:19:53] ENGINE HTTP Server cherrypy._cpwsgi_server.CPWSGIServer(('127.0.0.1', 5005)) shut down
[22/Oct/2017:17:19:53] ENGINE Stopped thread '_TimeoutMonitor'.
[22/Oct/2017:17:19:53] ENGINE Bus STOPPED
[22/Oct/2017:17:19:53] ENGINE Bus EXITING
[22/Oct/2017:17:19:53] ENGINE Bus EXITED
[22/Oct/2017:17:19:53] ENGINE Waiting for child threads to terminate...
[22/Oct/2017:17:19:53] ENGINE Re-spawning Phylotastic_SLS_WebServices_Running.py
[22/Oct/2017:17:19:53] ENGINE Bus STARTING
[22/Oct/2017:17:19:53] ENGINE Started monitor thread 'Autoreloader'.
[22/Oct/2017:17:19:53] ENGINE Started monitor thread '_TimeoutMonitor'.
[22/Oct/2017:17:19:53] ENGINE Serving on http://127.0.0.1:5005
[22/Oct/2017:17:19:53] ENGINE Bus STARTED
[22/Oct/2017:17:35:34] ENGINE Restarting because /home/tayeen/TayeenFolders/PythonFiles/Phylotastic_SLS_WebServices/support/species_list_service.py changed.
[22/Oct/2017:17:35:34] ENGINE Stopped thread 'Autoreloader'.
[22/Oct/2017:17:35:34] ENGINE Bus STOPPING
[22/Oct/2017:17:35:34] ENGINE HTTP Server cherrypy._cpwsgi_server.CPWSGIServer(('127.0.0.1', 5005)) shut down
[22/Oct/2017:17:35:34] ENGINE Stopped thread '_TimeoutMonitor'.
[22/Oct/2017:17:35:34] ENGINE Bus STOPPED
[22/Oct/2017:17:35:34] ENGINE Bus EXITING
[22/Oct/2017:17:35:34] ENGINE Bus EXITED
[22/Oct/2017:17:35:34] ENGINE Waiting for child threads to terminate...
[22/Oct/2017:17:35:34] ENGINE Re-spawning Phylotastic_SLS_WebServices_Running.py
[22/Oct/2017:17:35:35] ENGINE Bus STARTING
[22/Oct/2017:17:35:35] ENGINE Started monitor thread 'Autoreloader'.
[22/Oct/2017:17:35:35] ENGINE Started monitor thread '_TimeoutMonitor'.
[22/Oct/2017:17:35:35] ENGINE Serving on http://127.0.0.1:5005
[22/Oct/2017:17:35:35] ENGINE Bus STARTED
[22/Oct/2017:17:37:46] ENGINE Restarting because /home/tayeen/TayeenFolders/PythonFiles/Phylotastic_SLS_WebServices/support/species_list_service.py changed.
[22/Oct/2017:17:37:46] ENGINE Stopped thread 'Autoreloader'.
[22/Oct/2017:17:37:46] ENGINE Bus STOPPING
[22/Oct/2017:17:37:46] ENGINE HTTP Server cherrypy._cpwsgi_server.CPWSGIServer(('127.0.0.1', 5005)) shut down
[22/Oct/2017:17:37:46] ENGINE Stopped thread '_TimeoutMonitor'.
[22/Oct/2017:17:37:46] ENGINE Bus STOPPED
[22/Oct/2017:17:37:46] ENGINE Bus EXITING
[22/Oct/2017:17:37:46] ENGINE Bus EXITED
[22/Oct/2017:17:37:46] ENGINE Waiting for child threads to terminate...
[22/Oct/2017:17:37:46] ENGINE Re-spawning Phylotastic_SLS_WebServices_Running.py
[22/Oct/2017:17:41:37] ENGINE Bus STARTING
[22/Oct/2017:17:41:37] ENGINE Started monitor thread 'Autoreloader'.
[22/Oct/2017:17:41:37] ENGINE Started monitor thread '_TimeoutMonitor'.
[22/Oct/2017:17:41:37] ENGINE Serving on http://127.0.0.1:5005
[22/Oct/2017:17:41:37] ENGINE Bus STARTED
[22/Oct/2017:17:43:26] ENGINE Restarting because /home/tayeen/TayeenFolders/PythonFiles/Phylotastic_SLS_WebServices/support/species_list_service.py changed.
[22/Oct/2017:17:43:26] ENGINE Stopped thread 'Autoreloader'.
[22/Oct/2017:17:43:26] ENGINE Bus STOPPING
[22/Oct/2017:17:43:26] ENGINE HTTP Server cherrypy._cpwsgi_server.CPWSGIServer(('127.0.0.1', 5005)) shut down
[22/Oct/2017:17:43:26] ENGINE Stopped thread '_TimeoutMonitor'.
[22/Oct/2017:17:43:26] ENGINE Bus STOPPED
[22/Oct/2017:17:43:26] ENGINE Bus EXITING
[22/Oct/2017:17:43:26] ENGINE Bus EXITED
[22/Oct/2017:17:43:26] ENGINE Waiting for child threads to terminate...
[22/Oct/2017:17:43:26] ENGINE Re-spawning Phylotastic_SLS_WebServices_Running.py
[22/Oct/2017:17:43:27] ENGINE Bus STARTING
[22/Oct/2017:17:43:27] ENGINE Started monitor thread 'Autoreloader'.
[22/Oct/2017:17:43:27] ENGINE Started monitor thread '_TimeoutMonitor'.
[22/Oct/2017:17:43:27] ENGINE Serving on http://127.0.0.1:5005
[22/Oct/2017:17:43:27] ENGINE Bus STARTED
[22/Oct/2017:17:45:46] ENGINE Restarting because /home/tayeen/TayeenFolders/PythonFiles/Phylotastic_SLS_WebServices/support/species_list_service.py changed.
[22/Oct/2017:17:45:46] ENGINE Stopped thread 'Autoreloader'.
[22/Oct/2017:17:45:46] ENGINE Bus STOPPING
[22/Oct/2017:17:45:46] ENGINE HTTP Server cherrypy._cpwsgi_server.CPWSGIServer(('127.0.0.1', 5005)) shut down
[22/Oct/2017:17:45:46] ENGINE Stopped thread '_TimeoutMonitor'.
[22/Oct/2017:17:45:46] ENGINE Bus STOPPED
[22/Oct/2017:17:45:46] ENGINE Bus EXITING
[22/Oct/2017:17:45:46] ENGINE Bus EXITED
[22/Oct/2017:17:45:46] ENGINE Waiting for child threads to terminate...
[22/Oct/2017:17:45:46] ENGINE Re-spawning Phylotastic_SLS_WebServices_Running.py
[22/Oct/2017:17:45:46] ENGINE Bus STARTING
[22/Oct/2017:17:45:46] ENGINE Started monitor thread 'Autoreloader'.
[22/Oct/2017:17:45:46] ENGINE Started monitor thread '_TimeoutMonitor'.
[22/Oct/2017:17:45:47] ENGINE Serving on http://127.0.0.1:5005
[22/Oct/2017:17:45:47] ENGINE Bus STARTED
[22/Oct/2017:17:46:29] ENGINE Restarting because /home/tayeen/TayeenFolders/PythonFiles/Phylotastic_SLS_WebServices/support/species_list_service.py changed.
[22/Oct/2017:17:46:29] ENGINE Stopped thread 'Autoreloader'.
[22/Oct/2017:17:46:29] ENGINE Bus STOPPING
[22/Oct/2017:17:46:29] ENGINE HTTP Server cherrypy._cpwsgi_server.CPWSGIServer(('127.0.0.1', 5005)) shut down
[22/Oct/2017:17:46:29] ENGINE Stopped thread '_TimeoutMonitor'.
[22/Oct/2017:17:46:29] ENGINE Bus STOPPED
[22/Oct/2017:17:46:29] ENGINE Bus EXITING
[22/Oct/2017:17:46:29] ENGINE Bus EXITED
[22/Oct/2017:17:46:29] ENGINE Waiting for child threads to terminate...
[22/Oct/2017:17:46:29] ENGINE Re-spawning Phylotastic_SLS_WebServices_Running.py
[22/Oct/2017:17:47:46] ENGINE Bus STARTING
[22/Oct/2017:17:47:46] ENGINE Started monitor thread 'Autoreloader'.
[22/Oct/2017:17:47:46] ENGINE Started monitor thread '_TimeoutMonitor'.
[22/Oct/2017:17:47:47] ENGINE Serving on http://127.0.0.1:5005
[22/Oct/2017:17:47:47] ENGINE Bus STARTED
[22/Oct/2017:17:49:00] ENGINE Keyboard Interrupt: shutting down bus
[22/Oct/2017:17:49:00] ENGINE Bus STOPPING
[22/Oct/2017:17:49:00] ENGINE HTTP Server cherrypy._cpwsgi_server.CPWSGIServer(('127.0.0.1', 5005)) shut down
[22/Oct/2017:17:49:00] ENGINE Stopped thread 'Autoreloader'.
[22/Oct/2017:17:49:00] ENGINE Stopped thread '_TimeoutMonitor'.
[22/Oct/2017:17:49:00] ENGINE Bus STOPPED
[22/Oct/2017:17:49:00] ENGINE Bus EXITING
[22/Oct/2017:17:49:00] ENGINE Bus EXITED
[22/Oct/2017:17:49:00] ENGINE Waiting for child threads to terminate...
[22/Oct/2017:19:02:33] ENGINE Bus STARTING
[22/Oct/2017:19:02:33] ENGINE Started monitor thread 'Autoreloader'.
[22/Oct/2017:19:02:33] ENGINE Started monitor thread '_TimeoutMonitor'.
[22/Oct/2017:19:02:33] ENGINE Serving on http://127.0.0.1:5005
[22/Oct/2017:19:02:33] ENGINE Bus STARTED
[22/Oct/2017:19:04:47] ENGINE Restarting because /home/tayeen/TayeenFolders/PythonFiles/Phylotastic_SLS_WebServices/Phylotastic_SLS_WebServices_Running.py changed.
[22/Oct/2017:19:04:47] ENGINE Stopped thread 'Autoreloader'.
[22/Oct/2017:19:04:47] ENGINE Bus STOPPING
[22/Oct/2017:19:04:47] ENGINE HTTP Server cherrypy._cpwsgi_server.CPWSGIServer(('127.0.0.1', 5005)) shut down
[22/Oct/2017:19:04:47] ENGINE Stopped thread '_TimeoutMonitor'.
[22/Oct/2017:19:04:47] ENGINE Bus STOPPED
[22/Oct/2017:19:04:47] ENGINE Bus EXITING
[22/Oct/2017:19:04:47] ENGINE Bus EXITED
[22/Oct/2017:19:04:47] ENGINE Waiting for child threads to terminate...
[22/Oct/2017:19:04:47] ENGINE Re-spawning Phylotastic_SLS_WebServices_Running.py
[22/Oct/2017:19:04:47] ENGINE Bus STARTING
[22/Oct/2017:19:04:47] ENGINE Started monitor thread 'Autoreloader'.
[22/Oct/2017:19:04:47] ENGINE Started monitor thread '_TimeoutMonitor'.
[22/Oct/2017:19:04:47] ENGINE Serving on http://127.0.0.1:5005
[22/Oct/2017:19:04:47] ENGINE Bus STARTED
[22/Oct/2017:19:05:35] ENGINE Restarting because /home/tayeen/TayeenFolders/PythonFiles/Phylotastic_SLS_WebServices/Phylotastic_SLS_WebServices_Running.py changed.
[22/Oct/2017:19:05:35] ENGINE Stopped thread 'Autoreloader'.
[22/Oct/2017:19:05:35] ENGINE Bus STOPPING
[22/Oct/2017:19:05:35] ENGINE HTTP Server cherrypy._cpwsgi_server.CPWSGIServer(('127.0.0.1', 5005)) shut down
[22/Oct/2017:19:05:35] ENGINE Stopped thread '_TimeoutMonitor'.
[22/Oct/2017:19:05:35] ENGINE Bus STOPPED
[22/Oct/2017:19:05:35] ENGINE Bus EXITING
[22/Oct/2017:19:05:35] ENGINE Bus EXITED
[22/Oct/2017:19:05:35] ENGINE Waiting for child threads to terminate...
[22/Oct/2017:19:05:35] ENGINE Re-spawning Phylotastic_SLS_WebServices_Running.py
[22/Oct/2017:19:05:36] ENGINE Bus STARTING
[22/Oct/2017:19:05:36] ENGINE Started monitor thread 'Autoreloader'.
[22/Oct/2017:19:05:36] ENGINE Started monitor thread '_TimeoutMonitor'.
[22/Oct/2017:19:05:36] ENGINE Serving on http://127.0.0.1:5005
[22/Oct/2017:19:05:36] ENGINE Bus STARTED
[22/Oct/2017:19:06:02] ENGINE Restarting because /home/tayeen/TayeenFolders/PythonFiles/Phylotastic_SLS_WebServices/Phylotastic_SLS_WebServices_Running.py changed.
[22/Oct/2017:19:06:02] ENGINE Stopped thread 'Autoreloader'.
[22/Oct/2017:19:06:02] ENGINE Bus STOPPING
[22/Oct/2017:19:06:02] ENGINE HTTP Server cherrypy._cpwsgi_server.CPWSGIServer(('127.0.0.1', 5005)) shut down
[22/Oct/2017:19:06:02] ENGINE Stopped thread '_TimeoutMonitor'.
[22/Oct/2017:19:06:02] ENGINE Bus STOPPED
[22/Oct/2017:19:06:02] ENGINE Bus EXITING
[22/Oct/2017:19:06:02] ENGINE Bus EXITED
[22/Oct/2017:19:06:02] ENGINE Waiting for child threads to terminate...
[22/Oct/2017:19:06:02] ENGINE Re-spawning Phylotastic_SLS_WebServices_Running.py
[22/Oct/2017:19:06:02] ENGINE Bus STARTING
[22/Oct/2017:19:06:02] ENGINE Started monitor thread 'Autoreloader'.
[22/Oct/2017:19:06:02] ENGINE Started monitor thread '_TimeoutMonitor'.
[22/Oct/2017:19:06:02] ENGINE Serving on http://127.0.0.1:5005
[22/Oct/2017:19:06:02] ENGINE Bus STARTED
[22/Oct/2017:19:06:34] ENGINE Restarting because /home/tayeen/TayeenFolders/PythonFiles/Phylotastic_SLS_WebServices/Phylotastic_SLS_WebServices_Running.py changed.
[22/Oct/2017:19:06:34] ENGINE Stopped thread 'Autoreloader'.
[22/Oct/2017:19:06:34] ENGINE Bus STOPPING
[22/Oct/2017:19:06:34] ENGINE HTTP Server cherrypy._cpwsgi_server.CPWSGIServer(('127.0.0.1', 5005)) shut down
[22/Oct/2017:19:06:34] ENGINE Stopped thread '_TimeoutMonitor'.
[22/Oct/2017:19:06:34] ENGINE Bus STOPPED
[22/Oct/2017:19:06:34] ENGINE Bus EXITING
[22/Oct/2017:19:06:34] ENGINE Bus EXITED
[22/Oct/2017:19:06:34] ENGINE Waiting for child threads to terminate...
[22/Oct/2017:19:06:34] ENGINE Re-spawning Phylotastic_SLS_WebServices_Running.py
[22/Oct/2017:19:06:35] ENGINE Bus STARTING
[22/Oct/2017:19:06:35] ENGINE Started monitor thread 'Autoreloader'.
[22/Oct/2017:19:06:35] ENGINE Started monitor thread '_TimeoutMonitor'.
[22/Oct/2017:19:06:35] ENGINE Serving on http://127.0.0.1:5005
[22/Oct/2017:19:06:35] ENGINE Bus STARTED
[22/Oct/2017:19:06:42] ENGINE Restarting because /home/tayeen/TayeenFolders/PythonFiles/Phylotastic_SLS_WebServices/Phylotastic_SLS_WebServices_Running.py changed.
[22/Oct/2017:19:06:42] ENGINE Stopped thread 'Autoreloader'.
[22/Oct/2017:19:06:42] ENGINE Bus STOPPING
[22/Oct/2017:19:06:42] ENGINE HTTP Server cherrypy._cpwsgi_server.CPWSGIServer(('127.0.0.1', 5005)) shut down
[22/Oct/2017:19:06:42] ENGINE Stopped thread '_TimeoutMonitor'.
[22/Oct/2017:19:06:42] ENGINE Bus STOPPED
[22/Oct/2017:19:06:42] ENGINE Bus EXITING
[22/Oct/2017:19:06:42] ENGINE Bus EXITED
[22/Oct/2017:19:06:42] ENGINE Waiting for child threads to terminate...
[22/Oct/2017:19:06:42] ENGINE Re-spawning Phylotastic_SLS_WebServices_Running.py
[22/Oct/2017:19:06:42] ENGINE Bus STARTING
[22/Oct/2017:19:06:42] ENGINE Started monitor thread 'Autoreloader'.
[22/Oct/2017:19:06:42] ENGINE Started monitor thread '_TimeoutMonitor'.
[22/Oct/2017:19:06:42] ENGINE Serving on http://127.0.0.1:5005
[22/Oct/2017:19:06:42] ENGINE Bus STARTED
[22/Oct/2017:19:07:25] ENGINE Restarting because /home/tayeen/TayeenFolders/PythonFiles/Phylotastic_SLS_WebServices/Phylotastic_SLS_WebServices_Running.py changed.
[22/Oct/2017:19:07:25] ENGINE Stopped thread 'Autoreloader'.
[22/Oct/2017:19:07:25] ENGINE Bus STOPPING
[22/Oct/2017:19:07:25] ENGINE HTTP Server cherrypy._cpwsgi_server.CPWSGIServer(('127.0.0.1', 5005)) shut down
[22/Oct/2017:19:07:25] ENGINE Stopped thread '_TimeoutMonitor'.
[22/Oct/2017:19:07:25] ENGINE Bus STOPPED
[22/Oct/2017:19:07:25] ENGINE Bus EXITING
[22/Oct/2017:19:07:25] ENGINE Bus EXITED
[22/Oct/2017:19:07:25] ENGINE Waiting for child threads to terminate...
[22/Oct/2017:19:07:25] ENGINE Re-spawning Phylotastic_SLS_WebServices_Running.py
[22/Oct/2017:19:07:25] ENGINE Bus STARTING
[22/Oct/2017:19:07:26] ENGINE Started monitor thread 'Autoreloader'.
[22/Oct/2017:19:07:26] ENGINE Started monitor thread '_TimeoutMonitor'.
[22/Oct/2017:19:07:26] ENGINE Serving on http://127.0.0.1:5005
[22/Oct/2017:19:07:26] ENGINE Bus STARTED
[22/Oct/2017:19:07:48] ENGINE Restarting because /home/tayeen/TayeenFolders/PythonFiles/Phylotastic_SLS_WebServices/support/species_list_service.py changed.
[22/Oct/2017:19:07:48] ENGINE Stopped thread 'Autoreloader'.
[22/Oct/2017:19:07:48] ENGINE Bus STOPPING
[22/Oct/2017:19:07:48] ENGINE HTTP Server cherrypy._cpwsgi_server.CPWSGIServer(('127.0.0.1', 5005)) shut down
[22/Oct/2017:19:07:48] ENGINE Stopped thread '_TimeoutMonitor'.
[22/Oct/2017:19:07:48] ENGINE Bus STOPPED
[22/Oct/2017:19:07:48] ENGINE Bus EXITING
[22/Oct/2017:19:07:48] ENGINE Bus EXITED
[22/Oct/2017:19:07:48] ENGINE Waiting for child threads to terminate...
[22/Oct/2017:19:07:48] ENGINE Re-spawning Phylotastic_SLS_WebServices_Running.py
[22/Oct/2017:19:07:48] ENGINE Bus STARTING
[22/Oct/2017:19:07:48] ENGINE Started monitor thread 'Autoreloader'.
[22/Oct/2017:19:07:48] ENGINE Started monitor thread '_TimeoutMonitor'.
[22/Oct/2017:19:07:49] ENGINE Serving on http://127.0.0.1:5005
[22/Oct/2017:19:07:49] ENGINE Bus STARTED
[22/Oct/2017:19:10:51] ENGINE Restarting because /home/tayeen/TayeenFolders/PythonFiles/Phylotastic_SLS_WebServices/support/species_list_service.py changed.
[22/Oct/2017:19:10:51] ENGINE Stopped thread 'Autoreloader'.
[22/Oct/2017:19:10:51] ENGINE Bus STOPPING
[22/Oct/2017:19:10:51] ENGINE HTTP Server cherrypy._cpwsgi_server.CPWSGIServer(('127.0.0.1', 5005)) shut down
[22/Oct/2017:19:10:51] ENGINE Stopped thread '_TimeoutMonitor'.
[22/Oct/2017:19:10:51] ENGINE Bus STOPPED
[22/Oct/2017:19:10:51] ENGINE Bus EXITING
[22/Oct/2017:19:10:51] ENGINE Bus EXITED
[22/Oct/2017:19:10:51] ENGINE Waiting for child threads to terminate...
[22/Oct/2017:19:10:51] ENGINE Re-spawning Phylotastic_SLS_WebServices_Running.py
[22/Oct/2017:19:10:51] ENGINE Bus STARTING
[22/Oct/2017:19:10:51] ENGINE Started monitor thread 'Autoreloader'.
[22/Oct/2017:19:10:51] ENGINE Started monitor thread '_TimeoutMonitor'.
[22/Oct/2017:19:10:51] ENGINE Serving on http://127.0.0.1:5005
[22/Oct/2017:19:10:51] ENGINE Bus STARTED
[22/Oct/2017:19:11:34] ENGINE Restarting because /home/tayeen/TayeenFolders/PythonFiles/Phylotastic_SLS_WebServices/support/species_list_service.py changed.
[22/Oct/2017:19:11:34] ENGINE Stopped thread 'Autoreloader'.
[22/Oct/2017:19:11:34] ENGINE Bus STOPPING
[22/Oct/2017:19:11:34] ENGINE HTTP Server cherrypy._cpwsgi_server.CPWSGIServer(('127.0.0.1', 5005)) shut down
[22/Oct/2017:19:11:34] ENGINE Stopped thread '_TimeoutMonitor'.
[22/Oct/2017:19:11:34] ENGINE Bus STOPPED
[22/Oct/2017:19:11:34] ENGINE Bus EXITING
[22/Oct/2017:19:11:34] ENGINE Bus EXITED
[22/Oct/2017:19:11:34] ENGINE Waiting for child threads to terminate...
[22/Oct/2017:19:11:34] ENGINE Re-spawning Phylotastic_SLS_WebServices_Running.py
[22/Oct/2017:19:11:34] ENGINE Bus STARTING
[22/Oct/2017:19:11:34] ENGINE Started monitor thread 'Autoreloader'.
[22/Oct/2017:19:11:34] ENGINE Started monitor thread '_TimeoutMonitor'.
[22/Oct/2017:19:11:34] ENGINE Serving on http://127.0.0.1:5005
[22/Oct/2017:19:11:34] ENGINE Bus STARTED
[22/Oct/2017:19:12:12] ENGINE Restarting because /home/tayeen/TayeenFolders/PythonFiles/Phylotastic_SLS_WebServices/support/species_list_service.py changed.
[22/Oct/2017:19:12:12] ENGINE Stopped thread 'Autoreloader'.
[22/Oct/2017:19:12:12] ENGINE Bus STOPPING
[22/Oct/2017:19:12:12] ENGINE HTTP Server cherrypy._cpwsgi_server.CPWSGIServer(('127.0.0.1', 5005)) shut down
[22/Oct/2017:19:12:12] ENGINE Stopped thread '_TimeoutMonitor'.
[22/Oct/2017:19:12:12] ENGINE Bus STOPPED
[22/Oct/2017:19:12:12] ENGINE Bus EXITING
[22/Oct/2017:19:12:12] ENGINE Bus EXITED
[22/Oct/2017:19:12:12] ENGINE Waiting for child threads to terminate...
[22/Oct/2017:19:12:12] ENGINE Re-spawning Phylotastic_SLS_WebServices_Running.py
[22/Oct/2017:19:12:12] ENGINE Bus STARTING
[22/Oct/2017:19:12:12] ENGINE Started monitor thread 'Autoreloader'.
[22/Oct/2017:19:12:12] ENGINE Started monitor thread '_TimeoutMonitor'.
[22/Oct/2017:19:12:13] ENGINE Serving on http://127.0.0.1:5005
[22/Oct/2017:19:12:13] ENGINE Bus STARTED
[22/Oct/2017:19:13:08] ENGINE Restarting because /home/tayeen/TayeenFolders/PythonFiles/Phylotastic_SLS_WebServices/support/species_list_service.py changed.
[22/Oct/2017:19:13:08] ENGINE Stopped thread 'Autoreloader'.
[22/Oct/2017:19:13:08] ENGINE Bus STOPPING
[22/Oct/2017:19:13:08] ENGINE HTTP Server cherrypy._cpwsgi_server.CPWSGIServer(('127.0.0.1', 5005)) shut down
[22/Oct/2017:19:13:08] ENGINE Stopped thread '_TimeoutMonitor'.
[22/Oct/2017:19:13:08] ENGINE Bus STOPPED
[22/Oct/2017:19:13:08] ENGINE Bus EXITING
[22/Oct/2017:19:13:08] ENGINE Bus EXITED
[22/Oct/2017:19:13:08] ENGINE Waiting for child threads to terminate...
[22/Oct/2017:19:13:08] ENGINE Re-spawning Phylotastic_SLS_WebServices_Running.py
[22/Oct/2017:19:13:08] ENGINE Bus STARTING
[22/Oct/2017:19:13:08] ENGINE Started monitor thread 'Autoreloader'.
[22/Oct/2017:19:13:08] ENGINE Started monitor thread '_TimeoutMonitor'.
[22/Oct/2017:19:13:08] ENGINE Serving on http://127.0.0.1:5005
[22/Oct/2017:19:13:08] ENGINE Bus STARTED
[22/Oct/2017:19:13:14] ENGINE Restarting because /home/tayeen/TayeenFolders/PythonFiles/Phylotastic_SLS_WebServices/support/species_list_service.py changed.
[22/Oct/2017:19:13:14] ENGINE Stopped thread 'Autoreloader'.
[22/Oct/2017:19:13:14] ENGINE Bus STOPPING
[22/Oct/2017:19:13:14] ENGINE HTTP Server cherrypy._cpwsgi_server.CPWSGIServer(('127.0.0.1', 5005)) shut down
[22/Oct/2017:19:13:14] ENGINE Stopped thread '_TimeoutMonitor'.
[22/Oct/2017:19:13:14] ENGINE Bus STOPPED
[22/Oct/2017:19:13:14] ENGINE Bus EXITING
[22/Oct/2017:19:13:14] ENGINE Bus EXITED
[22/Oct/2017:19:13:14] ENGINE Waiting for child threads to terminate...
[22/Oct/2017:19:13:14] ENGINE Re-spawning Phylotastic_SLS_WebServices_Running.py
[22/Oct/2017:19:13:15] ENGINE Bus STARTING
[22/Oct/2017:19:13:15] ENGINE Started monitor thread 'Autoreloader'.
[22/Oct/2017:19:13:15] ENGINE Started monitor thread '_TimeoutMonitor'.
[22/Oct/2017:19:13:15] ENGINE Serving on http://127.0.0.1:5005
[22/Oct/2017:19:13:15] ENGINE Bus STARTED
[22/Oct/2017:19:14:48] ENGINE Restarting because /home/tayeen/TayeenFolders/PythonFiles/Phylotastic_SLS_WebServices/Phylotastic_SLS_WebServices_Running.py changed.
[22/Oct/2017:19:14:48] ENGINE Stopped thread 'Autoreloader'.
[22/Oct/2017:19:14:48] ENGINE Bus STOPPING
[22/Oct/2017:19:14:48] ENGINE HTTP Server cherrypy._cpwsgi_server.CPWSGIServer(('127.0.0.1', 5005)) shut down
[22/Oct/2017:19:14:48] ENGINE Stopped thread '_TimeoutMonitor'.
[22/Oct/2017:19:14:48] ENGINE Bus STOPPED
[22/Oct/2017:19:14:48] ENGINE Bus EXITING
[22/Oct/2017:19:14:48] ENGINE Bus EXITED
[22/Oct/2017:19:14:48] ENGINE Waiting for child threads to terminate...
[22/Oct/2017:19:14:48] ENGINE Re-spawning Phylotastic_SLS_WebServices_Running.py
[22/Oct/2017:19:14:49] ENGINE Bus STARTING
[22/Oct/2017:19:14:49] ENGINE Started monitor thread 'Autoreloader'.
[22/Oct/2017:19:14:49] ENGINE Started monitor thread '_TimeoutMonitor'.
[22/Oct/2017:19:14:49] ENGINE Serving on http://127.0.0.1:5005
[22/Oct/2017:19:14:49] ENGINE Bus STARTED
[22/Oct/2017:19:15:18] ENGINE Restarting because /home/tayeen/TayeenFolders/PythonFiles/Phylotastic_SLS_WebServices/Phylotastic_SLS_WebServices_Running.py changed.
[22/Oct/2017:19:15:18] ENGINE Stopped thread 'Autoreloader'.
[22/Oct/2017:19:15:18] ENGINE Bus STOPPING
[22/Oct/2017:19:15:18] ENGINE HTTP Server cherrypy._cpwsgi_server.CPWSGIServer(('127.0.0.1', 5005)) shut down
[22/Oct/2017:19:15:18] ENGINE Stopped thread '_TimeoutMonitor'.
[22/Oct/2017:19:15:18] ENGINE Bus STOPPED
[22/Oct/2017:19:15:18] ENGINE Bus EXITING
[22/Oct/2017:19:15:18] ENGINE Bus EXITED
[22/Oct/2017:19:15:18] ENGINE Waiting for child threads to terminate...
[22/Oct/2017:19:15:18] ENGINE Re-spawning Phylotastic_SLS_WebServices_Running.py
[22/Oct/2017:19:15:18] ENGINE Bus STARTING
[22/Oct/2017:19:15:18] ENGINE Started monitor thread 'Autoreloader'.
[22/Oct/2017:19:15:18] ENGINE Started monitor thread '_TimeoutMonitor'.
[22/Oct/2017:19:15:18] ENGINE Serving on http://127.0.0.1:5005
[22/Oct/2017:19:15:18] ENGINE Bus STARTED
[22/Oct/2017:19:16:44] ENGINE Restarting because /home/tayeen/TayeenFolders/PythonFiles/Phylotastic_SLS_WebServices/Phylotastic_SLS_WebServices_Running.py changed.
[22/Oct/2017:19:16:44] ENGINE Stopped thread 'Autoreloader'.
[22/Oct/2017:19:16:44] ENGINE Bus STOPPING
[22/Oct/2017:19:16:44] ENGINE HTTP Server cherrypy._cpwsgi_server.CPWSGIServer(('127.0.0.1', 5005)) shut down
[22/Oct/2017:19:16:44] ENGINE Stopped thread '_TimeoutMonitor'.
[22/Oct/2017:19:16:44] ENGINE Bus STOPPED
[22/Oct/2017:19:16:44] ENGINE Bus EXITING
[22/Oct/2017:19:16:44] ENGINE Bus EXITED
[22/Oct/2017:19:16:44] ENGINE Waiting for child threads to terminate...
[22/Oct/2017:19:16:44] ENGINE Re-spawning Phylotastic_SLS_WebServices_Running.py
[22/Oct/2017:19:26:27] ENGINE Bus STARTING
[22/Oct/2017:19:26:27] ENGINE Started monitor thread 'Autoreloader'.
[22/Oct/2017:19:26:27] ENGINE Started monitor thread '_TimeoutMonitor'.
[22/Oct/2017:19:26:27] ENGINE Serving on http://127.0.0.1:5005
[22/Oct/2017:19:26:27] ENGINE Bus STARTED
[22/Oct/2017:19:26:57] ENGINE Restarting because /home/tayeen/TayeenFolders/PythonFiles/Phylotastic_SLS_WebServices/support/species_list_service.py changed.
[22/Oct/2017:19:26:57] ENGINE Stopped thread 'Autoreloader'.
[22/Oct/2017:19:26:57] ENGINE Bus STOPPING
[22/Oct/2017:19:26:57] ENGINE HTTP Server cherrypy._cpwsgi_server.CPWSGIServer(('127.0.0.1', 5005)) shut down
[22/Oct/2017:19:26:57] ENGINE Stopped thread '_TimeoutMonitor'.
[22/Oct/2017:19:26:57] ENGINE Bus STOPPED
[22/Oct/2017:19:26:57] ENGINE Bus EXITING
[22/Oct/2017:19:26:57] ENGINE Bus EXITED
[22/Oct/2017:19:26:57] ENGINE Waiting for child threads to terminate...
[22/Oct/2017:19:26:57] ENGINE Re-spawning Phylotastic_SLS_WebServices_Running.py
[22/Oct/2017:19:26:57] ENGINE Bus STARTING
[22/Oct/2017:19:26:57] ENGINE Started monitor thread 'Autoreloader'.
[22/Oct/2017:19:26:57] ENGINE Started monitor thread '_TimeoutMonitor'.
[22/Oct/2017:19:26:57] ENGINE Serving on http://127.0.0.1:5005
[22/Oct/2017:19:26:57] ENGINE Bus STARTED
[22/Oct/2017:19:27:12] ENGINE Restarting because /home/tayeen/TayeenFolders/PythonFiles/Phylotastic_SLS_WebServices/support/species_list_service.py changed.
[22/Oct/2017:19:27:12] ENGINE Stopped thread 'Autoreloader'.
[22/Oct/2017:19:27:12] ENGINE Bus STOPPING
[22/Oct/2017:19:27:12] ENGINE HTTP Server cherrypy._cpwsgi_server.CPWSGIServer(('127.0.0.1', 5005)) shut down
[22/Oct/2017:19:27:12] ENGINE Stopped thread '_TimeoutMonitor'.
[22/Oct/2017:19:27:12] ENGINE Bus STOPPED
[22/Oct/2017:19:27:12] ENGINE Bus EXITING
[22/Oct/2017:19:27:12] ENGINE Bus EXITED
[22/Oct/2017:19:27:12] ENGINE Waiting for child threads to terminate...
[22/Oct/2017:19:27:12] ENGINE Re-spawning Phylotastic_SLS_WebServices_Running.py
[22/Oct/2017:19:27:13] ENGINE Bus STARTING
[22/Oct/2017:19:27:13] ENGINE Started monitor thread 'Autoreloader'.
[22/Oct/2017:19:27:13] ENGINE Started monitor thread '_TimeoutMonitor'.
[22/Oct/2017:19:27:13] ENGINE Serving on http://127.0.0.1:5005
[22/Oct/2017:19:27:13] ENGINE Bus STARTED
[22/Oct/2017:19:28:15] ENGINE Restarting because /home/tayeen/TayeenFolders/PythonFiles/Phylotastic_SLS_WebServices/support/species_list_service.py changed.
[22/Oct/2017:19:28:15] ENGINE Stopped thread 'Autoreloader'.
[22/Oct/2017:19:28:15] ENGINE Bus STOPPING
[22/Oct/2017:19:28:15] ENGINE HTTP Server cherrypy._cpwsgi_server.CPWSGIServer(('127.0.0.1', 5005)) shut down
[22/Oct/2017:19:28:15] ENGINE Stopped thread '_TimeoutMonitor'.
[22/Oct/2017:19:28:15] ENGINE Bus STOPPED
[22/Oct/2017:19:28:15] ENGINE Bus EXITING
[22/Oct/2017:19:28:15] ENGINE Bus EXITED
[22/Oct/2017:19:28:15] ENGINE Waiting for child threads to terminate...
[22/Oct/2017:19:28:15] ENGINE Re-spawning Phylotastic_SLS_WebServices_Running.py
[22/Oct/2017:19:28:15] ENGINE Bus STARTING
[22/Oct/2017:19:28:15] ENGINE Started monitor thread 'Autoreloader'.
[22/Oct/2017:19:28:15] ENGINE Started monitor thread '_TimeoutMonitor'.
[22/Oct/2017:19:28:16] ENGINE Serving on http://127.0.0.1:5005
[22/Oct/2017:19:28:16] ENGINE Bus STARTED
[22/Oct/2017:19:28:37] ENGINE Restarting because /home/tayeen/TayeenFolders/PythonFiles/Phylotastic_SLS_WebServices/support/species_list_service.py changed.
[22/Oct/2017:19:28:37] ENGINE Stopped thread 'Autoreloader'.
[22/Oct/2017:19:28:37] ENGINE Bus STOPPING
[22/Oct/2017:19:28:37] ENGINE HTTP Server cherrypy._cpwsgi_server.CPWSGIServer(('127.0.0.1', 5005)) shut down
[22/Oct/2017:19:28:37] ENGINE Stopped thread '_TimeoutMonitor'.
[22/Oct/2017:19:28:37] ENGINE Bus STOPPED
[22/Oct/2017:19:28:37] ENGINE Bus EXITING
[22/Oct/2017:19:28:37] ENGINE Bus EXITED
[22/Oct/2017:19:28:37] ENGINE Waiting for child threads to terminate...
[22/Oct/2017:19:28:37] ENGINE Re-spawning Phylotastic_SLS_WebServices_Running.py
[22/Oct/2017:19:28:37] ENGINE Bus STARTING
[22/Oct/2017:19:28:37] ENGINE Started monitor thread 'Autoreloader'.
[22/Oct/2017:19:28:37] ENGINE Started monitor thread '_TimeoutMonitor'.
[22/Oct/2017:19:28:37] ENGINE Serving on http://127.0.0.1:5005
[22/Oct/2017:19:28:37] ENGINE Bus STARTED
[22/Oct/2017:19:28:44] ENGINE Restarting because /home/tayeen/TayeenFolders/PythonFiles/Phylotastic_SLS_WebServices/support/species_list_service.py changed.
[22/Oct/2017:19:28:44] ENGINE Stopped thread 'Autoreloader'.
[22/Oct/2017:19:28:44] ENGINE Bus STOPPING
[22/Oct/2017:19:28:44] ENGINE HTTP Server cherrypy._cpwsgi_server.CPWSGIServer(('127.0.0.1', 5005)) shut down
[22/Oct/2017:19:28:44] ENGINE Stopped thread '_TimeoutMonitor'.
[22/Oct/2017:19:28:44] ENGINE Bus STOPPED
[22/Oct/2017:19:28:44] ENGINE Bus EXITING
[22/Oct/2017:19:28:44] ENGINE Bus EXITED
[22/Oct/2017:19:28:44] ENGINE Waiting for child threads to terminate...
[22/Oct/2017:19:28:44] ENGINE Re-spawning Phylotastic_SLS_WebServices_Running.py
[22/Oct/2017:19:28:44] ENGINE Bus STARTING
[22/Oct/2017:19:28:44] ENGINE Started monitor thread 'Autoreloader'.
[22/Oct/2017:19:28:44] ENGINE Started monitor thread '_TimeoutMonitor'.
[22/Oct/2017:19:28:44] ENGINE Serving on http://127.0.0.1:5005
[22/Oct/2017:19:28:44] ENGINE Bus STARTED
[22/Oct/2017:19:29:21] ENGINE Restarting because /home/tayeen/TayeenFolders/PythonFiles/Phylotastic_SLS_WebServices/support/species_list_service.py changed.
[22/Oct/2017:19:29:21] ENGINE Stopped thread 'Autoreloader'.
[22/Oct/2017:19:29:21] ENGINE Bus STOPPING
[22/Oct/2017:19:29:21] ENGINE HTTP Server cherrypy._cpwsgi_server.CPWSGIServer(('127.0.0.1', 5005)) shut down
[22/Oct/2017:19:29:21] ENGINE Stopped thread '_TimeoutMonitor'.
[22/Oct/2017:19:29:21] ENGINE Bus STOPPED
[22/Oct/2017:19:29:21] ENGINE Bus EXITING
[22/Oct/2017:19:29:21] ENGINE Bus EXITED
[22/Oct/2017:19:29:21] ENGINE Waiting for child threads to terminate...
[22/Oct/2017:19:29:21] ENGINE Re-spawning Phylotastic_SLS_WebServices_Running.py
[22/Oct/2017:19:29:22] ENGINE Bus STARTING
[22/Oct/2017:19:29:22] ENGINE Started monitor thread 'Autoreloader'.
[22/Oct/2017:19:29:22] ENGINE Started monitor thread '_TimeoutMonitor'.
[22/Oct/2017:19:29:22] ENGINE Serving on http://127.0.0.1:5005
[22/Oct/2017:19:29:22] ENGINE Bus STARTED
[22/Oct/2017:19:30:15] ENGINE Restarting because /home/tayeen/TayeenFolders/PythonFiles/Phylotastic_SLS_WebServices/support/species_list_service.py changed.
[22/Oct/2017:19:30:15] ENGINE Stopped thread 'Autoreloader'.
[22/Oct/2017:19:30:15] ENGINE Bus STOPPING
[22/Oct/2017:19:30:15] ENGINE HTTP Server cherrypy._cpwsgi_server.CPWSGIServer(('127.0.0.1', 5005)) shut down
[22/Oct/2017:19:30:15] ENGINE Stopped thread '_TimeoutMonitor'.
[22/Oct/2017:19:30:15] ENGINE Bus STOPPED
[22/Oct/2017:19:30:15] ENGINE Bus EXITING
[22/Oct/2017:19:30:15] ENGINE Bus EXITED
[22/Oct/2017:19:30:15] ENGINE Waiting for child threads to terminate...
[22/Oct/2017:19:30:15] ENGINE Re-spawning Phylotastic_SLS_WebServices_Running.py
[22/Oct/2017:19:30:15] ENGINE Bus STARTING
[22/Oct/2017:19:30:15] ENGINE Started monitor thread 'Autoreloader'.
[22/Oct/2017:19:30:15] ENGINE Started monitor thread '_TimeoutMonitor'.
[22/Oct/2017:19:30:16] ENGINE Serving on http://127.0.0.1:5005
[22/Oct/2017:19:30:16] ENGINE Bus STARTED
[22/Oct/2017:19:31:09] ENGINE Restarting because /home/tayeen/TayeenFolders/PythonFiles/Phylotastic_SLS_WebServices/support/species_list_service.py changed.
[22/Oct/2017:19:31:09] ENGINE Stopped thread 'Autoreloader'.
[22/Oct/2017:19:31:09] ENGINE Bus STOPPING
[22/Oct/2017:19:31:09] ENGINE HTTP Server cherrypy._cpwsgi_server.CPWSGIServer(('127.0.0.1', 5005)) shut down
[22/Oct/2017:19:31:09] ENGINE Stopped thread '_TimeoutMonitor'.
[22/Oct/2017:19:31:09] ENGINE Bus STOPPED
[22/Oct/2017:19:31:09] ENGINE Bus EXITING
[22/Oct/2017:19:31:09] ENGINE Bus EXITED
[22/Oct/2017:19:31:09] ENGINE Waiting for child threads to terminate...
[22/Oct/2017:19:31:09] ENGINE Re-spawning Phylotastic_SLS_WebServices_Running.py
[22/Oct/2017:19:31:09] ENGINE Bus STARTING
[22/Oct/2017:19:31:09] ENGINE Started monitor thread 'Autoreloader'.
[22/Oct/2017:19:31:09] ENGINE Started monitor thread '_TimeoutMonitor'.
[22/Oct/2017:19:31:09] ENGINE Serving on http://127.0.0.1:5005
[22/Oct/2017:19:31:09] ENGINE Bus STARTED
[22/Oct/2017:19:32:30] ENGINE Restarting because /home/tayeen/TayeenFolders/PythonFiles/Phylotastic_SLS_WebServices/support/species_list_service.py changed.
[22/Oct/2017:19:32:30] ENGINE Stopped thread 'Autoreloader'.
[22/Oct/2017:19:32:30] ENGINE Bus STOPPING
[22/Oct/2017:19:32:30] ENGINE HTTP Server cherrypy._cpwsgi_server.CPWSGIServer(('127.0.0.1', 5005)) shut down
[22/Oct/2017:19:32:30] ENGINE Stopped thread '_TimeoutMonitor'.
[22/Oct/2017:19:32:30] ENGINE Bus STOPPED
[22/Oct/2017:19:32:30] ENGINE Bus EXITING
[22/Oct/2017:19:32:30] ENGINE Bus EXITED
[22/Oct/2017:19:32:30] ENGINE Waiting for child threads to terminate...
[22/Oct/2017:19:32:30] ENGINE Re-spawning Phylotastic_SLS_WebServices_Running.py
[22/Oct/2017:19:32:30] ENGINE Bus STARTING
[22/Oct/2017:19:32:30] ENGINE Started monitor thread 'Autoreloader'.
[22/Oct/2017:19:32:30] ENGINE Started monitor thread '_TimeoutMonitor'.
[22/Oct/2017:19:32:30] ENGINE Serving on http://127.0.0.1:5005
[22/Oct/2017:19:32:30] ENGINE Bus STARTED
[22/Oct/2017:19:32:36] ENGINE Restarting because /home/tayeen/TayeenFolders/PythonFiles/Phylotastic_SLS_WebServices/support/species_list_service.py changed.
[22/Oct/2017:19:32:36] ENGINE Stopped thread 'Autoreloader'.
[22/Oct/2017:19:32:36] ENGINE Bus STOPPING
[22/Oct/2017:19:32:36] ENGINE HTTP Server cherrypy._cpwsgi_server.CPWSGIServer(('127.0.0.1', 5005)) shut down
[22/Oct/2017:19:32:36] ENGINE Stopped thread '_TimeoutMonitor'.
[22/Oct/2017:19:32:36] ENGINE Bus STOPPED
[22/Oct/2017:19:32:36] ENGINE Bus EXITING
[22/Oct/2017:19:32:36] ENGINE Bus EXITED
[22/Oct/2017:19:32:36] ENGINE Waiting for child threads to terminate...
[22/Oct/2017:19:32:36] ENGINE Re-spawning Phylotastic_SLS_WebServices_Running.py
[22/Oct/2017:19:32:36] ENGINE Bus STARTING
[22/Oct/2017:19:32:36] ENGINE Started monitor thread 'Autoreloader'.
[22/Oct/2017:19:32:36] ENGINE Started monitor thread '_TimeoutMonitor'.
[22/Oct/2017:19:32:37] ENGINE Serving on http://127.0.0.1:5005
[22/Oct/2017:19:32:37] ENGINE Bus STARTED
[22/Oct/2017:19:43:36] ENGINE Restarting because /home/tayeen/TayeenFolders/PythonFiles/Phylotastic_SLS_WebServices/support/species_list_service.py changed.
[22/Oct/2017:19:43:36] ENGINE Stopped thread 'Autoreloader'.
[22/Oct/2017:19:43:36] ENGINE Bus STOPPING
[22/Oct/2017:19:43:36] ENGINE HTTP Server cherrypy._cpwsgi_server.CPWSGIServer(('127.0.0.1', 5005)) shut down
[22/Oct/2017:19:43:36] ENGINE Stopped thread '_TimeoutMonitor'.
[22/Oct/2017:19:43:36] ENGINE Bus STOPPED
[22/Oct/2017:19:43:36] ENGINE Bus EXITING
[22/Oct/2017:19:43:36] ENGINE Bus EXITED
[22/Oct/2017:19:43:36] ENGINE Waiting for child threads to terminate...
[22/Oct/2017:19:43:36] ENGINE Re-spawning Phylotastic_SLS_WebServices_Running.py
[22/Oct/2017:19:43:36] ENGINE Bus STARTING
[22/Oct/2017:19:43:36] ENGINE Started monitor thread 'Autoreloader'.
[22/Oct/2017:19:43:36] ENGINE Started monitor thread '_TimeoutMonitor'.
[22/Oct/2017:19:43:36] ENGINE Serving on http://127.0.0.1:5005
[22/Oct/2017:19:43:36] ENGINE Bus STARTED
[22/Oct/2017:19:44:34] ENGINE Restarting because /home/tayeen/TayeenFolders/PythonFiles/Phylotastic_SLS_WebServices/support/species_list_service.py changed.
[22/Oct/2017:19:44:34] ENGINE Stopped thread 'Autoreloader'.
[22/Oct/2017:19:44:34] ENGINE Bus STOPPING
[22/Oct/2017:19:44:34] ENGINE HTTP Server cherrypy._cpwsgi_server.CPWSGIServer(('127.0.0.1', 5005)) shut down
[22/Oct/2017:19:44:34] ENGINE Stopped thread '_TimeoutMonitor'.
[22/Oct/2017:19:44:34] ENGINE Bus STOPPED
[22/Oct/2017:19:44:34] ENGINE Bus EXITING
[22/Oct/2017:19:44:34] ENGINE Bus EXITED
[22/Oct/2017:19:44:34] ENGINE Waiting for child threads to terminate...
[22/Oct/2017:19:44:34] ENGINE Re-spawning Phylotastic_SLS_WebServices_Running.py
[22/Oct/2017:19:44:34] ENGINE Bus STARTING
[22/Oct/2017:19:44:34] ENGINE Started monitor thread 'Autoreloader'.
[22/Oct/2017:19:44:34] ENGINE Started monitor thread '_TimeoutMonitor'.
[22/Oct/2017:19:44:34] ENGINE Serving on http://127.0.0.1:5005
[22/Oct/2017:19:44:34] ENGINE Bus STARTED
[22/Oct/2017:19:45:20] ENGINE Restarting because /home/tayeen/TayeenFolders/PythonFiles/Phylotastic_SLS_WebServices/support/species_list_service.py changed.
[22/Oct/2017:19:45:20] ENGINE Stopped thread 'Autoreloader'.
[22/Oct/2017:19:45:20] ENGINE Bus STOPPING
[22/Oct/2017:19:45:20] ENGINE HTTP Server cherrypy._cpwsgi_server.CPWSGIServer(('127.0.0.1', 5005)) shut down
[22/Oct/2017:19:45:20] ENGINE Stopped thread '_TimeoutMonitor'.
[22/Oct/2017:19:45:20] ENGINE Bus STOPPED
[22/Oct/2017:19:45:20] ENGINE Bus EXITING
[22/Oct/2017:19:45:20] ENGINE Bus EXITED
[22/Oct/2017:19:45:20] ENGINE Waiting for child threads to terminate...
[22/Oct/2017:19:45:20] ENGINE Re-spawning Phylotastic_SLS_WebServices_Running.py
[22/Oct/2017:19:45:21] ENGINE Bus STARTING
[22/Oct/2017:19:45:21] ENGINE Started monitor thread 'Autoreloader'.
[22/Oct/2017:19:45:21] ENGINE Started monitor thread '_TimeoutMonitor'.
[22/Oct/2017:19:45:21] ENGINE Serving on http://127.0.0.1:5005
[22/Oct/2017:19:45:21] ENGINE Bus STARTED
[22/Oct/2017:19:45:32] ENGINE Restarting because /home/tayeen/TayeenFolders/PythonFiles/Phylotastic_SLS_WebServices/support/species_list_service.py changed.
[22/Oct/2017:19:45:32] ENGINE Stopped thread 'Autoreloader'.
[22/Oct/2017:19:45:32] ENGINE Bus STOPPING
[22/Oct/2017:19:45:32] ENGINE HTTP Server cherrypy._cpwsgi_server.CPWSGIServer(('127.0.0.1', 5005)) shut down
[22/Oct/2017:19:45:32] ENGINE Stopped thread '_TimeoutMonitor'.
[22/Oct/2017:19:45:32] ENGINE Bus STOPPED
[22/Oct/2017:19:45:32] ENGINE Bus EXITING
[22/Oct/2017:19:45:32] ENGINE Bus EXITED
[22/Oct/2017:19:45:32] ENGINE Waiting for child threads to terminate...
[22/Oct/2017:19:45:32] ENGINE Re-spawning Phylotastic_SLS_WebServices_Running.py
[22/Oct/2017:19:45:32] ENGINE Bus STARTING
[22/Oct/2017:19:45:32] ENGINE Started monitor thread 'Autoreloader'.
[22/Oct/2017:19:45:32] ENGINE Started monitor thread '_TimeoutMonitor'.
[22/Oct/2017:19:45:32] ENGINE Serving on http://127.0.0.1:5005
[22/Oct/2017:19:45:32] ENGINE Bus STARTED
[22/Oct/2017:19:45:55] ENGINE Keyboard Interrupt: shutting down bus
[22/Oct/2017:19:45:55] ENGINE Bus STOPPING
[22/Oct/2017:19:45:55] ENGINE HTTP Server cherrypy._cpwsgi_server.CPWSGIServer(('127.0.0.1', 5005)) shut down
[22/Oct/2017:19:45:55] ENGINE Stopped thread 'Autoreloader'.
[22/Oct/2017:19:45:55] ENGINE Stopped thread '_TimeoutMonitor'.
[22/Oct/2017:19:45:55] ENGINE Bus STOPPED
[22/Oct/2017:19:45:55] ENGINE Bus EXITING
[22/Oct/2017:19:45:55] ENGINE Bus EXITED
[22/Oct/2017:19:45:55] ENGINE Waiting for child threads to terminate...
[22/Oct/2017:20:33:48] ENGINE Bus STARTING
[22/Oct/2017:20:33:48] ENGINE Started monitor thread 'Autoreloader'.
[22/Oct/2017:20:33:48] ENGINE Started monitor thread '_TimeoutMonitor'.
[22/Oct/2017:20:33:48] ENGINE Serving on http://127.0.0.1:5005
[22/Oct/2017:20:33:48] ENGINE Bus STARTED
[22/Oct/2017:20:44:07] ENGINE Restarting because /home/tayeen/TayeenFolders/PythonFiles/Phylotastic_SLS_WebServices/support/species_list_service.py changed.
[22/Oct/2017:20:44:07] ENGINE Stopped thread 'Autoreloader'.
[22/Oct/2017:20:44:07] ENGINE Bus STOPPING
[22/Oct/2017:20:44:07] ENGINE HTTP Server cherrypy._cpwsgi_server.CPWSGIServer(('127.0.0.1', 5005)) shut down
[22/Oct/2017:20:44:07] ENGINE Stopped thread '_TimeoutMonitor'.
[22/Oct/2017:20:44:07] ENGINE Bus STOPPED
[22/Oct/2017:20:44:07] ENGINE Bus EXITING
[22/Oct/2017:20:44:07] ENGINE Bus EXITED
[22/Oct/2017:20:44:07] ENGINE Waiting for child threads to terminate...
[22/Oct/2017:20:44:07] ENGINE Re-spawning Phylotastic_SLS_WebServices_Running.py
[22/Oct/2017:20:44:08] ENGINE Bus STARTING
[22/Oct/2017:20:44:08] ENGINE Started monitor thread 'Autoreloader'.
[22/Oct/2017:20:44:08] ENGINE Started monitor thread '_TimeoutMonitor'.
[22/Oct/2017:20:44:08] ENGINE Serving on http://127.0.0.1:5005
[22/Oct/2017:20:44:08] ENGINE Bus STARTED
[22/Oct/2017:20:46:59] ENGINE Restarting because /home/tayeen/TayeenFolders/PythonFiles/Phylotastic_SLS_WebServices/support/species_list_service.py changed.
[22/Oct/2017:20:46:59] ENGINE Stopped thread 'Autoreloader'.
[22/Oct/2017:20:46:59] ENGINE Bus STOPPING
[22/Oct/2017:20:46:59] ENGINE HTTP Server cherrypy._cpwsgi_server.CPWSGIServer(('127.0.0.1', 5005)) shut down
[22/Oct/2017:20:46:59] ENGINE Stopped thread '_TimeoutMonitor'.
[22/Oct/2017:20:46:59] ENGINE Bus STOPPED
[22/Oct/2017:20:46:59] ENGINE Bus EXITING
[22/Oct/2017:20:46:59] ENGINE Bus EXITED
[22/Oct/2017:20:46:59] ENGINE Waiting for child threads to terminate...
[22/Oct/2017:20:46:59] ENGINE Re-spawning Phylotastic_SLS_WebServices_Running.py
[22/Oct/2017:20:56:46] ENGINE Bus STARTING
[22/Oct/2017:20:56:46] ENGINE Started monitor thread 'Autoreloader'.
[22/Oct/2017:20:56:46] ENGINE Started monitor thread '_TimeoutMonitor'.
[22/Oct/2017:20:56:46] ENGINE Serving on http://127.0.0.1:5005
[22/Oct/2017:20:56:46] ENGINE Bus STARTED
[22/Oct/2017:21:18:17] ENGINE Restarting because /home/tayeen/TayeenFolders/PythonFiles/Phylotastic_SLS_WebServices/support/species_list_service.py changed.
[22/Oct/2017:21:18:17] ENGINE Stopped thread 'Autoreloader'.
[22/Oct/2017:21:18:17] ENGINE Bus STOPPING
[22/Oct/2017:21:18:17] ENGINE HTTP Server cherrypy._cpwsgi_server.CPWSGIServer(('127.0.0.1', 5005)) shut down
[22/Oct/2017:21:18:17] ENGINE Stopped thread '_TimeoutMonitor'.
[22/Oct/2017:21:18:17] ENGINE Bus STOPPED
[22/Oct/2017:21:18:17] ENGINE Bus EXITING
[22/Oct/2017:21:18:17] ENGINE Bus EXITED
[22/Oct/2017:21:18:17] ENGINE Waiting for child threads to terminate...
[22/Oct/2017:21:18:17] ENGINE Re-spawning Phylotastic_SLS_WebServices_Running.py
[22/Oct/2017:21:49:37] ENGINE Bus STARTING
[22/Oct/2017:21:49:37] ENGINE Started monitor thread 'Autoreloader'.
[22/Oct/2017:21:49:37] ENGINE Started monitor thread '_TimeoutMonitor'.
[22/Oct/2017:21:49:38] ENGINE Serving on http://127.0.0.1:5005
[22/Oct/2017:21:49:38] ENGINE Bus STARTED
[22/Oct/2017:22:09:28] ENGINE Restarting because /home/tayeen/TayeenFolders/PythonFiles/Phylotastic_SLS_WebServices/Phylotastic_SLS_WebServices_Running.py changed.
[22/Oct/2017:22:09:28] ENGINE Stopped thread 'Autoreloader'.
[22/Oct/2017:22:09:28] ENGINE Bus STOPPING
[22/Oct/2017:22:09:28] ENGINE HTTP Server cherrypy._cpwsgi_server.CPWSGIServer(('127.0.0.1', 5005)) shut down
[22/Oct/2017:22:09:28] ENGINE Stopped thread '_TimeoutMonitor'.
[22/Oct/2017:22:09:28] ENGINE Bus STOPPED
[22/Oct/2017:22:09:28] ENGINE Bus EXITING
[22/Oct/2017:22:09:28] ENGINE Bus EXITED
[22/Oct/2017:22:09:28] ENGINE Waiting for child threads to terminate...
[22/Oct/2017:22:09:28] ENGINE Re-spawning Phylotastic_SLS_WebServices_Running.py
[22/Oct/2017:22:09:28] ENGINE Bus STARTING
[22/Oct/2017:22:09:28] ENGINE Started monitor thread 'Autoreloader'.
[22/Oct/2017:22:09:28] ENGINE Started monitor thread '_TimeoutMonitor'.
[22/Oct/2017:22:09:28] ENGINE Serving on http://127.0.0.1:5005
[22/Oct/2017:22:09:28] ENGINE Bus STARTED
[22/Oct/2017:22:34:57] ENGINE Restarting because /home/tayeen/TayeenFolders/PythonFiles/Phylotastic_SLS_WebServices/Phylotastic_SLS_WebServices_Running.py changed.
[22/Oct/2017:22:34:57] ENGINE Stopped thread 'Autoreloader'.
[22/Oct/2017:22:34:57] ENGINE Bus STOPPING
[22/Oct/2017:22:34:57] ENGINE HTTP Server cherrypy._cpwsgi_server.CPWSGIServer(('127.0.0.1', 5005)) shut down
[22/Oct/2017:22:34:57] ENGINE Stopped thread '_TimeoutMonitor'.
[22/Oct/2017:22:34:57] ENGINE Bus STOPPED
[22/Oct/2017:22:34:57] ENGINE Bus EXITING
[22/Oct/2017:22:34:57] ENGINE Bus EXITED
[22/Oct/2017:22:34:57] ENGINE Waiting for child threads to terminate...
[22/Oct/2017:22:34:57] ENGINE Re-spawning Phylotastic_SLS_WebServices_Running.py
[22/Oct/2017:22:34:58] ENGINE Bus STARTING
[22/Oct/2017:22:34:58] ENGINE Started monitor thread 'Autoreloader'.
[22/Oct/2017:22:34:58] ENGINE Started monitor thread '_TimeoutMonitor'.
[22/Oct/2017:22:34:58] ENGINE Serving on http://127.0.0.1:5005
[22/Oct/2017:22:34:58] ENGINE Bus STARTED
[22/Oct/2017:22:35:17] ENGINE Keyboard Interrupt: shutting down bus
[22/Oct/2017:22:35:17] ENGINE Bus STOPPING
[22/Oct/2017:22:35:18] ENGINE HTTP Server cherrypy._cpwsgi_server.CPWSGIServer(('127.0.0.1', 5005)) shut down
[22/Oct/2017:22:35:18] ENGINE Stopped thread 'Autoreloader'.
[22/Oct/2017:22:35:18] ENGINE Stopped thread '_TimeoutMonitor'.
[22/Oct/2017:22:35:18] ENGINE Bus STOPPED
[22/Oct/2017:22:35:18] ENGINE Bus EXITING
[22/Oct/2017:22:35:18] ENGINE Bus EXITED
[22/Oct/2017:22:35:18] ENGINE Waiting for child threads to terminate...
[22/Oct/2017:22:35:22] ENGINE Bus STARTING
[22/Oct/2017:22:35:22] ENGINE Started monitor thread 'Autoreloader'.
[22/Oct/2017:22:35:22] ENGINE Started monitor thread '_TimeoutMonitor'.
[22/Oct/2017:22:35:22] ENGINE Serving on http://127.0.0.1:5005
[22/Oct/2017:22:35:22] ENGINE Bus STARTED
[22/Oct/2017:22:36:20] ENGINE Restarting because /home/tayeen/TayeenFolders/PythonFiles/Phylotastic_SLS_WebServices/Phylotastic_SLS_WebServices_Running.py changed.
[22/Oct/2017:22:36:20] ENGINE Stopped thread 'Autoreloader'.
[22/Oct/2017:22:36:20] ENGINE Bus STOPPING
[22/Oct/2017:22:36:20] ENGINE HTTP Server cherrypy._cpwsgi_server.CPWSGIServer(('127.0.0.1', 5005)) shut down
[22/Oct/2017:22:36:20] ENGINE Stopped thread '_TimeoutMonitor'.
[22/Oct/2017:22:36:20] ENGINE Bus STOPPED
[22/Oct/2017:22:36:20] ENGINE Bus EXITING
[22/Oct/2017:22:36:20] ENGINE Bus EXITED
[22/Oct/2017:22:36:21] ENGINE Waiting for child threads to terminate...
[22/Oct/2017:22:36:21] ENGINE Re-spawning Phylotastic_SLS_WebServices_Running.py
[22/Oct/2017:22:36:21] ENGINE Bus STARTING
[22/Oct/2017:22:36:21] ENGINE Started monitor thread 'Autoreloader'.
[22/Oct/2017:22:36:21] ENGINE Started monitor thread '_TimeoutMonitor'.
[22/Oct/2017:22:36:21] ENGINE Serving on http://127.0.0.1:5005
[22/Oct/2017:22:36:21] ENGINE Bus STARTED
[22/Oct/2017:22:36:30] HTTP 
Request Headers:
  Content-Length: 674
  HOST: 127.0.0.1:5005
  Remote-Addr: 127.0.0.1
  ACCEPT: */*
  USER-AGENT: insomnia/5.9.6
  Content-Type: application/json
  ACCEPT-ENCODING: deflate, gzip
[22/Oct/2017:22:36:30] HTTP 
Traceback (most recent call last):
  File "/usr/local/lib/python2.7/dist-packages/cherrypy/_cprequest.py", line 670, in respond
    response.body = self.handler()
  File "/usr/local/lib/python2.7/dist-packages/cherrypy/lib/encoding.py", line 217, in __call__
    self.body = self.oldhandler(*args, **kwargs)
  File "/usr/local/lib/python2.7/dist-packages/cherrypy/lib/jsontools.py", line 63, in json_handler
    value = cherrypy.serving.request._json_inner_handler(*args, **kwargs)
  File "/usr/local/lib/python2.7/dist-packages/cherrypy/_cpdispatch.py", line 60, in __call__
    return self.callable(*self.args, **self.kwargs)
  File "Phylotastic_SLS_WebServices_Running.py", line 201, in replace_species
    service_result = species_list_service.replace_species_in_list(input_json, conn)
  File "/home/tayeen/TayeenFolders/PythonFiles/Phylotastic_SLS_WebServices/support/species_list_service.py", line 446, in replace_species_in_list
    list_metadata = json.loads(get_list_by_id(data_collection, user_id, list_id, True, False))
  File "/usr/lib/python2.7/json/__init__.py", line 338, in loads
    return _default_decoder.decode(s)
  File "/usr/lib/python2.7/json/decoder.py", line 366, in decode
    obj, end = self.raw_decode(s, idx=_w(s, 0).end())
TypeError: expected string or buffer
[22/Oct/2017:22:37:41] ENGINE Restarting because /home/tayeen/TayeenFolders/PythonFiles/Phylotastic_SLS_WebServices/support/species_list_service.py changed.
[22/Oct/2017:22:37:41] ENGINE Stopped thread 'Autoreloader'.
[22/Oct/2017:22:37:41] ENGINE Bus STOPPING
[22/Oct/2017:22:37:41] ENGINE HTTP Server cherrypy._cpwsgi_server.CPWSGIServer(('127.0.0.1', 5005)) shut down
[22/Oct/2017:22:37:41] ENGINE Stopped thread '_TimeoutMonitor'.
[22/Oct/2017:22:37:41] ENGINE Bus STOPPED
[22/Oct/2017:22:37:41] ENGINE Bus EXITING
[22/Oct/2017:22:37:41] ENGINE Bus EXITED
[22/Oct/2017:22:37:42] ENGINE Waiting for child threads to terminate...
[22/Oct/2017:22:37:42] ENGINE Re-spawning Phylotastic_SLS_WebServices_Running.py
[22/Oct/2017:22:37:42] ENGINE Bus STARTING
[22/Oct/2017:22:37:42] ENGINE Started monitor thread 'Autoreloader'.
[22/Oct/2017:22:37:42] ENGINE Started monitor thread '_TimeoutMonitor'.
[22/Oct/2017:22:37:42] ENGINE Serving on http://127.0.0.1:5005
[22/Oct/2017:22:37:42] ENGINE Bus STARTED
[22/Oct/2017:22:39:17] ENGINE Restarting because /home/tayeen/TayeenFolders/PythonFiles/Phylotastic_SLS_WebServices/Phylotastic_SLS_WebServices_Running.py changed.
[22/Oct/2017:22:39:17] ENGINE Stopped thread 'Autoreloader'.
[22/Oct/2017:22:39:17] ENGINE Bus STOPPING
[22/Oct/2017:22:39:17] ENGINE HTTP Server cherrypy._cpwsgi_server.CPWSGIServer(('127.0.0.1', 5005)) shut down
[22/Oct/2017:22:39:17] ENGINE Stopped thread '_TimeoutMonitor'.
[22/Oct/2017:22:39:17] ENGINE Bus STOPPED
[22/Oct/2017:22:39:17] ENGINE Bus EXITING
[22/Oct/2017:22:39:17] ENGINE Bus EXITED
[22/Oct/2017:22:39:17] ENGINE Waiting for child threads to terminate...
[22/Oct/2017:22:39:17] ENGINE Re-spawning Phylotastic_SLS_WebServices_Running.py
[22/Oct/2017:22:39:17] ENGINE Bus STARTING
[22/Oct/2017:22:39:17] ENGINE Started monitor thread 'Autoreloader'.
[22/Oct/2017:22:39:17] ENGINE Started monitor thread '_TimeoutMonitor'.
[22/Oct/2017:22:39:17] ENGINE Serving on http://127.0.0.1:5005
[22/Oct/2017:22:39:17] ENGINE Bus STARTED
[22/Oct/2017:22:52:01] ENGINE Restarting because /home/tayeen/TayeenFolders/PythonFiles/Phylotastic_SLS_WebServices/support/species_list_service.py changed.
[22/Oct/2017:22:52:01] ENGINE Stopped thread 'Autoreloader'.
[22/Oct/2017:22:52:01] ENGINE Bus STOPPING
[22/Oct/2017:22:52:01] ENGINE HTTP Server cherrypy._cpwsgi_server.CPWSGIServer(('127.0.0.1', 5005)) shut down
[22/Oct/2017:22:52:01] ENGINE Stopped thread '_TimeoutMonitor'.
[22/Oct/2017:22:52:01] ENGINE Bus STOPPED
[22/Oct/2017:22:52:01] ENGINE Bus EXITING
[22/Oct/2017:22:52:01] ENGINE Bus EXITED
[22/Oct/2017:22:52:01] ENGINE Waiting for child threads to terminate...
[22/Oct/2017:22:52:01] ENGINE Re-spawning Phylotastic_SLS_WebServices_Running.py
[22/Oct/2017:22:52:02] ENGINE Bus STARTING
[22/Oct/2017:22:52:02] ENGINE Started monitor thread 'Autoreloader'.
[22/Oct/2017:22:52:02] ENGINE Started monitor thread '_TimeoutMonitor'.
[22/Oct/2017:22:52:02] ENGINE Serving on http://127.0.0.1:5005
[22/Oct/2017:22:52:02] ENGINE Bus STARTED
[22/Oct/2017:22:52:20] ENGINE Restarting because /home/tayeen/TayeenFolders/PythonFiles/Phylotastic_SLS_WebServices/support/species_list_service.py changed.
[22/Oct/2017:22:52:20] ENGINE Stopped thread 'Autoreloader'.
[22/Oct/2017:22:52:20] ENGINE Bus STOPPING
[22/Oct/2017:22:52:20] ENGINE HTTP Server cherrypy._cpwsgi_server.CPWSGIServer(('127.0.0.1', 5005)) shut down
[22/Oct/2017:22:52:20] ENGINE Stopped thread '_TimeoutMonitor'.
[22/Oct/2017:22:52:20] ENGINE Bus STOPPED
[22/Oct/2017:22:52:20] ENGINE Bus EXITING
[22/Oct/2017:22:52:20] ENGINE Bus EXITED
[22/Oct/2017:22:52:20] ENGINE Waiting for child threads to terminate...
[22/Oct/2017:22:52:20] ENGINE Re-spawning Phylotastic_SLS_WebServices_Running.py
[22/Oct/2017:22:52:20] ENGINE Bus STARTING
[22/Oct/2017:22:52:20] ENGINE Started monitor thread 'Autoreloader'.
[22/Oct/2017:22:52:20] ENGINE Started monitor thread '_TimeoutMonitor'.
[22/Oct/2017:22:52:20] ENGINE Serving on http://127.0.0.1:5005
[22/Oct/2017:22:52:20] ENGINE Bus STARTED
[22/Oct/2017:22:56:02] ENGINE Restarting because /home/tayeen/TayeenFolders/PythonFiles/Phylotastic_SLS_WebServices/support/species_list_service.py changed.
[22/Oct/2017:22:56:02] ENGINE Stopped thread 'Autoreloader'.
[22/Oct/2017:22:56:02] ENGINE Bus STOPPING
[22/Oct/2017:22:56:02] ENGINE HTTP Server cherrypy._cpwsgi_server.CPWSGIServer(('127.0.0.1', 5005)) shut down
[22/Oct/2017:22:56:02] ENGINE Stopped thread '_TimeoutMonitor'.
[22/Oct/2017:22:56:02] ENGINE Bus STOPPED
[22/Oct/2017:22:56:02] ENGINE Bus EXITING
[22/Oct/2017:22:56:02] ENGINE Bus EXITED
[22/Oct/2017:22:56:02] ENGINE Waiting for child threads to terminate...
[22/Oct/2017:22:56:02] ENGINE Re-spawning Phylotastic_SLS_WebServices_Running.py
[22/Oct/2017:23:05:40] ENGINE Bus STARTING
[22/Oct/2017:23:05:40] ENGINE Started monitor thread 'Autoreloader'.
[22/Oct/2017:23:05:40] ENGINE Started monitor thread '_TimeoutMonitor'.
[22/Oct/2017:23:05:40] ENGINE Serving on http://127.0.0.1:5005
[22/Oct/2017:23:05:40] ENGINE Bus STARTED
[22/Oct/2017:23:09:22] ENGINE Restarting because /home/tayeen/TayeenFolders/PythonFiles/Phylotastic_SLS_WebServices/support/species_list_service.py changed.
[22/Oct/2017:23:09:22] ENGINE Stopped thread 'Autoreloader'.
[22/Oct/2017:23:09:22] ENGINE Bus STOPPING
[22/Oct/2017:23:09:22] ENGINE HTTP Server cherrypy._cpwsgi_server.CPWSGIServer(('127.0.0.1', 5005)) shut down
[22/Oct/2017:23:09:22] ENGINE Stopped thread '_TimeoutMonitor'.
[22/Oct/2017:23:09:22] ENGINE Bus STOPPED
[22/Oct/2017:23:09:22] ENGINE Bus EXITING
[22/Oct/2017:23:09:22] ENGINE Bus EXITED
[22/Oct/2017:23:09:22] ENGINE Waiting for child threads to terminate...
[22/Oct/2017:23:09:22] ENGINE Re-spawning Phylotastic_SLS_WebServices_Running.py
[22/Oct/2017:23:09:22] ENGINE Bus STARTING
[22/Oct/2017:23:09:22] ENGINE Started monitor thread 'Autoreloader'.
[22/Oct/2017:23:09:22] ENGINE Started monitor thread '_TimeoutMonitor'.
[22/Oct/2017:23:09:22] ENGINE Serving on http://127.0.0.1:5005
[22/Oct/2017:23:09:22] ENGINE Bus STARTED
[22/Oct/2017:23:09:26] ENGINE Restarting because /home/tayeen/TayeenFolders/PythonFiles/Phylotastic_SLS_WebServices/support/species_list_service.py changed.
[22/Oct/2017:23:09:26] ENGINE Stopped thread 'Autoreloader'.
[22/Oct/2017:23:09:26] ENGINE Bus STOPPING
[22/Oct/2017:23:09:26] ENGINE HTTP Server cherrypy._cpwsgi_server.CPWSGIServer(('127.0.0.1', 5005)) shut down
[22/Oct/2017:23:09:26] ENGINE Stopped thread '_TimeoutMonitor'.
[22/Oct/2017:23:09:26] ENGINE Bus STOPPED
[22/Oct/2017:23:09:26] ENGINE Bus EXITING
[22/Oct/2017:23:09:26] ENGINE Bus EXITED
[22/Oct/2017:23:09:26] ENGINE Waiting for child threads to terminate...
[22/Oct/2017:23:09:26] ENGINE Re-spawning Phylotastic_SLS_WebServices_Running.py
[22/Oct/2017:23:09:26] ENGINE Bus STARTING
[22/Oct/2017:23:09:26] ENGINE Started monitor thread 'Autoreloader'.
[22/Oct/2017:23:09:26] ENGINE Started monitor thread '_TimeoutMonitor'.
[22/Oct/2017:23:09:26] ENGINE Serving on http://127.0.0.1:5005
[22/Oct/2017:23:09:26] ENGINE Bus STARTED
[22/Oct/2017:23:11:49] ENGINE Restarting because /home/tayeen/TayeenFolders/PythonFiles/Phylotastic_SLS_WebServices/support/species_list_service.py changed.
[22/Oct/2017:23:11:49] ENGINE Stopped thread 'Autoreloader'.
[22/Oct/2017:23:11:49] ENGINE Bus STOPPING
[22/Oct/2017:23:11:49] ENGINE HTTP Server cherrypy._cpwsgi_server.CPWSGIServer(('127.0.0.1', 5005)) shut down
[22/Oct/2017:23:11:49] ENGINE Stopped thread '_TimeoutMonitor'.
[22/Oct/2017:23:11:49] ENGINE Bus STOPPED
[22/Oct/2017:23:11:49] ENGINE Bus EXITING
[22/Oct/2017:23:11:49] ENGINE Bus EXITED
[22/Oct/2017:23:11:50] ENGINE Waiting for child threads to terminate...
[22/Oct/2017:23:11:50] ENGINE Re-spawning Phylotastic_SLS_WebServices_Running.py
[22/Oct/2017:23:11:50] ENGINE Bus STARTING
[22/Oct/2017:23:11:50] ENGINE Started monitor thread 'Autoreloader'.
[22/Oct/2017:23:11:50] ENGINE Started monitor thread '_TimeoutMonitor'.
[22/Oct/2017:23:11:50] ENGINE Serving on http://127.0.0.1:5005
[22/Oct/2017:23:11:50] ENGINE Bus STARTED
[22/Oct/2017:23:21:51] ENGINE Restarting because /home/tayeen/TayeenFolders/PythonFiles/Phylotastic_SLS_WebServices/support/species_list_service.py changed.
[22/Oct/2017:23:21:51] ENGINE Stopped thread 'Autoreloader'.
[22/Oct/2017:23:21:51] ENGINE Bus STOPPING
[22/Oct/2017:23:21:51] ENGINE HTTP Server cherrypy._cpwsgi_server.CPWSGIServer(('127.0.0.1', 5005)) shut down
[22/Oct/2017:23:21:51] ENGINE Stopped thread '_TimeoutMonitor'.
[22/Oct/2017:23:21:51] ENGINE Bus STOPPED
[22/Oct/2017:23:21:51] ENGINE Bus EXITING
[22/Oct/2017:23:21:51] ENGINE Bus EXITED
[22/Oct/2017:23:21:51] ENGINE Waiting for child threads to terminate...
[22/Oct/2017:23:21:51] ENGINE Re-spawning Phylotastic_SLS_WebServices_Running.py
[22/Oct/2017:23:21:51] ENGINE Bus STARTING
[22/Oct/2017:23:21:51] ENGINE Started monitor thread 'Autoreloader'.
[22/Oct/2017:23:21:51] ENGINE Started monitor thread '_TimeoutMonitor'.
[22/Oct/2017:23:21:51] ENGINE Serving on http://127.0.0.1:5005
[22/Oct/2017:23:21:51] ENGINE Bus STARTED
[22/Oct/2017:23:23:59] ENGINE Restarting because /home/tayeen/TayeenFolders/PythonFiles/Phylotastic_SLS_WebServices/Phylotastic_SLS_WebServices_Running.py changed.
[22/Oct/2017:23:23:59] ENGINE Stopped thread 'Autoreloader'.
[22/Oct/2017:23:23:59] ENGINE Bus STOPPING
[22/Oct/2017:23:23:59] ENGINE HTTP Server cherrypy._cpwsgi_server.CPWSGIServer(('127.0.0.1', 5005)) shut down
[22/Oct/2017:23:23:59] ENGINE Stopped thread '_TimeoutMonitor'.
[22/Oct/2017:23:23:59] ENGINE Bus STOPPED
[22/Oct/2017:23:23:59] ENGINE Bus EXITING
[22/Oct/2017:23:23:59] ENGINE Bus EXITED
[22/Oct/2017:23:23:59] ENGINE Waiting for child threads to terminate...
[22/Oct/2017:23:23:59] ENGINE Re-spawning Phylotastic_SLS_WebServices_Running.py
[22/Oct/2017:23:24:00] ENGINE Bus STARTING
[22/Oct/2017:23:24:00] ENGINE Started monitor thread 'Autoreloader'.
[22/Oct/2017:23:24:00] ENGINE Started monitor thread '_TimeoutMonitor'.
[22/Oct/2017:23:24:00] ENGINE Serving on http://127.0.0.1:5005
[22/Oct/2017:23:24:00] ENGINE Bus STARTED
[22/Oct/2017:23:24:31] ENGINE Restarting because /home/tayeen/TayeenFolders/PythonFiles/Phylotastic_SLS_WebServices/support/species_list_service.py changed.
[22/Oct/2017:23:24:31] ENGINE Stopped thread 'Autoreloader'.
[22/Oct/2017:23:24:31] ENGINE Bus STOPPING
[22/Oct/2017:23:24:31] ENGINE HTTP Server cherrypy._cpwsgi_server.CPWSGIServer(('127.0.0.1', 5005)) shut down
[22/Oct/2017:23:24:31] ENGINE Stopped thread '_TimeoutMonitor'.
[22/Oct/2017:23:24:31] ENGINE Bus STOPPED
[22/Oct/2017:23:24:31] ENGINE Bus EXITING
[22/Oct/2017:23:24:31] ENGINE Bus EXITED
[22/Oct/2017:23:24:31] ENGINE Waiting for child threads to terminate...
[22/Oct/2017:23:24:31] ENGINE Re-spawning Phylotastic_SLS_WebServices_Running.py
[22/Oct/2017:23:24:31] ENGINE Bus STARTING
[22/Oct/2017:23:24:31] ENGINE Started monitor thread 'Autoreloader'.
[22/Oct/2017:23:24:31] ENGINE Started monitor thread '_TimeoutMonitor'.
[22/Oct/2017:23:24:31] ENGINE Serving on http://127.0.0.1:5005
[22/Oct/2017:23:24:31] ENGINE Bus STARTED
[22/Oct/2017:23:24:54] ENGINE Restarting because /home/tayeen/TayeenFolders/PythonFiles/Phylotastic_SLS_WebServices/Phylotastic_SLS_WebServices_Running.py changed.
[22/Oct/2017:23:24:54] ENGINE Stopped thread 'Autoreloader'.
[22/Oct/2017:23:24:54] ENGINE Bus STOPPING
[22/Oct/2017:23:24:54] ENGINE HTTP Server cherrypy._cpwsgi_server.CPWSGIServer(('127.0.0.1', 5005)) shut down
[22/Oct/2017:23:24:54] ENGINE Stopped thread '_TimeoutMonitor'.
[22/Oct/2017:23:24:54] ENGINE Bus STOPPED
[22/Oct/2017:23:24:54] ENGINE Bus EXITING
[22/Oct/2017:23:24:54] ENGINE Bus EXITED
[22/Oct/2017:23:24:54] ENGINE Waiting for child threads to terminate...
[22/Oct/2017:23:24:54] ENGINE Re-spawning Phylotastic_SLS_WebServices_Running.py
[22/Oct/2017:23:24:55] ENGINE Bus STARTING
[22/Oct/2017:23:24:55] ENGINE Started monitor thread 'Autoreloader'.
[22/Oct/2017:23:24:55] ENGINE Started monitor thread '_TimeoutMonitor'.
[22/Oct/2017:23:24:55] ENGINE Serving on http://0.0.0.0:5005
[22/Oct/2017:23:24:55] ENGINE Bus STARTED
[22/Oct/2017:23:25:11] ENGINE Restarting because /home/tayeen/TayeenFolders/PythonFiles/Phylotastic_SLS_WebServices/Phylotastic_SLS_WebServices_Running.py changed.
[22/Oct/2017:23:25:11] ENGINE Stopped thread 'Autoreloader'.
[22/Oct/2017:23:25:11] ENGINE Bus STOPPING
[22/Oct/2017:23:25:11] ENGINE HTTP Server cherrypy._cpwsgi_server.CPWSGIServer(('0.0.0.0', 5005)) shut down
[22/Oct/2017:23:25:11] ENGINE Stopped thread '_TimeoutMonitor'.
[22/Oct/2017:23:25:11] ENGINE Bus STOPPED
[22/Oct/2017:23:25:11] ENGINE Bus EXITING
[22/Oct/2017:23:25:11] ENGINE Bus EXITED
[22/Oct/2017:23:25:11] ENGINE Waiting for child threads to terminate...
[22/Oct/2017:23:25:11] ENGINE Re-spawning Phylotastic_SLS_WebServices_Running.py
[22/Oct/2017:23:25:11] ENGINE Bus STARTING
[22/Oct/2017:23:25:11] ENGINE Started monitor thread 'Autoreloader'.
[22/Oct/2017:23:25:11] ENGINE Started monitor thread '_TimeoutMonitor'.
[22/Oct/2017:23:25:11] ENGINE Serving on http://0.0.0.0:5005
[22/Oct/2017:23:25:11] ENGINE Bus STARTED
[22/Oct/2017:23:25:57] ENGINE Keyboard Interrupt: shutting down bus
[22/Oct/2017:23:25:57] ENGINE Bus STOPPING
[22/Oct/2017:23:25:57] ENGINE HTTP Server cherrypy._cpwsgi_server.CPWSGIServer(('0.0.0.0', 5005)) shut down
[22/Oct/2017:23:25:57] ENGINE Stopped thread 'Autoreloader'.
[22/Oct/2017:23:25:57] ENGINE Stopped thread '_TimeoutMonitor'.
[22/Oct/2017:23:25:57] ENGINE Bus STOPPED
[22/Oct/2017:23:25:57] ENGINE Bus EXITING
[22/Oct/2017:23:25:57] ENGINE Bus EXITED
[22/Oct/2017:23:25:57] ENGINE Waiting for child threads to terminate...
